[ 2015-03-13T17:21:25+08:00 ] ::1 /ershou/index.php/Admin/Goods/query?type=1
INFO: [ app_init ] --START--
INFO: Run Behavior\BuildLiteBehavior [ RunTime:0.000020s ]
INFO: [ app_init ] --END-- [ RunTime:0.000922s ]
INFO: [ app_begin ] --START--
INFO: Run Behavior\ReadHtmlCacheBehavior [ RunTime:0.000990s ]
INFO: [ app_begin ] --END-- [ RunTime:0.001063s ]

[ 2015-03-13T17:22:24+08:00 ] ::1 /ershou/index.php/Admin/Goods/query?type=1
INFO: [ app_init ] --START--
INFO: Run Behavior\BuildLiteBehavior [ RunTime:0.000020s ]
INFO: [ app_init ] --END-- [ RunTime:0.000475s ]
INFO: [ app_begin ] --START--
INFO: Run Behavior\ReadHtmlCacheBehavior [ RunTime:0.000650s ]
INFO: [ app_begin ] --END-- [ RunTime:0.000704s ]
SQL: SHOW COLUMNS FROM `tp_goods` [ RunTime:0.1738s ]
SQL: SELECT * FROM `tp_goods` WHERE `type` = '图书教材' AND `end_time` >= '2015-03-13 05:22:24' LIMIT 0,29   [ RunTime:0.0135s ]
NOTIC: [8] Undefined offset: 0 F:\WAMP\apache\htdocs\ershou\Apps\Admin\Controller\GoodsController.class.php 第 248 行.
NOTIC: [8] Undefined offset: 1 F:\WAMP\apache\htdocs\ershou\Apps\Admin\Controller\GoodsController.class.php 第 248 行.

[ 2015-03-13T17:22:35+08:00 ] ::1 /ershou/index.php/Admin/Goods/query?type=1
INFO: [ app_init ] --START--
INFO: Run Behavior\BuildLiteBehavior [ RunTime:0.000013s ]
INFO: [ app_init ] --END-- [ RunTime:0.000317s ]
INFO: [ app_begin ] --START--
INFO: Run Behavior\ReadHtmlCacheBehavior [ RunTime:0.000448s ]
INFO: [ app_begin ] --END-- [ RunTime:0.000493s ]
SQL: SHOW COLUMNS FROM `tp_goods` [ RunTime:0.0043s ]
SQL: SELECT * FROM `tp_goods` WHERE `type` = '图书教材' AND `end_time` >= '2015-03-13 05:22:35' LIMIT 0,29   [ RunTime:0.0005s ]
NOTIC: [8] Undefined offset: 0 F:\WAMP\apache\htdocs\ershou\Apps\Admin\Controller\GoodsController.class.php 第 248 行.
NOTIC: [8] Undefined offset: 1 F:\WAMP\apache\htdocs\ershou\Apps\Admin\Controller\GoodsController.class.php 第 248 行.

[ 2015-03-13T17:23:03+08:00 ] ::1 /ershou/index.php/Admin/Goods/query?type=1
INFO: [ app_init ] --START--
INFO: Run Behavior\BuildLiteBehavior [ RunTime:0.000014s ]
INFO: [ app_init ] --END-- [ RunTime:0.000376s ]
INFO: [ app_begin ] --START--
INFO: Run Behavior\ReadHtmlCacheBehavior [ RunTime:0.000688s ]
INFO: [ app_begin ] --END-- [ RunTime:0.000747s ]
SQL: SHOW COLUMNS FROM `tp_goods` [ RunTime:0.0088s ]
SQL: SELECT * FROM `tp_goods` WHERE `type` = '图书教材' AND `end_time` >= '2015-03-13 05:23:03' LIMIT 0,29   [ RunTime:0.0010s ]
NOTIC: [8] Undefined offset: 0 F:\WAMP\apache\htdocs\ershou\Apps\Admin\Controller\GoodsController.class.php 第 248 行.
NOTIC: [8] Undefined offset: 1 F:\WAMP\apache\htdocs\ershou\Apps\Admin\Controller\GoodsController.class.php 第 248 行.

[ 2015-03-13T17:23:42+08:00 ] ::1 /ershou/index.php/Admin/Goods/query?type=0
INFO: [ app_init ] --START--
INFO: Run Behavior\BuildLiteBehavior [ RunTime:0.000016s ]
INFO: [ app_init ] --END-- [ RunTime:0.000373s ]
INFO: [ app_begin ] --START--
INFO: Run Behavior\ReadHtmlCacheBehavior [ RunTime:0.000611s ]
INFO: [ app_begin ] --END-- [ RunTime:0.000671s ]
SQL: SHOW COLUMNS FROM `tp_goods` [ RunTime:0.0084s ]
SQL: SELECT * FROM `tp_goods` WHERE `end_time` >= '2015-03-13 05:23:42' LIMIT 0,29   [ RunTime:0.0011s ]

[ 2015-03-13T17:24:31+08:00 ] ::1 /ershou/index.php/Admin/Goods/query?type=0
INFO: [ app_init ] --START--
INFO: Run Behavior\BuildLiteBehavior [ RunTime:0.000016s ]
INFO: [ app_init ] --END-- [ RunTime:0.000411s ]
INFO: [ app_begin ] --START--
INFO: Run Behavior\ReadHtmlCacheBehavior [ RunTime:0.000762s ]
INFO: [ app_begin ] --END-- [ RunTime:0.000841s ]
SQL: SHOW COLUMNS FROM `tp_goods` [ RunTime:0.0075s ]
SQL: SELECT * FROM `tp_goods` WHERE `end_time` >= '2015-03-13 05:24:31' LIMIT 0,29   [ RunTime:0.0009s ]
NOTIC: [8] Array to string conversion F:\WAMP\apache\htdocs\ershou\Apps\Admin\Controller\GoodsController.class.php 第 249 行.
NOTIC: [8] Array to string conversion F:\WAMP\apache\htdocs\ershou\Apps\Admin\Controller\GoodsController.class.php 第 249 行.

[ 2015-03-13T17:25:28+08:00 ] ::1 /ershou/index.php/Admin/Goods/query?type=0
INFO: [ app_init ] --START--
INFO: Run Behavior\BuildLiteBehavior [ RunTime:0.000015s ]
INFO: [ app_init ] --END-- [ RunTime:0.000447s ]
INFO: [ app_begin ] --START--
INFO: Run Behavior\ReadHtmlCacheBehavior [ RunTime:0.000479s ]
INFO: [ app_begin ] --END-- [ RunTime:0.000527s ]
SQL: SHOW COLUMNS FROM `tp_goods` [ RunTime:0.0057s ]
SQL: SELECT * FROM `tp_goods` WHERE `end_time` >= '2015-03-13 05:25:28' LIMIT 0,29   [ RunTime:0.0007s ]
NOTIC: [8] Undefined index: picName F:\WAMP\apache\htdocs\ershou\Apps\Admin\Controller\GoodsController.class.php 第 250 行.
NOTIC: [8] Undefined index: picName F:\WAMP\apache\htdocs\ershou\Apps\Admin\Controller\GoodsController.class.php 第 250 行.

[ 2015-03-13T17:26:38+08:00 ] ::1 /ershou/index.php/Admin/Goods/query?type=0
INFO: [ app_init ] --START--
INFO: Run Behavior\BuildLiteBehavior [ RunTime:0.000015s ]
INFO: [ app_init ] --END-- [ RunTime:0.000380s ]
INFO: [ app_begin ] --START--
INFO: Run Behavior\ReadHtmlCacheBehavior [ RunTime:0.000562s ]
INFO: [ app_begin ] --END-- [ RunTime:0.000612s ]
SQL: SHOW COLUMNS FROM `tp_goods` [ RunTime:0.0072s ]
SQL: SELECT * FROM `tp_goods` WHERE `end_time` >= '2015-03-13 05:26:38' LIMIT 0,29   [ RunTime:0.0008s ]
NOTIC: [8] Undefined index: picName F:\WAMP\apache\htdocs\ershou\Apps\Admin\Controller\GoodsController.class.php 第 249 行.
NOTIC: [8] Undefined index: picName F:\WAMP\apache\htdocs\ershou\Apps\Admin\Controller\GoodsController.class.php 第 251 行.
NOTIC: [8] Undefined index: picName F:\WAMP\apache\htdocs\ershou\Apps\Admin\Controller\GoodsController.class.php 第 249 行.
NOTIC: [8] Undefined index: picName F:\WAMP\apache\htdocs\ershou\Apps\Admin\Controller\GoodsController.class.php 第 251 行.

[ 2015-03-13T17:26:57+08:00 ] ::1 /ershou/index.php/Admin/Goods/query?type=0
INFO: [ app_init ] --START--
INFO: Run Behavior\BuildLiteBehavior [ RunTime:0.000026s ]
INFO: [ app_init ] --END-- [ RunTime:0.000678s ]
INFO: [ app_begin ] --START--
INFO: Run Behavior\ReadHtmlCacheBehavior [ RunTime:0.000710s ]
INFO: [ app_begin ] --END-- [ RunTime:0.000815s ]
SQL: SHOW COLUMNS FROM `tp_goods` [ RunTime:0.0089s ]
SQL: SELECT * FROM `tp_goods` WHERE `end_time` >= '2015-03-13 05:26:57' LIMIT 0,29   [ RunTime:0.0011s ]
NOTIC: [8] Array to string conversion F:\WAMP\apache\htdocs\ershou\Apps\Admin\Controller\GoodsController.class.php 第 249 行.
NOTIC: [8] Array to string conversion F:\WAMP\apache\htdocs\ershou\Apps\Admin\Controller\GoodsController.class.php 第 251 行.
NOTIC: [8] Array to string conversion F:\WAMP\apache\htdocs\ershou\Apps\Admin\Controller\GoodsController.class.php 第 249 行.
NOTIC: [8] Array to string conversion F:\WAMP\apache\htdocs\ershou\Apps\Admin\Controller\GoodsController.class.php 第 251 行.

[ 2015-03-13T17:27:50+08:00 ] ::1 /ershou/index.php/Admin/Goods/query?type=0
INFO: [ app_init ] --START--
INFO: Run Behavior\BuildLiteBehavior [ RunTime:0.000021s ]
INFO: [ app_init ] --END-- [ RunTime:0.000439s ]
INFO: [ app_begin ] --START--
INFO: Run Behavior\ReadHtmlCacheBehavior [ RunTime:0.000710s ]
INFO: [ app_begin ] --END-- [ RunTime:0.000770s ]
SQL: SHOW COLUMNS FROM `tp_goods` [ RunTime:0.0100s ]
SQL: SELECT * FROM `tp_goods` WHERE `end_time` >= '2015-03-13 05:27:50' LIMIT 0,29   [ RunTime:0.0015s ]

[ 2015-03-13T17:33:54+08:00 ] ::1 /ershou/index.php/Admin/Goods/query?type=0
INFO: [ app_init ] --START--
INFO: Run Behavior\BuildLiteBehavior [ RunTime:0.000015s ]
INFO: [ app_init ] --END-- [ RunTime:0.000375s ]
INFO: [ app_begin ] --START--
INFO: Run Behavior\ReadHtmlCacheBehavior [ RunTime:0.000533s ]
INFO: [ app_begin ] --END-- [ RunTime:0.000580s ]
SQL: SHOW COLUMNS FROM `tp_goods` [ RunTime:0.0085s ]
SQL: SELECT * FROM `tp_goods` WHERE `end_time` >= '2015-03-13 05:33:54' LIMIT 0,29   [ RunTime:0.0011s ]

[ 2015-03-13T17:34:28+08:00 ] ::1 /ershou/index.php/Admin/Goods/query?type=0
INFO: [ app_init ] --START--
INFO: Run Behavior\BuildLiteBehavior [ RunTime:0.000014s ]
INFO: [ app_init ] --END-- [ RunTime:0.000397s ]
INFO: [ app_begin ] --START--
INFO: Run Behavior\ReadHtmlCacheBehavior [ RunTime:0.000522s ]
INFO: [ app_begin ] --END-- [ RunTime:0.000571s ]
SQL: SHOW COLUMNS FROM `tp_goods` [ RunTime:0.0109s ]
SQL: SELECT * FROM `tp_goods` WHERE `end_time` >= '2015-03-13 05:34:28' LIMIT 0,29   [ RunTime:0.0011s ]

[ 2015-03-13T17:44:26+08:00 ] ::1 /ershou/index.php/Admin/Goods/testArray
INFO: [ app_init ] --START--
INFO: Run Behavior\BuildLiteBehavior [ RunTime:0.000022s ]
INFO: [ app_init ] --END-- [ RunTime:0.000551s ]
INFO: [ app_begin ] --START--
INFO: Run Behavior\ReadHtmlCacheBehavior [ RunTime:0.000883s ]
INFO: [ app_begin ] --END-- [ RunTime:0.000961s ]

[ 2015-03-13T17:45:55+08:00 ] ::1 /ershou/index.php/Admin/Goods/query
INFO: [ app_init ] --START--
INFO: Run Behavior\BuildLiteBehavior [ RunTime:0.000016s ]
INFO: [ app_init ] --END-- [ RunTime:0.000742s ]
INFO: [ app_begin ] --START--
INFO: Run Behavior\ReadHtmlCacheBehavior [ RunTime:0.000555s ]
INFO: [ app_begin ] --END-- [ RunTime:0.000665s ]
SQL: SHOW COLUMNS FROM `tp_goods` [ RunTime:0.0075s ]
SQL: SELECT * FROM `tp_goods` WHERE `end_time` >= '2015-03-13 05:45:55' LIMIT 0,29   [ RunTime:0.0009s ]

[ 2015-03-13T17:46:41+08:00 ] ::1 /ershou/index.php/Admin/Goods/query
INFO: [ app_init ] --START--
INFO: Run Behavior\BuildLiteBehavior [ RunTime:0.000015s ]
INFO: [ app_init ] --END-- [ RunTime:0.000364s ]
INFO: [ app_begin ] --START--
INFO: Run Behavior\ReadHtmlCacheBehavior [ RunTime:0.000534s ]
INFO: [ app_begin ] --END-- [ RunTime:0.000583s ]
SQL: SHOW COLUMNS FROM `tp_goods` [ RunTime:0.0046s ]
SQL: SELECT * FROM `tp_goods` WHERE `end_time` >= '2015-03-13 05:46:41' LIMIT 0,29   [ RunTime:0.0007s ]

[ 2015-03-13T17:47:50+08:00 ] ::1 /ershou/index.php/Admin/Goods/query
INFO: [ app_init ] --START--
INFO: Run Behavior\BuildLiteBehavior [ RunTime:0.000016s ]
INFO: [ app_init ] --END-- [ RunTime:0.000404s ]
INFO: [ app_begin ] --START--
INFO: Run Behavior\ReadHtmlCacheBehavior [ RunTime:0.000528s ]
INFO: [ app_begin ] --END-- [ RunTime:0.000584s ]
SQL: SHOW COLUMNS FROM `tp_goods` [ RunTime:0.0029s ]
SQL: SELECT * FROM `tp_goods` WHERE `end_time` >= '2015-03-13 05:47:50' LIMIT 0,29   [ RunTime:0.0004s ]

[ 2015-03-13T17:48:31+08:00 ] ::1 /ershou/index.php/Admin/Goods/testArray
INFO: [ app_init ] --START--
INFO: Run Behavior\BuildLiteBehavior [ RunTime:0.000024s ]
INFO: [ app_init ] --END-- [ RunTime:0.000513s ]
INFO: [ app_begin ] --START--
INFO: Run Behavior\ReadHtmlCacheBehavior [ RunTime:0.001215s ]
INFO: [ app_begin ] --END-- [ RunTime:0.001307s ]

[ 2015-03-13T17:48:51+08:00 ] ::1 /ershou/index.php/Admin/Goods/testArray
INFO: [ app_init ] --START--
INFO: Run Behavior\BuildLiteBehavior [ RunTime:0.000030s ]
INFO: [ app_init ] --END-- [ RunTime:0.000694s ]
INFO: [ app_begin ] --START--
INFO: Run Behavior\ReadHtmlCacheBehavior [ RunTime:0.000919s ]
INFO: [ app_begin ] --END-- [ RunTime:0.001013s ]

[ 2015-03-13T17:58:15+08:00 ] ::1 /ershou/index.php/Admin/Goods/query
INFO: [ app_init ] --START--
INFO: Run Behavior\BuildLiteBehavior [ RunTime:0.000032s ]
INFO: [ app_init ] --END-- [ RunTime:0.000513s ]
INFO: [ app_begin ] --START--
INFO: Run Behavior\ReadHtmlCacheBehavior [ RunTime:0.000692s ]
INFO: [ app_begin ] --END-- [ RunTime:0.000775s ]
SQL: SHOW COLUMNS FROM `tp_goods` [ RunTime:0.0033s ]
SQL: SELECT * FROM `tp_goods` WHERE `end_time` >= '2015-03-13 05:58:15' LIMIT 0,29   [ RunTime:0.0004s ]

[ 2015-03-13T18:11:12+08:00 ] ::1 /ershou/index.php/Admin/Goods/testArray
INFO: [ app_init ] --START--
INFO: Run Behavior\BuildLiteBehavior [ RunTime:0.000015s ]
INFO: [ app_init ] --END-- [ RunTime:0.000422s ]
INFO: [ app_begin ] --START--
INFO: Run Behavior\ReadHtmlCacheBehavior [ RunTime:0.000614s ]
INFO: [ app_begin ] --END-- [ RunTime:0.000664s ]

[ 2015-03-13T18:11:17+08:00 ] ::1 /ershou/index.php/Admin/Goods/testArray
INFO: [ app_init ] --START--
INFO: Run Behavior\BuildLiteBehavior [ RunTime:0.000024s ]
INFO: [ app_init ] --END-- [ RunTime:0.000505s ]
INFO: [ app_begin ] --START--
INFO: Run Behavior\ReadHtmlCacheBehavior [ RunTime:0.000478s ]
INFO: [ app_begin ] --END-- [ RunTime:0.000528s ]

[ 2015-03-13T18:11:22+08:00 ] ::1 /ershou/index.php/Admin/Goods/testArray
INFO: [ app_init ] --START--
INFO: Run Behavior\BuildLiteBehavior [ RunTime:0.000014s ]
INFO: [ app_init ] --END-- [ RunTime:0.000326s ]
INFO: [ app_begin ] --START--
INFO: Run Behavior\ReadHtmlCacheBehavior [ RunTime:0.000448s ]
INFO: [ app_begin ] --END-- [ RunTime:0.000500s ]

[ 2015-03-13T18:11:47+08:00 ] ::1 /ershou/index.php/Admin/Goods/testArray
INFO: [ app_init ] --START--
INFO: Run Behavior\BuildLiteBehavior [ RunTime:0.000015s ]
INFO: [ app_init ] --END-- [ RunTime:0.000402s ]
INFO: [ app_begin ] --START--
INFO: Run Behavior\ReadHtmlCacheBehavior [ RunTime:0.000538s ]
INFO: [ app_begin ] --END-- [ RunTime:0.000595s ]

[ 2015-03-13T18:12:15+08:00 ] ::1 /ershou/index.php/Admin/Goods/testArray
INFO: [ app_init ] --START--
INFO: Run Behavior\BuildLiteBehavior [ RunTime:0.000013s ]
INFO: [ app_init ] --END-- [ RunTime:0.000342s ]
INFO: [ app_begin ] --START--
INFO: Run Behavior\ReadHtmlCacheBehavior [ RunTime:0.000469s ]
INFO: [ app_begin ] --END-- [ RunTime:0.000513s ]

[ 2015-03-13T18:12:39+08:00 ] ::1 /ershou/index.php/Admin/Goods/testArray
INFO: [ app_init ] --START--
INFO: Run Behavior\BuildLiteBehavior [ RunTime:0.000024s ]
INFO: [ app_init ] --END-- [ RunTime:0.000643s ]
INFO: [ app_begin ] --START--
INFO: Run Behavior\ReadHtmlCacheBehavior [ RunTime:0.000736s ]
INFO: [ app_begin ] --END-- [ RunTime:0.000807s ]

[ 2015-03-13T18:13:02+08:00 ] ::1 /ershou/index.php/Admin/Goods/testArray
INFO: [ app_init ] --START--
INFO: Run Behavior\BuildLiteBehavior [ RunTime:0.000015s ]
INFO: [ app_init ] --END-- [ RunTime:0.000403s ]
INFO: [ app_begin ] --START--
INFO: Run Behavior\ReadHtmlCacheBehavior [ RunTime:0.000520s ]
INFO: [ app_begin ] --END-- [ RunTime:0.000566s ]

[ 2015-03-13T18:13:16+08:00 ] ::1 /ershou/index.php/Admin/Goods/testArray
INFO: [ app_init ] --START--
INFO: Run Behavior\BuildLiteBehavior [ RunTime:0.000030s ]
INFO: [ app_init ] --END-- [ RunTime:0.000511s ]
INFO: [ app_begin ] --START--
INFO: Run Behavior\ReadHtmlCacheBehavior [ RunTime:0.000577s ]
INFO: [ app_begin ] --END-- [ RunTime:0.000632s ]

[ 2015-03-13T18:13:33+08:00 ] ::1 /ershou/index.php/Admin/Goods/testArray
INFO: [ app_init ] --START--
INFO: Run Behavior\BuildLiteBehavior [ RunTime:0.000016s ]
INFO: [ app_init ] --END-- [ RunTime:0.000399s ]
INFO: [ app_begin ] --START--
INFO: Run Behavior\ReadHtmlCacheBehavior [ RunTime:0.000588s ]
INFO: [ app_begin ] --END-- [ RunTime:0.000637s ]

[ 2015-03-13T18:14:21+08:00 ] ::1 /ershou/index.php/Admin/Goods/testArray
INFO: [ app_init ] --START--
INFO: Run Behavior\BuildLiteBehavior [ RunTime:0.000015s ]
INFO: [ app_init ] --END-- [ RunTime:0.000347s ]
INFO: [ app_begin ] --START--
INFO: Run Behavior\ReadHtmlCacheBehavior [ RunTime:0.000489s ]
INFO: [ app_begin ] --END-- [ RunTime:0.000535s ]

[ 2015-03-13T18:14:28+08:00 ] ::1 /ershou/index.php/Admin/Goods/testArray
INFO: [ app_init ] --START--
INFO: Run Behavior\BuildLiteBehavior [ RunTime:0.000016s ]
INFO: [ app_init ] --END-- [ RunTime:0.000485s ]
INFO: [ app_begin ] --START--
INFO: Run Behavior\ReadHtmlCacheBehavior [ RunTime:0.001089s ]
INFO: [ app_begin ] --END-- [ RunTime:0.001175s ]

[ 2015-03-13T18:14:49+08:00 ] ::1 /ershou/index.php/Admin/Goods/testArray
INFO: [ app_init ] --START--
INFO: Run Behavior\BuildLiteBehavior [ RunTime:0.000016s ]
INFO: [ app_init ] --END-- [ RunTime:0.000441s ]
INFO: [ app_begin ] --START--
INFO: Run Behavior\ReadHtmlCacheBehavior [ RunTime:0.000571s ]
INFO: [ app_begin ] --END-- [ RunTime:0.000627s ]

[ 2015-03-13T18:14:59+08:00 ] ::1 /ershou/index.php/Admin/Goods/testArray
INFO: [ app_init ] --START--
INFO: Run Behavior\BuildLiteBehavior [ RunTime:0.000016s ]
INFO: [ app_init ] --END-- [ RunTime:0.000405s ]
INFO: [ app_begin ] --START--
INFO: Run Behavior\ReadHtmlCacheBehavior [ RunTime:0.000686s ]
INFO: [ app_begin ] --END-- [ RunTime:0.000753s ]

