[ 2015-03-01T14:57:51+08:00 ] ::1 /ershou/index.php/Admin/Goods
INFO: [ app_init ] --START--
INFO: Run Behavior\BuildLiteBehavior [ RunTime:0.000023s ]
INFO: [ app_init ] --END-- [ RunTime:0.046073s ]
INFO: [ app_begin ] --START--
INFO: Run Behavior\ReadHtmlCacheBehavior [ RunTime:0.053382s ]
INFO: [ app_begin ] --END-- [ RunTime:0.053476s ]
SQL: SHOW COLUMNS FROM `tp_goods` [ RunTime:0.3069s ]
SQL: SELECT * FROM `tp_goods`  [ RunTime:0.0005s ]
INFO: [ view_parse ] --START--
INFO: [ template_filter ] --START--
INFO: Run Behavior\ContentReplaceBehavior [ RunTime:0.000070s ]
INFO: [ template_filter ] --END-- [ RunTime:0.000173s ]
INFO: Run Behavior\ParseTemplateBehavior [ RunTime:0.136333s ]
INFO: [ view_parse ] --END-- [ RunTime:0.136410s ]
INFO: [ view_filter ] --START--
INFO: Run Behavior\WriteHtmlCacheBehavior [ RunTime:0.009959s ]
INFO: [ view_filter ] --END-- [ RunTime:0.010049s ]
INFO: [ app_end ] --START--
INFO: Run Behavior\ShowPageTraceBehavior [ RunTime:0.001029s ]
INFO: [ app_end ] --END-- [ RunTime:0.001080s ]

[ 2015-03-01T14:58:02+08:00 ] ::1 /ershou/index.php/Admin/User
INFO: [ app_init ] --START--
INFO: Run Behavior\BuildLiteBehavior [ RunTime:0.000013s ]
INFO: [ app_init ] --END-- [ RunTime:0.000393s ]
INFO: [ app_begin ] --START--
INFO: Run Behavior\ReadHtmlCacheBehavior [ RunTime:0.000532s ]
INFO: [ app_begin ] --END-- [ RunTime:0.000577s ]
INFO: [ view_parse ] --START--
INFO: [ template_filter ] --START--
INFO: Run Behavior\ContentReplaceBehavior [ RunTime:0.000033s ]
INFO: [ template_filter ] --END-- [ RunTime:0.000091s ]
INFO: Run Behavior\ParseTemplateBehavior [ RunTime:0.060464s ]
INFO: [ view_parse ] --END-- [ RunTime:0.060577s ]
INFO: [ view_filter ] --START--
INFO: Run Behavior\WriteHtmlCacheBehavior [ RunTime:0.000491s ]
INFO: [ view_filter ] --END-- [ RunTime:0.000532s ]
INFO: [ app_end ] --START--
INFO: Run Behavior\ShowPageTraceBehavior [ RunTime:0.000776s ]
INFO: [ app_end ] --END-- [ RunTime:0.000824s ]

[ 2015-03-01T14:58:22+08:00 ] ::1 /ershou/index.php/Admin/User/login
INFO: [ app_init ] --START--
INFO: Run Behavior\BuildLiteBehavior [ RunTime:0.000015s ]
INFO: [ app_init ] --END-- [ RunTime:0.000417s ]
INFO: [ app_begin ] --START--
INFO: Run Behavior\ReadHtmlCacheBehavior [ RunTime:0.000517s ]
INFO: [ app_begin ] --END-- [ RunTime:0.000565s ]
SQL: SHOW COLUMNS FROM `tp_user` [ RunTime:0.0787s ]
SQL: SELECT `password` FROM `tp_user` WHERE `email` = '630248976@qq.com' LIMIT 1   [ RunTime:0.0397s ]

[ 2015-03-01T15:09:06+08:00 ] ::1 /ershou/index.php/Admin/User/login
INFO: [ app_init ] --START--
INFO: Run Behavior\BuildLiteBehavior [ RunTime:0.000019s ]
INFO: [ app_init ] --END-- [ RunTime:0.000857s ]
INFO: [ app_begin ] --START--
INFO: Run Behavior\ReadHtmlCacheBehavior [ RunTime:0.000864s ]
INFO: [ app_begin ] --END-- [ RunTime:0.000957s ]
SQL: SHOW COLUMNS FROM `tp_user` [ RunTime:0.0050s ]
SQL: SELECT `password` FROM `tp_user` WHERE `email` = '630248976@qq.com' LIMIT 1   [ RunTime:0.0003s ]
ERR: Think\Controller:header方法不存在！

[ 2015-03-01T15:09:20+08:00 ] ::1 /ershou/index.php/Admin/User/login
INFO: [ app_init ] --START--
INFO: Run Behavior\BuildLiteBehavior [ RunTime:0.000015s ]
INFO: [ app_init ] --END-- [ RunTime:0.000352s ]
INFO: [ app_begin ] --START--
INFO: Run Behavior\ReadHtmlCacheBehavior [ RunTime:0.000481s ]
INFO: [ app_begin ] --END-- [ RunTime:0.000529s ]
SQL: SHOW COLUMNS FROM `tp_user` [ RunTime:0.0027s ]
SQL: SELECT `password` FROM `tp_user` WHERE `email` = '630248976@qq.com' LIMIT 1   [ RunTime:0.0001s ]

[ 2015-03-01T15:09:51+08:00 ] ::1 /ershou/index.php/Admin/User/register
INFO: [ app_init ] --START--
INFO: Run Behavior\BuildLiteBehavior [ RunTime:0.000015s ]
INFO: [ app_init ] --END-- [ RunTime:0.000356s ]
INFO: [ app_begin ] --START--
INFO: Run Behavior\ReadHtmlCacheBehavior [ RunTime:0.000470s ]
INFO: [ app_begin ] --END-- [ RunTime:0.000517s ]

[ 2015-03-01T15:10:11+08:00 ] ::1 /ershou/index.php/Admin/User/register
INFO: [ app_init ] --START--
INFO: Run Behavior\BuildLiteBehavior [ RunTime:0.000020s ]
INFO: [ app_init ] --END-- [ RunTime:0.000412s ]
INFO: [ app_begin ] --START--
INFO: Run Behavior\ReadHtmlCacheBehavior [ RunTime:0.000691s ]
INFO: [ app_begin ] --END-- [ RunTime:0.000766s ]

[ 2015-03-01T15:12:24+08:00 ] 223.154.195.32 /ershou/index.php/Admin/User/register
INFO: [ app_init ] --START--
INFO: Run Behavior\BuildLiteBehavior [ RunTime:0.000015s ]
INFO: [ app_init ] --END-- [ RunTime:0.000350s ]
INFO: [ app_begin ] --START--
INFO: Run Behavior\ReadHtmlCacheBehavior [ RunTime:0.000519s ]
INFO: [ app_begin ] --END-- [ RunTime:0.000564s ]

[ 2015-03-01T15:12:51+08:00 ] 223.154.195.32 /ershou/index.php/Admin/User/
INFO: [ app_init ] --START--
INFO: Run Behavior\BuildLiteBehavior [ RunTime:0.000014s ]
INFO: [ app_init ] --END-- [ RunTime:0.000346s ]
INFO: [ app_begin ] --START--
INFO: Run Behavior\ReadHtmlCacheBehavior [ RunTime:0.000482s ]
INFO: [ app_begin ] --END-- [ RunTime:0.000534s ]
INFO: [ view_parse ] --START--
INFO: [ template_filter ] --START--
INFO: Run Behavior\ContentReplaceBehavior [ RunTime:0.000033s ]
INFO: [ template_filter ] --END-- [ RunTime:0.000083s ]
INFO: Run Behavior\ParseTemplateBehavior [ RunTime:0.005762s ]
INFO: [ view_parse ] --END-- [ RunTime:0.005810s ]
INFO: [ view_filter ] --START--
INFO: Run Behavior\WriteHtmlCacheBehavior [ RunTime:0.000297s ]
INFO: [ view_filter ] --END-- [ RunTime:0.000337s ]
INFO: [ app_end ] --START--
INFO: Run Behavior\ShowPageTraceBehavior [ RunTime:0.000527s ]
INFO: [ app_end ] --END-- [ RunTime:0.000569s ]

[ 2015-03-01T15:18:36+08:00 ] 223.154.195.32 //ershou/index.php/Admin/User/
INFO: [ app_init ] --START--
INFO: Run Behavior\BuildLiteBehavior [ RunTime:0.000015s ]
INFO: [ app_init ] --END-- [ RunTime:0.000576s ]
INFO: [ app_begin ] --START--
INFO: Run Behavior\ReadHtmlCacheBehavior [ RunTime:0.000620s ]
INFO: [ app_begin ] --END-- [ RunTime:0.000681s ]
INFO: [ view_parse ] --START--
INFO: [ template_filter ] --START--
INFO: Run Behavior\ContentReplaceBehavior [ RunTime:0.000035s ]
INFO: [ template_filter ] --END-- [ RunTime:0.000097s ]
INFO: Run Behavior\ParseTemplateBehavior [ RunTime:0.005706s ]
INFO: [ view_parse ] --END-- [ RunTime:0.005779s ]
INFO: [ view_filter ] --START--
INFO: Run Behavior\WriteHtmlCacheBehavior [ RunTime:0.000362s ]
INFO: [ view_filter ] --END-- [ RunTime:0.000415s ]
INFO: [ app_end ] --START--
INFO: Run Behavior\ShowPageTraceBehavior [ RunTime:0.000729s ]
INFO: [ app_end ] --END-- [ RunTime:0.000811s ]

[ 2015-03-01T15:18:42+08:00 ] 223.154.195.32 /ershou/index.php/Admin/User/
INFO: [ app_init ] --START--
INFO: Run Behavior\BuildLiteBehavior [ RunTime:0.000014s ]
INFO: [ app_init ] --END-- [ RunTime:0.000340s ]
INFO: [ app_begin ] --START--
INFO: Run Behavior\ReadHtmlCacheBehavior [ RunTime:0.000518s ]
INFO: [ app_begin ] --END-- [ RunTime:0.000567s ]
INFO: [ view_parse ] --START--
INFO: [ template_filter ] --START--
INFO: Run Behavior\ContentReplaceBehavior [ RunTime:0.000035s ]
INFO: [ template_filter ] --END-- [ RunTime:0.000093s ]
INFO: Run Behavior\ParseTemplateBehavior [ RunTime:0.006045s ]
INFO: [ view_parse ] --END-- [ RunTime:0.006093s ]
INFO: [ view_filter ] --START--
INFO: Run Behavior\WriteHtmlCacheBehavior [ RunTime:0.000584s ]
INFO: [ view_filter ] --END-- [ RunTime:0.000630s ]
INFO: [ app_end ] --START--
INFO: Run Behavior\ShowPageTraceBehavior [ RunTime:0.000504s ]
INFO: [ app_end ] --END-- [ RunTime:0.000548s ]

[ 2015-03-01T16:06:25+08:00 ] ::1 /ershou/index.php/Admin/User/login
INFO: [ app_init ] --START--
INFO: Run Behavior\BuildLiteBehavior [ RunTime:0.000020s ]
INFO: [ app_init ] --END-- [ RunTime:0.000402s ]
INFO: [ app_begin ] --START--
INFO: Run Behavior\ReadHtmlCacheBehavior [ RunTime:0.000551s ]
INFO: [ app_begin ] --END-- [ RunTime:0.000602s ]
SQL: SHOW COLUMNS FROM `tp_user` [ RunTime:0.0028s ]

[ 2015-03-01T16:58:08+08:00 ] 223.154.195.32 /ershou/index.php/Admin/User/login
INFO: [ app_init ] --START--
INFO: Run Behavior\BuildLiteBehavior [ RunTime:0.000015s ]
INFO: [ app_init ] --END-- [ RunTime:0.000384s ]
INFO: [ app_begin ] --START--
INFO: Run Behavior\ReadHtmlCacheBehavior [ RunTime:0.000614s ]
INFO: [ app_begin ] --END-- [ RunTime:0.000670s ]
SQL: SHOW COLUMNS FROM `tp_user` [ RunTime:0.0083s ]

[ 2015-03-01T17:08:18+08:00 ] 223.154.195.32 /ershou/index.php/Admin/User/login
INFO: [ app_init ] --START--
INFO: Run Behavior\BuildLiteBehavior [ RunTime:0.000015s ]
INFO: [ app_init ] --END-- [ RunTime:0.000366s ]
INFO: [ app_begin ] --START--
INFO: Run Behavior\ReadHtmlCacheBehavior [ RunTime:0.000578s ]
INFO: [ app_begin ] --END-- [ RunTime:0.000630s ]
SQL: SHOW COLUMNS FROM `tp_user` [ RunTime:0.0069s ]

[ 2015-03-01T18:35:56+08:00 ] 118.248.60.24 /ershou/index.php/Admin/User/login
INFO: [ app_init ] --START--
INFO: Run Behavior\BuildLiteBehavior [ RunTime:0.000015s ]
INFO: [ app_init ] --END-- [ RunTime:0.000396s ]
INFO: [ app_begin ] --START--
INFO: Run Behavior\ReadHtmlCacheBehavior [ RunTime:0.000870s ]
INFO: [ app_begin ] --END-- [ RunTime:0.000944s ]
SQL: SHOW COLUMNS FROM `tp_user` [ RunTime:0.0053s ]

[ 2015-03-01T21:35:37+08:00 ] ::1 /ershou/index.php/Admin/Test2/
INFO: [ app_init ] --START--
INFO: Run Behavior\BuildLiteBehavior [ RunTime:0.000039s ]
INFO: [ app_init ] --END-- [ RunTime:0.000450s ]
INFO: [ app_begin ] --START--
INFO: Run Behavior\ReadHtmlCacheBehavior [ RunTime:0.000676s ]
INFO: [ app_begin ] --END-- [ RunTime:0.000732s ]

[ 2015-03-01T21:35:56+08:00 ] ::1 /ershou/index.php/Admin/Test2/
INFO: [ app_init ] --START--
INFO: Run Behavior\BuildLiteBehavior [ RunTime:0.000015s ]
INFO: [ app_init ] --END-- [ RunTime:0.000440s ]
INFO: [ app_begin ] --START--
INFO: Run Behavior\ReadHtmlCacheBehavior [ RunTime:0.000727s ]
INFO: [ app_begin ] --END-- [ RunTime:0.000777s ]
INFO: [ app_end ] --START--
INFO: Run Behavior\ShowPageTraceBehavior [ RunTime:0.000758s ]
INFO: [ app_end ] --END-- [ RunTime:0.000807s ]

[ 2015-03-01T21:36:01+08:00 ] ::1 /ershou/index.php/Admin/Test2/2
INFO: [ app_init ] --START--
INFO: Run Behavior\BuildLiteBehavior [ RunTime:0.000015s ]
INFO: [ app_init ] --END-- [ RunTime:0.000380s ]
INFO: [ app_begin ] --START--
INFO: Run Behavior\ReadHtmlCacheBehavior [ RunTime:0.001051s ]
INFO: [ app_begin ] --END-- [ RunTime:0.001104s ]
ERR: 非法操作:2

[ 2015-03-01T21:36:09+08:00 ] ::1 /ershou/index.php/Admin/Test2/index/
INFO: [ app_init ] --START--
INFO: Run Behavior\BuildLiteBehavior [ RunTime:0.000015s ]
INFO: [ app_init ] --END-- [ RunTime:0.000467s ]
INFO: [ app_begin ] --START--
INFO: Run Behavior\ReadHtmlCacheBehavior [ RunTime:0.000626s ]
INFO: [ app_begin ] --END-- [ RunTime:0.000677s ]
INFO: [ app_end ] --START--
INFO: Run Behavior\ShowPageTraceBehavior [ RunTime:0.000600s ]
INFO: [ app_end ] --END-- [ RunTime:0.000656s ]

[ 2015-03-01T21:36:16+08:00 ] ::1 /ershou/index.php/Admin/Test2/
INFO: [ app_init ] --START--
INFO: Run Behavior\BuildLiteBehavior [ RunTime:0.000025s ]
INFO: [ app_init ] --END-- [ RunTime:0.000411s ]
INFO: [ app_begin ] --START--
INFO: Run Behavior\ReadHtmlCacheBehavior [ RunTime:0.000488s ]
INFO: [ app_begin ] --END-- [ RunTime:0.000533s ]
INFO: [ app_end ] --START--
INFO: Run Behavior\ShowPageTraceBehavior [ RunTime:0.000475s ]
INFO: [ app_end ] --END-- [ RunTime:0.000520s ]

[ 2015-03-01T21:36:22+08:00 ] ::1 /ershou/index.php/Admin/Test2/index/3
INFO: [ app_init ] --START--
INFO: Run Behavior\BuildLiteBehavior [ RunTime:0.000026s ]
INFO: [ app_init ] --END-- [ RunTime:0.000769s ]
INFO: [ app_begin ] --START--
INFO: Run Behavior\ReadHtmlCacheBehavior [ RunTime:0.000772s ]
INFO: [ app_begin ] --END-- [ RunTime:0.000832s ]
INFO: [ app_end ] --START--
INFO: Run Behavior\ShowPageTraceBehavior [ RunTime:0.000698s ]
INFO: [ app_end ] --END-- [ RunTime:0.000748s ]

[ 2015-03-01T21:36:39+08:00 ] ::1 /ershou/index.php/Admin/Test2/index?id=3
INFO: [ app_init ] --START--
INFO: Run Behavior\BuildLiteBehavior [ RunTime:0.000015s ]
INFO: [ app_init ] --END-- [ RunTime:0.000480s ]
INFO: [ app_begin ] --START--
INFO: Run Behavior\ReadHtmlCacheBehavior [ RunTime:0.000771s ]
INFO: [ app_begin ] --END-- [ RunTime:0.000820s ]
INFO: [ app_end ] --START--
INFO: Run Behavior\ShowPageTraceBehavior [ RunTime:0.000871s ]
INFO: [ app_end ] --END-- [ RunTime:0.000925s ]

[ 2015-03-01T21:49:56+08:00 ] ::1 /ershou/index.php/Admin/Test2/index?id=3
INFO: [ app_init ] --START--
INFO: Run Behavior\BuildLiteBehavior [ RunTime:0.000016s ]
INFO: [ app_init ] --END-- [ RunTime:0.000458s ]
INFO: [ app_begin ] --START--
INFO: Run Behavior\ReadHtmlCacheBehavior [ RunTime:0.000981s ]
INFO: [ app_begin ] --END-- [ RunTime:0.001036s ]
INFO: [ app_end ] --START--
INFO: Run Behavior\ShowPageTraceBehavior [ RunTime:0.000772s ]
INFO: [ app_end ] --END-- [ RunTime:0.000847s ]

[ 2015-03-01T21:50:01+08:00 ] ::1 /ershou/index.php/Admin/Test2/index?id=2
INFO: [ app_init ] --START--
INFO: Run Behavior\BuildLiteBehavior [ RunTime:0.000013s ]
INFO: [ app_init ] --END-- [ RunTime:0.000424s ]
INFO: [ app_begin ] --START--
INFO: Run Behavior\ReadHtmlCacheBehavior [ RunTime:0.000682s ]
INFO: [ app_begin ] --END-- [ RunTime:0.000728s ]
INFO: [ app_end ] --START--
INFO: Run Behavior\ShowPageTraceBehavior [ RunTime:0.000668s ]
INFO: [ app_end ] --END-- [ RunTime:0.000721s ]

[ 2015-03-01T21:50:11+08:00 ] ::1 /ershou/index.php/Admin/Test2/index?id=2
INFO: [ app_init ] --START--
INFO: Run Behavior\BuildLiteBehavior [ RunTime:0.000016s ]
INFO: [ app_init ] --END-- [ RunTime:0.000459s ]
INFO: [ app_begin ] --START--
INFO: Run Behavior\ReadHtmlCacheBehavior [ RunTime:0.000720s ]
INFO: [ app_begin ] --END-- [ RunTime:0.000767s ]
INFO: [ app_end ] --START--
INFO: Run Behavior\ShowPageTraceBehavior [ RunTime:0.000747s ]
INFO: [ app_end ] --END-- [ RunTime:0.000794s ]

[ 2015-03-01T21:50:11+08:00 ] ::1 /ershou/index.php/Admin/Test2/index?id=2
INFO: [ app_init ] --START--
INFO: Run Behavior\BuildLiteBehavior [ RunTime:0.000020s ]
INFO: [ app_init ] --END-- [ RunTime:0.000454s ]
INFO: [ app_begin ] --START--
INFO: Run Behavior\ReadHtmlCacheBehavior [ RunTime:0.000695s ]
INFO: [ app_begin ] --END-- [ RunTime:0.000742s ]
INFO: [ app_end ] --START--
INFO: Run Behavior\ShowPageTraceBehavior [ RunTime:0.001328s ]
INFO: [ app_end ] --END-- [ RunTime:0.001396s ]

[ 2015-03-01T21:50:12+08:00 ] ::1 /ershou/index.php/Admin/Test2/index?id=2
INFO: [ app_init ] --START--
INFO: Run Behavior\BuildLiteBehavior [ RunTime:0.000022s ]
INFO: [ app_init ] --END-- [ RunTime:0.000697s ]
INFO: [ app_begin ] --START--
INFO: Run Behavior\ReadHtmlCacheBehavior [ RunTime:0.001152s ]
INFO: [ app_begin ] --END-- [ RunTime:0.001242s ]
INFO: [ app_end ] --START--
INFO: Run Behavior\ShowPageTraceBehavior [ RunTime:0.001159s ]
INFO: [ app_end ] --END-- [ RunTime:0.001240s ]

[ 2015-03-01T21:50:12+08:00 ] ::1 /ershou/index.php/Admin/Test2/index?id=2
INFO: [ app_init ] --START--
INFO: Run Behavior\BuildLiteBehavior [ RunTime:0.000015s ]
INFO: [ app_init ] --END-- [ RunTime:0.000475s ]
INFO: [ app_begin ] --START--
INFO: Run Behavior\ReadHtmlCacheBehavior [ RunTime:0.000998s ]
INFO: [ app_begin ] --END-- [ RunTime:0.001061s ]
INFO: [ app_end ] --START--
INFO: Run Behavior\ShowPageTraceBehavior [ RunTime:0.000757s ]
INFO: [ app_end ] --END-- [ RunTime:0.000818s ]

[ 2015-03-01T22:40:09+08:00 ] ::1 /ershou/index.php/Admin/Goods/query
INFO: [ app_init ] --START--
INFO: Run Behavior\BuildLiteBehavior [ RunTime:0.000022s ]
INFO: [ app_init ] --END-- [ RunTime:0.000533s ]
INFO: [ app_begin ] --START--
INFO: Run Behavior\ReadHtmlCacheBehavior [ RunTime:0.001065s ]
INFO: [ app_begin ] --END-- [ RunTime:0.001158s ]
ERR: Think\Controller:queryGoods方法不存在！

[ 2015-03-01T22:40:56+08:00 ] ::1 /ershou/index.php/Admin/Goods/query
INFO: [ app_init ] --START--
INFO: Run Behavior\BuildLiteBehavior [ RunTime:0.000016s ]
INFO: [ app_init ] --END-- [ RunTime:0.000531s ]
INFO: [ app_begin ] --START--
INFO: Run Behavior\ReadHtmlCacheBehavior [ RunTime:0.000787s ]
INFO: [ app_begin ] --END-- [ RunTime:0.000842s ]
SQL: SHOW COLUMNS FROM `tp_goods` [ RunTime:0.0050s ]
NOTIC: [8] Undefined variable: query F:\WAMP\apache\htdocs\ershou\Apps\Admin\Model\GoodsModel.class.php 第 114 行.
SQL: SELECT * FROM `tp_goods` LIMIT 0,29   [ RunTime:0.0003s ]
INFO: [ app_end ] --START--
INFO: Run Behavior\ShowPageTraceBehavior [ RunTime:0.005101s ]
INFO: [ app_end ] --END-- [ RunTime:0.005172s ]

[ 2015-03-01T22:41:46+08:00 ] ::1 /ershou/index.php/Admin/Goods/query
INFO: [ app_init ] --START--
INFO: Run Behavior\BuildLiteBehavior [ RunTime:0.000023s ]
INFO: [ app_init ] --END-- [ RunTime:0.000632s ]
INFO: [ app_begin ] --START--
INFO: Run Behavior\ReadHtmlCacheBehavior [ RunTime:0.001148s ]
INFO: [ app_begin ] --END-- [ RunTime:0.001246s ]
SQL: SHOW COLUMNS FROM `tp_goods` [ RunTime:0.0043s ]
NOTIC: [8] Undefined variable: query F:\WAMP\apache\htdocs\ershou\Apps\Admin\Model\GoodsModel.class.php 第 114 行.
SQL: SELECT * FROM `tp_goods` LIMIT 0,29   [ RunTime:0.0002s ]

[ 2015-03-01T22:43:42+08:00 ] ::1 /ershou/index.php/Admin/Goods/query?id=1
INFO: [ app_init ] --START--
INFO: Run Behavior\BuildLiteBehavior [ RunTime:0.000015s ]
INFO: [ app_init ] --END-- [ RunTime:0.000458s ]
INFO: [ app_begin ] --START--
INFO: Run Behavior\ReadHtmlCacheBehavior [ RunTime:0.000670s ]
INFO: [ app_begin ] --END-- [ RunTime:0.000719s ]
SQL: SHOW COLUMNS FROM `tp_goods` [ RunTime:0.0037s ]
SQL: SELECT * FROM `tp_goods` WHERE `id` = 1 LIMIT 1   [ RunTime:0.0003s ]

[ 2015-03-01T22:44:03+08:00 ] ::1 /ershou/index.php/Admin/Goods/query?type=0
INFO: [ app_init ] --START--
INFO: Run Behavior\BuildLiteBehavior [ RunTime:0.000015s ]
INFO: [ app_init ] --END-- [ RunTime:0.000409s ]
INFO: [ app_begin ] --START--
INFO: Run Behavior\ReadHtmlCacheBehavior [ RunTime:0.000712s ]
INFO: [ app_begin ] --END-- [ RunTime:0.000769s ]
SQL: SHOW COLUMNS FROM `tp_goods` [ RunTime:0.0033s ]
NOTIC: [8] Undefined variable: query F:\WAMP\apache\htdocs\ershou\Apps\Admin\Model\GoodsModel.class.php 第 114 行.
SQL: SELECT * FROM `tp_goods` LIMIT 0,29   [ RunTime:0.0002s ]

[ 2015-03-01T22:44:54+08:00 ] ::1 /ershou/index.php/Admin/Goods/query?type=9
INFO: [ app_init ] --START--
INFO: Run Behavior\BuildLiteBehavior [ RunTime:0.000015s ]
INFO: [ app_init ] --END-- [ RunTime:0.000488s ]
INFO: [ app_begin ] --START--
INFO: Run Behavior\ReadHtmlCacheBehavior [ RunTime:0.000718s ]
INFO: [ app_begin ] --END-- [ RunTime:0.000769s ]
SQL: SHOW COLUMNS FROM `tp_goods` [ RunTime:0.0032s ]
NOTIC: [8] Undefined variable: query F:\WAMP\apache\htdocs\ershou\Apps\Admin\Model\GoodsModel.class.php 第 114 行.
SQL: SELECT * FROM `tp_goods` LIMIT 0,29   [ RunTime:0.0002s ]

[ 2015-03-01T22:45:10+08:00 ] ::1 /ershou/index.php/Admin/Goods/query/type/9
INFO: [ app_init ] --START--
INFO: Run Behavior\BuildLiteBehavior [ RunTime:0.000054s ]
INFO: [ app_init ] --END-- [ RunTime:0.000642s ]
INFO: [ app_begin ] --START--
INFO: Run Behavior\ReadHtmlCacheBehavior [ RunTime:0.000837s ]
INFO: [ app_begin ] --END-- [ RunTime:0.000924s ]
SQL: SHOW COLUMNS FROM `tp_goods` [ RunTime:0.0076s ]
NOTIC: [8] Undefined variable: query F:\WAMP\apache\htdocs\ershou\Apps\Admin\Model\GoodsModel.class.php 第 114 行.
SQL: SELECT * FROM `tp_goods` LIMIT 0,29   [ RunTime:0.0005s ]

[ 2015-03-01T22:45:29+08:00 ] ::1 /ershou/index.php/Admin/Goods/query/type/9
INFO: [ app_init ] --START--
INFO: Run Behavior\BuildLiteBehavior [ RunTime:0.000017s ]
INFO: [ app_init ] --END-- [ RunTime:0.000477s ]
INFO: [ app_begin ] --START--
INFO: Run Behavior\ReadHtmlCacheBehavior [ RunTime:0.000707s ]
INFO: [ app_begin ] --END-- [ RunTime:0.000764s ]

[ 2015-03-01T22:45:45+08:00 ] ::1 /ershou/index.php/Admin/Goods/query?type=9
INFO: [ app_init ] --START--
INFO: Run Behavior\BuildLiteBehavior [ RunTime:0.000016s ]
INFO: [ app_init ] --END-- [ RunTime:0.000717s ]
INFO: [ app_begin ] --START--
INFO: Run Behavior\ReadHtmlCacheBehavior [ RunTime:0.000673s ]
INFO: [ app_begin ] --END-- [ RunTime:0.000727s ]

[ 2015-03-01T22:46:50+08:00 ] ::1 /ershou/index.php/Admin/Goods/query?title=%E7%A8%8B%E5%BA%8F%E5%91%98
INFO: [ app_init ] --START--
INFO: Run Behavior\BuildLiteBehavior [ RunTime:0.000016s ]
INFO: [ app_init ] --END-- [ RunTime:0.000444s ]
INFO: [ app_begin ] --START--
INFO: Run Behavior\ReadHtmlCacheBehavior [ RunTime:0.000711s ]
INFO: [ app_begin ] --END-- [ RunTime:0.000775s ]
SQL: SHOW COLUMNS FROM `tp_goods` [ RunTime:0.0031s ]
SQL: SELECT * FROM `tp_goods` WHERE `title` LIKE '%程序员%' LIMIT 0,29   [ RunTime:0.0844s ]

[ 2015-03-01T22:47:03+08:00 ] ::1 /ershou/index.php/Admin/Goods/query?title=%E7%A8%8B%E5%BA%8F%E5%91%98%E5%95%8A
INFO: [ app_init ] --START--
INFO: Run Behavior\BuildLiteBehavior [ RunTime:0.000016s ]
INFO: [ app_init ] --END-- [ RunTime:0.001140s ]
INFO: [ app_begin ] --START--
INFO: Run Behavior\ReadHtmlCacheBehavior [ RunTime:0.000795s ]
INFO: [ app_begin ] --END-- [ RunTime:0.000846s ]
SQL: SHOW COLUMNS FROM `tp_goods` [ RunTime:0.0034s ]
SQL: SELECT * FROM `tp_goods` WHERE `title` LIKE '%程序员啊%' LIMIT 0,29   [ RunTime:0.0003s ]

[ 2015-03-01T22:51:52+08:00 ] ::1 /ershou/index.php/Admin/Goods/query?title=%E7%A8%8B%E5%BA%8F%E5%91%98%E5%95%8A
INFO: [ app_init ] --START--
INFO: Run Behavior\BuildLiteBehavior [ RunTime:0.000015s ]
INFO: [ app_init ] --END-- [ RunTime:0.000465s ]
INFO: [ app_begin ] --START--
INFO: Run Behavior\ReadHtmlCacheBehavior [ RunTime:0.000702s ]
INFO: [ app_begin ] --END-- [ RunTime:0.000751s ]
SQL: SHOW COLUMNS FROM `tp_goods` [ RunTime:0.0034s ]
SQL: SELECT * FROM `tp_goods` WHERE `title` LIKE '%程序员啊%' LIMIT 0,29   [ RunTime:0.0002s ]

[ 2015-03-01T22:52:03+08:00 ] ::1 /ershou/index.php/Admin/Goods/query?id=1
INFO: [ app_init ] --START--
INFO: Run Behavior\BuildLiteBehavior [ RunTime:0.000019s ]
INFO: [ app_init ] --END-- [ RunTime:0.000546s ]
INFO: [ app_begin ] --START--
INFO: Run Behavior\ReadHtmlCacheBehavior [ RunTime:0.001050s ]
INFO: [ app_begin ] --END-- [ RunTime:0.001168s ]
SQL: SHOW COLUMNS FROM `tp_goods` [ RunTime:0.0033s ]
SQL: SELECT * FROM `tp_goods` WHERE `id` = 1 LIMIT 1   [ RunTime:0.0002s ]

[ 2015-03-01T22:52:10+08:00 ] ::1 /ershou/index.php/Admin/Goods/query?id=63
INFO: [ app_init ] --START--
INFO: Run Behavior\BuildLiteBehavior [ RunTime:0.000016s ]
INFO: [ app_init ] --END-- [ RunTime:0.000432s ]
INFO: [ app_begin ] --START--
INFO: Run Behavior\ReadHtmlCacheBehavior [ RunTime:0.000730s ]
INFO: [ app_begin ] --END-- [ RunTime:0.000780s ]
SQL: SHOW COLUMNS FROM `tp_goods` [ RunTime:0.0032s ]
SQL: SELECT * FROM `tp_goods` WHERE `id` = 63 LIMIT 1   [ RunTime:0.0003s ]

[ 2015-03-01T22:52:15+08:00 ] ::1 /ershou/index.php/Admin/Goods/query?id=62
INFO: [ app_init ] --START--
INFO: Run Behavior\BuildLiteBehavior [ RunTime:0.000015s ]
INFO: [ app_init ] --END-- [ RunTime:0.000392s ]
INFO: [ app_begin ] --START--
INFO: Run Behavior\ReadHtmlCacheBehavior [ RunTime:0.000667s ]
INFO: [ app_begin ] --END-- [ RunTime:0.000720s ]
SQL: SHOW COLUMNS FROM `tp_goods` [ RunTime:0.0038s ]
SQL: SELECT * FROM `tp_goods` WHERE `id` = 62 LIMIT 1   [ RunTime:0.0003s ]

[ 2015-03-01T22:54:17+08:00 ] ::1 /ershou/index.php/Admin/Goods/query?limitID=0
INFO: [ app_init ] --START--
INFO: Run Behavior\BuildLiteBehavior [ RunTime:0.000015s ]
INFO: [ app_init ] --END-- [ RunTime:0.000389s ]
INFO: [ app_begin ] --START--
INFO: Run Behavior\ReadHtmlCacheBehavior [ RunTime:0.000727s ]
INFO: [ app_begin ] --END-- [ RunTime:0.000795s ]
SQL: SHOW COLUMNS FROM `tp_goods` [ RunTime:0.0039s ]
NOTIC: [8] Undefined variable: query F:\WAMP\apache\htdocs\ershou\Apps\Admin\Model\GoodsModel.class.php 第 114 行.
SQL: SELECT * FROM `tp_goods` LIMIT 0,29   [ RunTime:0.0002s ]

[ 2015-03-01T22:54:21+08:00 ] ::1 /ershou/index.php/Admin/Goods/query?limitID=1
INFO: [ app_init ] --START--
INFO: Run Behavior\BuildLiteBehavior [ RunTime:0.000015s ]
INFO: [ app_init ] --END-- [ RunTime:0.000422s ]
INFO: [ app_begin ] --START--
INFO: Run Behavior\ReadHtmlCacheBehavior [ RunTime:0.000906s ]
INFO: [ app_begin ] --END-- [ RunTime:0.000976s ]
SQL: SHOW COLUMNS FROM `tp_goods` [ RunTime:0.0032s ]
NOTIC: [8] Undefined variable: query F:\WAMP\apache\htdocs\ershou\Apps\Admin\Model\GoodsModel.class.php 第 114 行.
SQL: SELECT * FROM `tp_goods` LIMIT 30,59   [ RunTime:0.0003s ]

[ 2015-03-01T22:55:57+08:00 ] ::1 /ershou/index.php/Admin/Goods/query?limitID=
INFO: [ app_init ] --START--
INFO: Run Behavior\BuildLiteBehavior [ RunTime:0.000016s ]
INFO: [ app_init ] --END-- [ RunTime:0.000413s ]
INFO: [ app_begin ] --START--
INFO: Run Behavior\ReadHtmlCacheBehavior [ RunTime:0.000734s ]
INFO: [ app_begin ] --END-- [ RunTime:0.000798s ]
SQL: SHOW COLUMNS FROM `tp_goods` [ RunTime:0.0047s ]
NOTIC: [8] Undefined variable: query F:\WAMP\apache\htdocs\ershou\Apps\Admin\Model\GoodsModel.class.php 第 114 行.
SQL: SELECT * FROM `tp_goods` LIMIT 0,29   [ RunTime:0.0003s ]

[ 2015-03-01T22:57:12+08:00 ] ::1 /ershou/index.php/Admin/Goods/query?type=8
INFO: [ app_init ] --START--
INFO: Run Behavior\BuildLiteBehavior [ RunTime:0.000018s ]
INFO: [ app_init ] --END-- [ RunTime:0.001420s ]
INFO: [ app_begin ] --START--
INFO: Run Behavior\ReadHtmlCacheBehavior [ RunTime:0.000775s ]
INFO: [ app_begin ] --END-- [ RunTime:0.000831s ]
SQL: SHOW COLUMNS FROM `tp_goods` [ RunTime:0.0039s ]
NOTIC: [8] Undefined variable: query F:\WAMP\apache\htdocs\ershou\Apps\Admin\Model\GoodsModel.class.php 第 114 行.
SQL: SELECT * FROM `tp_goods` LIMIT 0,29   [ RunTime:0.0002s ]

[ 2015-03-01T22:57:56+08:00 ] ::1 /ershou/index.php/Admin/Goods/query?type=8
INFO: [ app_init ] --START--
INFO: Run Behavior\BuildLiteBehavior [ RunTime:0.000015s ]
INFO: [ app_init ] --END-- [ RunTime:0.000401s ]
INFO: [ app_begin ] --START--
INFO: Run Behavior\ReadHtmlCacheBehavior [ RunTime:0.000992s ]
INFO: [ app_begin ] --END-- [ RunTime:0.001073s ]
SQL: SHOW COLUMNS FROM `tp_goods` [ RunTime:0.0095s ]
NOTIC: [8] Undefined variable: query F:\WAMP\apache\htdocs\ershou\Apps\Admin\Model\GoodsModel.class.php 第 114 行.
SQL: SELECT * FROM `tp_goods` LIMIT 0,29   [ RunTime:0.0005s ]

[ 2015-03-01T23:01:44+08:00 ] ::1 /ershou/index.php/Admin/Goods/query?type=8
INFO: [ app_init ] --START--
INFO: Run Behavior\BuildLiteBehavior [ RunTime:0.000015s ]
INFO: [ app_init ] --END-- [ RunTime:0.000422s ]
INFO: [ app_begin ] --START--
INFO: Run Behavior\ReadHtmlCacheBehavior [ RunTime:0.000794s ]
INFO: [ app_begin ] --END-- [ RunTime:0.000876s ]
SQL: SHOW COLUMNS FROM `tp_goods` [ RunTime:0.0040s ]
SQL: SELECT * FROM `tp_goods` WHERE `type` = '全部商品' LIMIT 0,29   [ RunTime:0.0003s ]

