[ 2015-03-05T17:02:59+08:00 ] 183.233.224.195 /ershou/index.php/Admin/
INFO: [ app_init ] --START--
INFO: Run Behavior\BuildLiteBehavior [ RunTime:0.000022s ]
INFO: [ app_init ] --END-- [ RunTime:0.000690s ]
INFO: [ app_begin ] --START--
INFO: Run Behavior\ReadHtmlCacheBehavior [ RunTime:0.000946s ]
INFO: [ app_begin ] --END-- [ RunTime:0.001029s ]
SQL: SHOW COLUMNS FROM `tp_goods` [ RunTime:0.2402s ]
SQL: SELECT COUNT(*) AS tp_count FROM `tp_goods` LIMIT 1   [ RunTime:0.0023s ]
INFO: [ view_parse ] --START--
INFO: [ template_filter ] --START--
INFO: Run Behavior\ContentReplaceBehavior [ RunTime:0.000103s ]
INFO: [ template_filter ] --END-- [ RunTime:0.000245s ]
NOTIC: [8] Undefined variable: list F:\WAMP\apache\htdocs\ershou\Runtime\Cache\Admin\859e94050170c96367cb52465a51a945.php 第 13 行.
INFO: Run Behavior\ParseTemplateBehavior [ RunTime:0.099951s ]
INFO: [ view_parse ] --END-- [ RunTime:0.100088s ]
INFO: [ view_filter ] --START--
INFO: Run Behavior\WriteHtmlCacheBehavior [ RunTime:0.000883s ]
INFO: [ view_filter ] --END-- [ RunTime:0.000994s ]
INFO: [ app_end ] --START--
INFO: Run Behavior\ShowPageTraceBehavior [ RunTime:0.001850s ]
INFO: [ app_end ] --END-- [ RunTime:0.001974s ]

[ 2015-03-05T17:03:01+08:00 ] 183.233.224.199 /ershou/index.php/Admin/
INFO: [ app_init ] --START--
INFO: Run Behavior\BuildLiteBehavior [ RunTime:0.000016s ]
INFO: [ app_init ] --END-- [ RunTime:0.000399s ]
INFO: [ app_begin ] --START--
INFO: Run Behavior\ReadHtmlCacheBehavior [ RunTime:0.000521s ]
INFO: [ app_begin ] --END-- [ RunTime:0.000567s ]
SQL: SHOW COLUMNS FROM `tp_goods` [ RunTime:0.0299s ]
SQL: SELECT COUNT(*) AS tp_count FROM `tp_goods` LIMIT 1   [ RunTime:0.0003s ]
INFO: [ view_parse ] --START--
INFO: [ template_filter ] --START--
INFO: Run Behavior\ContentReplaceBehavior [ RunTime:0.000089s ]
INFO: [ template_filter ] --END-- [ RunTime:0.000210s ]
NOTIC: [8] Undefined variable: list F:\WAMP\apache\htdocs\ershou\Runtime\Cache\Admin\859e94050170c96367cb52465a51a945.php 第 13 行.
INFO: Run Behavior\ParseTemplateBehavior [ RunTime:0.014836s ]
INFO: [ view_parse ] --END-- [ RunTime:0.014955s ]
INFO: [ view_filter ] --START--
INFO: Run Behavior\WriteHtmlCacheBehavior [ RunTime:0.000664s ]
INFO: [ view_filter ] --END-- [ RunTime:0.000770s ]
INFO: [ app_end ] --START--
INFO: Run Behavior\ShowPageTraceBehavior [ RunTime:0.001658s ]
INFO: [ app_end ] --END-- [ RunTime:0.001763s ]

[ 2015-03-05T18:08:08+08:00 ] ::1 /ershou/index.php/Admin/Goods/insert
INFO: [ app_init ] --START--
INFO: Run Behavior\BuildLiteBehavior [ RunTime:0.000016s ]
INFO: [ app_init ] --END-- [ RunTime:0.000433s ]
INFO: [ app_begin ] --START--
INFO: Run Behavior\ReadHtmlCacheBehavior [ RunTime:0.000711s ]
INFO: [ app_begin ] --END-- [ RunTime:0.000763s ]
NOTIC: [8] Undefined variable: action F:\WAMP\apache\htdocs\ershou\Apps\Admin\Controller\CommonController.class.php 第 25 行.
NOTIC: [8] Undefined variable: action F:\WAMP\apache\htdocs\ershou\Apps\Admin\Controller\CommonController.class.php 第 35 行.
NOTIC: [8] Undefined variable: action F:\WAMP\apache\htdocs\ershou\Apps\Admin\Controller\CommonController.class.php 第 35 行.
NOTIC: [8] Undefined variable: action F:\WAMP\apache\htdocs\ershou\Apps\Admin\Controller\CommonController.class.php 第 35 行.
INFO: [ view_parse ] --START--
INFO: [ template_filter ] --START--
INFO: Run Behavior\ContentReplaceBehavior [ RunTime:0.000047s ]
INFO: [ template_filter ] --END-- [ RunTime:0.000109s ]
INFO: Run Behavior\ParseTemplateBehavior [ RunTime:0.417515s ]
INFO: [ view_parse ] --END-- [ RunTime:0.417633s ]
INFO: [ view_filter ] --START--
INFO: Run Behavior\WriteHtmlCacheBehavior [ RunTime:0.001060s ]
INFO: [ view_filter ] --END-- [ RunTime:0.001188s ]

[ 2015-03-05T18:10:03+08:00 ] ::1 /ershou/index.php/Admin/Goods/delete
INFO: [ app_init ] --START--
INFO: Run Behavior\BuildLiteBehavior [ RunTime:0.000024s ]
INFO: [ app_init ] --END-- [ RunTime:0.000590s ]
INFO: [ app_begin ] --START--
INFO: Run Behavior\ReadHtmlCacheBehavior [ RunTime:0.000892s ]
INFO: [ app_begin ] --END-- [ RunTime:0.000993s ]
NOTIC: [8] Undefined variable: action F:\WAMP\apache\htdocs\ershou\Apps\Admin\Controller\CommonController.class.php 第 27 行.
NOTIC: [8] Undefined variable: action F:\WAMP\apache\htdocs\ershou\Apps\Admin\Controller\CommonController.class.php 第 37 行.
NOTIC: [8] Undefined variable: action F:\WAMP\apache\htdocs\ershou\Apps\Admin\Controller\CommonController.class.php 第 37 行.
NOTIC: [8] Undefined variable: action F:\WAMP\apache\htdocs\ershou\Apps\Admin\Controller\CommonController.class.php 第 37 行.

[ 2015-03-05T18:10:42+08:00 ] ::1 /ershou/index.php/Admin/Goods/delete
INFO: [ app_init ] --START--
INFO: Run Behavior\BuildLiteBehavior [ RunTime:0.000015s ]
INFO: [ app_init ] --END-- [ RunTime:0.000443s ]
INFO: [ app_begin ] --START--
INFO: Run Behavior\ReadHtmlCacheBehavior [ RunTime:0.000713s ]
INFO: [ app_begin ] --END-- [ RunTime:0.000794s ]

[ 2015-03-05T18:11:02+08:00 ] ::1 /ershou/index.php/Admin/Goods/delete
INFO: [ app_init ] --START--
INFO: Run Behavior\BuildLiteBehavior [ RunTime:0.000016s ]
INFO: [ app_init ] --END-- [ RunTime:0.000380s ]
INFO: [ app_begin ] --START--
INFO: Run Behavior\ReadHtmlCacheBehavior [ RunTime:0.000554s ]
INFO: [ app_begin ] --END-- [ RunTime:0.000610s ]
NOTIC: [8] Undefined variable: action F:\WAMP\apache\htdocs\ershou\Apps\Admin\Controller\CommonController.class.php 第 27 行.
NOTIC: [8] Undefined variable: action F:\WAMP\apache\htdocs\ershou\Apps\Admin\Controller\CommonController.class.php 第 37 行.
NOTIC: [8] Undefined variable: action F:\WAMP\apache\htdocs\ershou\Apps\Admin\Controller\CommonController.class.php 第 37 行.
NOTIC: [8] Undefined variable: action F:\WAMP\apache\htdocs\ershou\Apps\Admin\Controller\CommonController.class.php 第 37 行.

[ 2015-03-05T18:11:40+08:00 ] ::1 /ershou/index.php/Admin/Goods/delete
INFO: [ app_init ] --START--
INFO: Run Behavior\BuildLiteBehavior [ RunTime:0.000023s ]
INFO: [ app_init ] --END-- [ RunTime:0.000660s ]
INFO: [ app_begin ] --START--
INFO: Run Behavior\ReadHtmlCacheBehavior [ RunTime:0.000686s ]
INFO: [ app_begin ] --END-- [ RunTime:0.000738s ]
NOTIC: [8] Undefined variable: action F:\WAMP\apache\htdocs\ershou\Apps\Admin\Controller\CommonController.class.php 第 26 行.
NOTIC: [8] Undefined variable: action F:\WAMP\apache\htdocs\ershou\Apps\Admin\Controller\CommonController.class.php 第 36 行.
NOTIC: [8] Undefined variable: action F:\WAMP\apache\htdocs\ershou\Apps\Admin\Controller\CommonController.class.php 第 36 行.
NOTIC: [8] Undefined variable: action F:\WAMP\apache\htdocs\ershou\Apps\Admin\Controller\CommonController.class.php 第 36 行.

[ 2015-03-05T18:12:59+08:00 ] ::1 /ershou/index.php/Admin/Goods/delete
INFO: [ app_init ] --START--
INFO: Run Behavior\BuildLiteBehavior [ RunTime:0.000021s ]
INFO: [ app_init ] --END-- [ RunTime:0.000555s ]
INFO: [ app_begin ] --START--
INFO: Run Behavior\ReadHtmlCacheBehavior [ RunTime:0.001013s ]
INFO: [ app_begin ] --END-- [ RunTime:0.001094s ]

[ 2015-03-05T18:13:34+08:00 ] ::1 /ershou/index.php/Admin/Goods/delete
INFO: [ app_init ] --START--
INFO: Run Behavior\BuildLiteBehavior [ RunTime:0.000023s ]
INFO: [ app_init ] --END-- [ RunTime:0.000511s ]
INFO: [ app_begin ] --START--
INFO: Run Behavior\ReadHtmlCacheBehavior [ RunTime:0.000696s ]
INFO: [ app_begin ] --END-- [ RunTime:0.000748s ]
NOTIC: [8] Undefined variable: action F:\WAMP\apache\htdocs\ershou\Apps\Admin\Controller\CommonController.class.php 第 26 行.
NOTIC: [8] Undefined variable: action F:\WAMP\apache\htdocs\ershou\Apps\Admin\Controller\CommonController.class.php 第 36 行.
NOTIC: [8] Undefined variable: action F:\WAMP\apache\htdocs\ershou\Apps\Admin\Controller\CommonController.class.php 第 36 行.
NOTIC: [8] Undefined variable: action F:\WAMP\apache\htdocs\ershou\Apps\Admin\Controller\CommonController.class.php 第 36 行.

[ 2015-03-05T18:13:53+08:00 ] ::1 /ershou/index.php/Admin/Goods/delete
INFO: [ app_init ] --START--
INFO: Run Behavior\BuildLiteBehavior [ RunTime:0.000016s ]
INFO: [ app_init ] --END-- [ RunTime:0.000396s ]
INFO: [ app_begin ] --START--
INFO: Run Behavior\ReadHtmlCacheBehavior [ RunTime:0.000894s ]
INFO: [ app_begin ] --END-- [ RunTime:0.000967s ]
NOTIC: [8] Undefined variable: action F:\WAMP\apache\htdocs\ershou\Apps\Admin\Controller\CommonController.class.php 第 26 行.
NOTIC: [8] Undefined variable: action F:\WAMP\apache\htdocs\ershou\Apps\Admin\Controller\CommonController.class.php 第 36 行.
NOTIC: [8] Undefined variable: action F:\WAMP\apache\htdocs\ershou\Apps\Admin\Controller\CommonController.class.php 第 36 行.
NOTIC: [8] Undefined variable: action F:\WAMP\apache\htdocs\ershou\Apps\Admin\Controller\CommonController.class.php 第 36 行.

[ 2015-03-05T18:14:00+08:00 ] ::1 /ershou/index.php/Admin/Goods/delete
INFO: [ app_init ] --START--
INFO: Run Behavior\BuildLiteBehavior [ RunTime:0.000017s ]
INFO: [ app_init ] --END-- [ RunTime:0.000491s ]
INFO: [ app_begin ] --START--
INFO: Run Behavior\ReadHtmlCacheBehavior [ RunTime:0.000703s ]
INFO: [ app_begin ] --END-- [ RunTime:0.000756s ]
NOTIC: [8] Undefined variable: action F:\WAMP\apache\htdocs\ershou\Apps\Admin\Controller\CommonController.class.php 第 26 行.
NOTIC: [8] Undefined variable: action F:\WAMP\apache\htdocs\ershou\Apps\Admin\Controller\CommonController.class.php 第 36 行.
NOTIC: [8] Undefined variable: action F:\WAMP\apache\htdocs\ershou\Apps\Admin\Controller\CommonController.class.php 第 36 行.
NOTIC: [8] Undefined variable: action F:\WAMP\apache\htdocs\ershou\Apps\Admin\Controller\CommonController.class.php 第 36 行.

[ 2015-03-05T18:14:21+08:00 ] ::1 /ershou/index.php/Admin/Goods/delete
INFO: [ app_init ] --START--
INFO: Run Behavior\BuildLiteBehavior [ RunTime:0.000015s ]
INFO: [ app_init ] --END-- [ RunTime:0.000406s ]
INFO: [ app_begin ] --START--
INFO: Run Behavior\ReadHtmlCacheBehavior [ RunTime:0.000633s ]
INFO: [ app_begin ] --END-- [ RunTime:0.000679s ]
NOTIC: [8] Undefined variable: action F:\WAMP\apache\htdocs\ershou\Apps\Admin\Controller\CommonController.class.php 第 26 行.
NOTIC: [8] Undefined variable: action F:\WAMP\apache\htdocs\ershou\Apps\Admin\Controller\CommonController.class.php 第 36 行.
NOTIC: [8] Undefined variable: action F:\WAMP\apache\htdocs\ershou\Apps\Admin\Controller\CommonController.class.php 第 36 行.
NOTIC: [8] Undefined variable: action F:\WAMP\apache\htdocs\ershou\Apps\Admin\Controller\CommonController.class.php 第 36 行.

[ 2015-03-05T18:14:23+08:00 ] ::1 /ershou/index.php/Admin/Goods/delete
INFO: [ app_init ] --START--
INFO: Run Behavior\BuildLiteBehavior [ RunTime:0.000015s ]
INFO: [ app_init ] --END-- [ RunTime:0.000389s ]
INFO: [ app_begin ] --START--
INFO: Run Behavior\ReadHtmlCacheBehavior [ RunTime:0.000990s ]
INFO: [ app_begin ] --END-- [ RunTime:0.001037s ]
NOTIC: [8] Undefined variable: action F:\WAMP\apache\htdocs\ershou\Apps\Admin\Controller\CommonController.class.php 第 26 行.
NOTIC: [8] Undefined variable: action F:\WAMP\apache\htdocs\ershou\Apps\Admin\Controller\CommonController.class.php 第 36 行.
NOTIC: [8] Undefined variable: action F:\WAMP\apache\htdocs\ershou\Apps\Admin\Controller\CommonController.class.php 第 36 行.
NOTIC: [8] Undefined variable: action F:\WAMP\apache\htdocs\ershou\Apps\Admin\Controller\CommonController.class.php 第 36 行.

[ 2015-03-05T18:14:23+08:00 ] ::1 /ershou/index.php/Admin/Goods/delete
INFO: [ app_init ] --START--
INFO: Run Behavior\BuildLiteBehavior [ RunTime:0.000014s ]
INFO: [ app_init ] --END-- [ RunTime:0.000383s ]
INFO: [ app_begin ] --START--
INFO: Run Behavior\ReadHtmlCacheBehavior [ RunTime:0.000692s ]
INFO: [ app_begin ] --END-- [ RunTime:0.000745s ]
NOTIC: [8] Undefined variable: action F:\WAMP\apache\htdocs\ershou\Apps\Admin\Controller\CommonController.class.php 第 26 行.
NOTIC: [8] Undefined variable: action F:\WAMP\apache\htdocs\ershou\Apps\Admin\Controller\CommonController.class.php 第 36 行.
NOTIC: [8] Undefined variable: action F:\WAMP\apache\htdocs\ershou\Apps\Admin\Controller\CommonController.class.php 第 36 行.
NOTIC: [8] Undefined variable: action F:\WAMP\apache\htdocs\ershou\Apps\Admin\Controller\CommonController.class.php 第 36 行.

[ 2015-03-05T18:14:23+08:00 ] ::1 /ershou/index.php/Admin/Goods/delete
INFO: [ app_init ] --START--
INFO: Run Behavior\BuildLiteBehavior [ RunTime:0.000015s ]
INFO: [ app_init ] --END-- [ RunTime:0.000400s ]
INFO: [ app_begin ] --START--
INFO: Run Behavior\ReadHtmlCacheBehavior [ RunTime:0.000717s ]
INFO: [ app_begin ] --END-- [ RunTime:0.000763s ]
NOTIC: [8] Undefined variable: action F:\WAMP\apache\htdocs\ershou\Apps\Admin\Controller\CommonController.class.php 第 26 行.
NOTIC: [8] Undefined variable: action F:\WAMP\apache\htdocs\ershou\Apps\Admin\Controller\CommonController.class.php 第 36 行.
NOTIC: [8] Undefined variable: action F:\WAMP\apache\htdocs\ershou\Apps\Admin\Controller\CommonController.class.php 第 36 行.
NOTIC: [8] Undefined variable: action F:\WAMP\apache\htdocs\ershou\Apps\Admin\Controller\CommonController.class.php 第 36 行.

[ 2015-03-05T18:16:53+08:00 ] ::1 /ershou/index.php/Admin/Goods/delete
INFO: [ app_init ] --START--
INFO: Run Behavior\BuildLiteBehavior [ RunTime:0.000016s ]
INFO: [ app_init ] --END-- [ RunTime:0.000439s ]
INFO: [ app_begin ] --START--
INFO: Run Behavior\ReadHtmlCacheBehavior [ RunTime:0.001040s ]
INFO: [ app_begin ] --END-- [ RunTime:0.001112s ]
NOTIC: [8] Undefined variable: action F:\WAMP\apache\htdocs\ershou\Apps\Admin\Controller\CommonController.class.php 第 25 行.
NOTIC: [8] Undefined variable: action F:\WAMP\apache\htdocs\ershou\Apps\Admin\Controller\CommonController.class.php 第 35 行.
NOTIC: [8] Undefined variable: action F:\WAMP\apache\htdocs\ershou\Apps\Admin\Controller\CommonController.class.php 第 35 行.
NOTIC: [8] Undefined variable: action F:\WAMP\apache\htdocs\ershou\Apps\Admin\Controller\CommonController.class.php 第 35 行.

[ 2015-03-05T18:17:36+08:00 ] ::1 /ershou/index.php/Admin/Goods/delete
INFO: [ app_init ] --START--
INFO: Run Behavior\BuildLiteBehavior [ RunTime:0.000020s ]
INFO: [ app_init ] --END-- [ RunTime:0.000485s ]
INFO: [ app_begin ] --START--
INFO: Run Behavior\ReadHtmlCacheBehavior [ RunTime:0.000738s ]
INFO: [ app_begin ] --END-- [ RunTime:0.000798s ]
NOTIC: [8] Undefined variable: action F:\WAMP\apache\htdocs\ershou\Apps\Admin\Controller\CommonController.class.php 第 25 行.
NOTIC: [8] Undefined variable: action F:\WAMP\apache\htdocs\ershou\Apps\Admin\Controller\CommonController.class.php 第 34 行.
NOTIC: [8] Undefined variable: action F:\WAMP\apache\htdocs\ershou\Apps\Admin\Controller\CommonController.class.php 第 38 行.
NOTIC: [8] Undefined variable: action F:\WAMP\apache\htdocs\ershou\Apps\Admin\Controller\CommonController.class.php 第 38 行.
NOTIC: [8] Undefined variable: action F:\WAMP\apache\htdocs\ershou\Apps\Admin\Controller\CommonController.class.php 第 38 行.

[ 2015-03-05T18:17:44+08:00 ] ::1 /ershou/index.php/Admin/Goods/delete
INFO: [ app_init ] --START--
INFO: Run Behavior\BuildLiteBehavior [ RunTime:0.000022s ]
INFO: [ app_init ] --END-- [ RunTime:0.000517s ]
INFO: [ app_begin ] --START--
INFO: Run Behavior\ReadHtmlCacheBehavior [ RunTime:0.000843s ]
INFO: [ app_begin ] --END-- [ RunTime:0.000898s ]
NOTIC: [8] Undefined variable: action F:\WAMP\apache\htdocs\ershou\Apps\Admin\Controller\CommonController.class.php 第 25 行.
NOTIC: [8] Undefined variable: action F:\WAMP\apache\htdocs\ershou\Apps\Admin\Controller\CommonController.class.php 第 34 行.
NOTIC: [8] Undefined variable: action F:\WAMP\apache\htdocs\ershou\Apps\Admin\Controller\CommonController.class.php 第 38 行.
NOTIC: [8] Undefined variable: action F:\WAMP\apache\htdocs\ershou\Apps\Admin\Controller\CommonController.class.php 第 38 行.
NOTIC: [8] Undefined variable: action F:\WAMP\apache\htdocs\ershou\Apps\Admin\Controller\CommonController.class.php 第 38 行.

[ 2015-03-05T18:17:54+08:00 ] ::1 /ershou/index.php/Admin/Goods/delete
INFO: [ app_init ] --START--
INFO: Run Behavior\BuildLiteBehavior [ RunTime:0.000016s ]
INFO: [ app_init ] --END-- [ RunTime:0.000388s ]
INFO: [ app_begin ] --START--
INFO: Run Behavior\ReadHtmlCacheBehavior [ RunTime:0.000648s ]
INFO: [ app_begin ] --END-- [ RunTime:0.000696s ]
NOTIC: [8] Undefined variable: action F:\WAMP\apache\htdocs\ershou\Apps\Admin\Controller\CommonController.class.php 第 25 行.
NOTIC: [8] Undefined variable: action F:\WAMP\apache\htdocs\ershou\Apps\Admin\Controller\CommonController.class.php 第 34 行.
NOTIC: [8] Undefined variable: action F:\WAMP\apache\htdocs\ershou\Apps\Admin\Controller\CommonController.class.php 第 35 行.
NOTIC: [8] Undefined variable: action F:\WAMP\apache\htdocs\ershou\Apps\Admin\Controller\CommonController.class.php 第 38 行.
NOTIC: [8] Undefined variable: action F:\WAMP\apache\htdocs\ershou\Apps\Admin\Controller\CommonController.class.php 第 38 行.
NOTIC: [8] Undefined variable: action F:\WAMP\apache\htdocs\ershou\Apps\Admin\Controller\CommonController.class.php 第 38 行.

[ 2015-03-05T18:19:08+08:00 ] ::1 /ershou/index.php/Admin/Goods/delete
INFO: [ app_init ] --START--
INFO: Run Behavior\BuildLiteBehavior [ RunTime:0.000021s ]
INFO: [ app_init ] --END-- [ RunTime:0.000653s ]
INFO: [ app_begin ] --START--
INFO: Run Behavior\ReadHtmlCacheBehavior [ RunTime:0.000714s ]
INFO: [ app_begin ] --END-- [ RunTime:0.000765s ]
NOTIC: [8] Undefined variable: action F:\WAMP\apache\htdocs\ershou\Apps\Admin\Controller\CommonController.class.php 第 12 行.
NOTIC: [8] Undefined variable: controller F:\WAMP\apache\htdocs\ershou\Apps\Admin\Controller\CommonController.class.php 第 13 行.
NOTIC: [8] Undefined variable: action F:\WAMP\apache\htdocs\ershou\Apps\Admin\Controller\CommonController.class.php 第 14 行.
NOTIC: [8] Array to string conversion F:\WAMP\apache\htdocs\ershou\Apps\Admin\Controller\CommonController.class.php 第 14 行.
NOTIC: [8] Undefined variable: controller F:\WAMP\apache\htdocs\ershou\Apps\Admin\Controller\CommonController.class.php 第 14 行.
NOTIC: [8] Array to string conversion F:\WAMP\apache\htdocs\ershou\Apps\Admin\Controller\CommonController.class.php 第 14 行.
NOTIC: [8] Undefined variable: controller F:\WAMP\apache\htdocs\ershou\Apps\Admin\Controller\CommonController.class.php 第 16 行.
NOTIC: [8] Undefined variable: controller F:\WAMP\apache\htdocs\ershou\Apps\Admin\Controller\CommonController.class.php 第 16 行.
NOTIC: [8] Undefined variable: controller F:\WAMP\apache\htdocs\ershou\Apps\Admin\Controller\CommonController.class.php 第 18 行.
NOTIC: [8] Undefined variable: controller F:\WAMP\apache\htdocs\ershou\Apps\Admin\Controller\CommonController.class.php 第 18 行.

[ 2015-03-05T18:19:33+08:00 ] ::1 /ershou/index.php/Admin/Goods/delete
INFO: [ app_init ] --START--
INFO: Run Behavior\BuildLiteBehavior [ RunTime:0.000016s ]
INFO: [ app_init ] --END-- [ RunTime:0.000403s ]
INFO: [ app_begin ] --START--
INFO: Run Behavior\ReadHtmlCacheBehavior [ RunTime:0.000741s ]
INFO: [ app_begin ] --END-- [ RunTime:0.000805s ]
NOTIC: [8] Undefined variable: action F:\WAMP\apache\htdocs\ershou\Apps\Admin\Controller\CommonController.class.php 第 12 行.
NOTIC: [8] Undefined variable: controller F:\WAMP\apache\htdocs\ershou\Apps\Admin\Controller\CommonController.class.php 第 13 行.
NOTIC: [8] Undefined variable: action F:\WAMP\apache\htdocs\ershou\Apps\Admin\Controller\CommonController.class.php 第 14 行.
NOTIC: [8] Array to string conversion F:\WAMP\apache\htdocs\ershou\Apps\Admin\Controller\CommonController.class.php 第 14 行.
NOTIC: [8] Undefined variable: controller F:\WAMP\apache\htdocs\ershou\Apps\Admin\Controller\CommonController.class.php 第 14 行.
NOTIC: [8] Array to string conversion F:\WAMP\apache\htdocs\ershou\Apps\Admin\Controller\CommonController.class.php 第 14 行.
NOTIC: [8] Undefined variable: controller F:\WAMP\apache\htdocs\ershou\Apps\Admin\Controller\CommonController.class.php 第 16 行.
NOTIC: [8] Undefined variable: controller F:\WAMP\apache\htdocs\ershou\Apps\Admin\Controller\CommonController.class.php 第 16 行.
NOTIC: [8] Undefined variable: controller F:\WAMP\apache\htdocs\ershou\Apps\Admin\Controller\CommonController.class.php 第 18 行.
NOTIC: [8] Undefined variable: controller F:\WAMP\apache\htdocs\ershou\Apps\Admin\Controller\CommonController.class.php 第 18 行.

[ 2015-03-05T18:19:38+08:00 ] ::1 /ershou/index.php/Admin/Goods/delete
INFO: [ app_init ] --START--
INFO: Run Behavior\BuildLiteBehavior [ RunTime:0.000023s ]
INFO: [ app_init ] --END-- [ RunTime:0.000607s ]
INFO: [ app_begin ] --START--
INFO: Run Behavior\ReadHtmlCacheBehavior [ RunTime:0.000732s ]
INFO: [ app_begin ] --END-- [ RunTime:0.000783s ]
NOTIC: [8] Undefined variable: action F:\WAMP\apache\htdocs\ershou\Apps\Admin\Controller\CommonController.class.php 第 12 行.
NOTIC: [8] Undefined variable: controller F:\WAMP\apache\htdocs\ershou\Apps\Admin\Controller\CommonController.class.php 第 13 行.
NOTIC: [8] Undefined variable: action F:\WAMP\apache\htdocs\ershou\Apps\Admin\Controller\CommonController.class.php 第 14 行.
NOTIC: [8] Array to string conversion F:\WAMP\apache\htdocs\ershou\Apps\Admin\Controller\CommonController.class.php 第 14 行.
NOTIC: [8] Undefined variable: controller F:\WAMP\apache\htdocs\ershou\Apps\Admin\Controller\CommonController.class.php 第 14 行.
NOTIC: [8] Array to string conversion F:\WAMP\apache\htdocs\ershou\Apps\Admin\Controller\CommonController.class.php 第 14 行.
NOTIC: [8] Undefined variable: controller F:\WAMP\apache\htdocs\ershou\Apps\Admin\Controller\CommonController.class.php 第 16 行.
NOTIC: [8] Undefined variable: controller F:\WAMP\apache\htdocs\ershou\Apps\Admin\Controller\CommonController.class.php 第 16 行.
NOTIC: [8] Undefined variable: controller F:\WAMP\apache\htdocs\ershou\Apps\Admin\Controller\CommonController.class.php 第 18 行.
NOTIC: [8] Undefined variable: controller F:\WAMP\apache\htdocs\ershou\Apps\Admin\Controller\CommonController.class.php 第 18 行.

[ 2015-03-05T18:19:47+08:00 ] ::1 /ershou/index.php/Admin/Goods/delete
INFO: [ app_init ] --START--
INFO: Run Behavior\BuildLiteBehavior [ RunTime:0.000020s ]
INFO: [ app_init ] --END-- [ RunTime:0.000615s ]
INFO: [ app_begin ] --START--
INFO: Run Behavior\ReadHtmlCacheBehavior [ RunTime:0.001096s ]
INFO: [ app_begin ] --END-- [ RunTime:0.001179s ]
NOTIC: [8] Undefined variable: action F:\WAMP\apache\htdocs\ershou\Apps\Admin\Controller\CommonController.class.php 第 12 行.
NOTIC: [8] Undefined variable: controller F:\WAMP\apache\htdocs\ershou\Apps\Admin\Controller\CommonController.class.php 第 13 行.
NOTIC: [8] Undefined variable: action F:\WAMP\apache\htdocs\ershou\Apps\Admin\Controller\CommonController.class.php 第 14 行.
NOTIC: [8] Array to string conversion F:\WAMP\apache\htdocs\ershou\Apps\Admin\Controller\CommonController.class.php 第 14 行.
NOTIC: [8] Undefined variable: controller F:\WAMP\apache\htdocs\ershou\Apps\Admin\Controller\CommonController.class.php 第 14 行.
NOTIC: [8] Array to string conversion F:\WAMP\apache\htdocs\ershou\Apps\Admin\Controller\CommonController.class.php 第 14 行.
NOTIC: [8] Undefined variable: controller F:\WAMP\apache\htdocs\ershou\Apps\Admin\Controller\CommonController.class.php 第 16 行.
NOTIC: [8] Undefined variable: controller F:\WAMP\apache\htdocs\ershou\Apps\Admin\Controller\CommonController.class.php 第 16 行.
NOTIC: [8] Undefined variable: controller F:\WAMP\apache\htdocs\ershou\Apps\Admin\Controller\CommonController.class.php 第 18 行.
NOTIC: [8] Undefined variable: controller F:\WAMP\apache\htdocs\ershou\Apps\Admin\Controller\CommonController.class.php 第 18 行.

[ 2015-03-05T18:20:01+08:00 ] ::1 /ershou/index.php/Admin/Goods/delete
INFO: [ app_init ] --START--
INFO: Run Behavior\BuildLiteBehavior [ RunTime:0.000015s ]
INFO: [ app_init ] --END-- [ RunTime:0.000374s ]
INFO: [ app_begin ] --START--
INFO: Run Behavior\ReadHtmlCacheBehavior [ RunTime:0.000654s ]
INFO: [ app_begin ] --END-- [ RunTime:0.000701s ]
NOTIC: [8] Undefined variable: action F:\WAMP\apache\htdocs\ershou\Apps\Admin\Controller\CommonController.class.php 第 12 行.
NOTIC: [8] Undefined variable: controller F:\WAMP\apache\htdocs\ershou\Apps\Admin\Controller\CommonController.class.php 第 13 行.
NOTIC: [8] Undefined variable: action F:\WAMP\apache\htdocs\ershou\Apps\Admin\Controller\CommonController.class.php 第 14 行.
NOTIC: [8] Array to string conversion F:\WAMP\apache\htdocs\ershou\Apps\Admin\Controller\CommonController.class.php 第 14 行.
NOTIC: [8] Undefined variable: controller F:\WAMP\apache\htdocs\ershou\Apps\Admin\Controller\CommonController.class.php 第 14 行.
NOTIC: [8] Array to string conversion F:\WAMP\apache\htdocs\ershou\Apps\Admin\Controller\CommonController.class.php 第 14 行.
NOTIC: [8] Undefined variable: controller F:\WAMP\apache\htdocs\ershou\Apps\Admin\Controller\CommonController.class.php 第 16 行.
NOTIC: [8] Undefined variable: controller F:\WAMP\apache\htdocs\ershou\Apps\Admin\Controller\CommonController.class.php 第 16 行.
NOTIC: [8] Undefined variable: controller F:\WAMP\apache\htdocs\ershou\Apps\Admin\Controller\CommonController.class.php 第 18 行.
NOTIC: [8] Undefined variable: controller F:\WAMP\apache\htdocs\ershou\Apps\Admin\Controller\CommonController.class.php 第 18 行.

[ 2015-03-05T18:21:47+08:00 ] ::1 /ershou/index.php/Admin/Goods/delete
INFO: [ app_init ] --START--
INFO: Run Behavior\BuildLiteBehavior [ RunTime:0.000023s ]
INFO: [ app_init ] --END-- [ RunTime:0.000571s ]
INFO: [ app_begin ] --START--
INFO: Run Behavior\ReadHtmlCacheBehavior [ RunTime:0.000734s ]
INFO: [ app_begin ] --END-- [ RunTime:0.000794s ]
NOTIC: [8] Undefined variable: action F:\WAMP\apache\htdocs\ershou\Apps\Admin\Controller\CommonController.class.php 第 34 行.

[ 2015-03-05T18:22:10+08:00 ] ::1 /ershou/index.php/Admin/Goods/delete
INFO: [ app_init ] --START--
INFO: Run Behavior\BuildLiteBehavior [ RunTime:0.000016s ]
INFO: [ app_init ] --END-- [ RunTime:0.000399s ]
INFO: [ app_begin ] --START--
INFO: Run Behavior\ReadHtmlCacheBehavior [ RunTime:0.000653s ]
INFO: [ app_begin ] --END-- [ RunTime:0.000706s ]

