[ 2015-02-23T13:01:03+08:00 ] ::1 /ershou/index.php/Admin/Goods
INFO: [ app_init ] --START--
INFO: Run Behavior\BuildLiteBehavior [ RunTime:0.000017s ]
INFO: [ app_init ] --END-- [ RunTime:0.000871s ]
INFO: [ app_begin ] --START--
INFO: Run Behavior\ReadHtmlCacheBehavior [ RunTime:0.000847s ]
INFO: [ app_begin ] --END-- [ RunTime:0.000907s ]
SQL: SHOW COLUMNS FROM `tp_goods` [ RunTime:0.0615s ]
SQL: SELECT * FROM `tp_goods`  [ RunTime:0.0003s ]
INFO: [ view_parse ] --START--
INFO: [ template_filter ] --START--
INFO: Run Behavior\ContentReplaceBehavior [ RunTime:0.000127s ]
INFO: [ template_filter ] --END-- [ RunTime:0.000266s ]
NOTIC: [8] Undefined variable: goodsCount F:\WAMP\apache\htdocs\ershou\Runtime\Cache\Admin\eb28dcc79586c855274cb6931152edde.php 第 27 行.
INFO: Run Behavior\ParseTemplateBehavior [ RunTime:0.035831s ]
INFO: [ view_parse ] --END-- [ RunTime:0.035937s ]
INFO: [ view_filter ] --START--
INFO: Run Behavior\WriteHtmlCacheBehavior [ RunTime:0.001138s ]
INFO: [ view_filter ] --END-- [ RunTime:0.001218s ]
INFO: [ app_end ] --START--
INFO: Run Behavior\ShowPageTraceBehavior [ RunTime:0.001493s ]
INFO: [ app_end ] --END-- [ RunTime:0.001590s ]

[ 2015-02-23T13:01:08+08:00 ] ::1 /ershou/index.php/Admin/User
INFO: [ app_init ] --START--
INFO: Run Behavior\BuildLiteBehavior [ RunTime:0.000015s ]
INFO: [ app_init ] --END-- [ RunTime:0.000429s ]
INFO: [ app_begin ] --START--
INFO: Run Behavior\ReadHtmlCacheBehavior [ RunTime:0.000651s ]
INFO: [ app_begin ] --END-- [ RunTime:0.000700s ]
ERR: 无法加载控制器:User

[ 2015-02-23T13:01:35+08:00 ] ::1 /ershou/index.php/Admin/User/addUser
INFO: [ app_init ] --START--
INFO: Run Behavior\BuildLiteBehavior [ RunTime:0.000014s ]
INFO: [ app_init ] --END-- [ RunTime:0.000411s ]
INFO: [ app_begin ] --START--
INFO: Run Behavior\ReadHtmlCacheBehavior [ RunTime:0.000704s ]
INFO: [ app_begin ] --END-- [ RunTime:0.000758s ]
ERR: 无法加载控制器:User

[ 2015-02-23T13:04:44+08:00 ] ::1 /ershou/index.php/Admin/
INFO: [ app_init ] --START--
INFO: Run Behavior\BuildLiteBehavior [ RunTime:0.000016s ]
INFO: [ app_init ] --END-- [ RunTime:0.000402s ]
INFO: [ app_begin ] --START--
INFO: Run Behavior\ReadHtmlCacheBehavior [ RunTime:0.000575s ]
INFO: [ app_begin ] --END-- [ RunTime:0.000630s ]
SQL: SHOW COLUMNS FROM `tp_goods` [ RunTime:0.0056s ]
SQL: SELECT COUNT(*) AS tp_count FROM `tp_goods` LIMIT 1   [ RunTime:0.0002s ]
INFO: [ view_parse ] --START--
INFO: [ template_filter ] --START--
INFO: Run Behavior\ContentReplaceBehavior [ RunTime:0.000039s ]
INFO: [ template_filter ] --END-- [ RunTime:0.000104s ]
NOTIC: [8] Undefined variable: list F:\WAMP\apache\htdocs\ershou\Runtime\Cache\Admin\859e94050170c96367cb52465a51a945.php 第 13 行.
INFO: Run Behavior\ParseTemplateBehavior [ RunTime:0.026939s ]
INFO: [ view_parse ] --END-- [ RunTime:0.027007s ]
INFO: [ view_filter ] --START--
INFO: Run Behavior\WriteHtmlCacheBehavior [ RunTime:0.000277s ]
INFO: [ view_filter ] --END-- [ RunTime:0.000316s ]
INFO: [ app_end ] --START--
INFO: Run Behavior\ShowPageTraceBehavior [ RunTime:0.000584s ]
INFO: [ app_end ] --END-- [ RunTime:0.000629s ]

[ 2015-02-23T13:04:55+08:00 ] ::1 /ershou/index.php/Admin/Goods
INFO: [ app_init ] --START--
INFO: Run Behavior\BuildLiteBehavior [ RunTime:0.000015s ]
INFO: [ app_init ] --END-- [ RunTime:0.000393s ]
INFO: [ app_begin ] --START--
INFO: Run Behavior\ReadHtmlCacheBehavior [ RunTime:0.000920s ]
INFO: [ app_begin ] --END-- [ RunTime:0.000978s ]
SQL: SHOW COLUMNS FROM `tp_goods` [ RunTime:0.0059s ]
SQL: SELECT * FROM `tp_goods`  [ RunTime:0.0004s ]
INFO: [ view_parse ] --START--
INFO: [ template_filter ] --START--
INFO: Run Behavior\ContentReplaceBehavior [ RunTime:0.000056s ]
INFO: [ template_filter ] --END-- [ RunTime:0.000114s ]
NOTIC: [8] Undefined variable: goodsCount F:\WAMP\apache\htdocs\ershou\Runtime\Cache\Admin\eb28dcc79586c855274cb6931152edde.php 第 27 行.
INFO: Run Behavior\ParseTemplateBehavior [ RunTime:0.014021s ]
INFO: [ view_parse ] --END-- [ RunTime:0.014088s ]
INFO: [ view_filter ] --START--
INFO: Run Behavior\WriteHtmlCacheBehavior [ RunTime:0.000427s ]
INFO: [ view_filter ] --END-- [ RunTime:0.000468s ]
INFO: [ app_end ] --START--
INFO: Run Behavior\ShowPageTraceBehavior [ RunTime:0.000679s ]
INFO: [ app_end ] --END-- [ RunTime:0.000763s ]

[ 2015-02-23T13:05:00+08:00 ] ::1 /ershou/index.php/Admin/User
INFO: [ app_init ] --START--
INFO: Run Behavior\BuildLiteBehavior [ RunTime:0.000015s ]
INFO: [ app_init ] --END-- [ RunTime:0.000491s ]
INFO: [ app_begin ] --START--
INFO: Run Behavior\ReadHtmlCacheBehavior [ RunTime:0.000846s ]
INFO: [ app_begin ] --END-- [ RunTime:0.000895s ]
ERR: 无法加载控制器:User

[ 2015-02-23T13:05:04+08:00 ] ::1 /ershou/index.php/Admin/User/
INFO: [ app_init ] --START--
INFO: Run Behavior\BuildLiteBehavior [ RunTime:0.000023s ]
INFO: [ app_init ] --END-- [ RunTime:0.000639s ]
INFO: [ app_begin ] --START--
INFO: Run Behavior\ReadHtmlCacheBehavior [ RunTime:0.000934s ]
INFO: [ app_begin ] --END-- [ RunTime:0.001004s ]
ERR: 无法加载控制器:User

[ 2015-02-23T13:10:55+08:00 ] ::1 /ershou/index.php/Admin/User/
INFO: [ app_init ] --START--
INFO: Run Behavior\BuildLiteBehavior [ RunTime:0.000017s ]
INFO: [ app_init ] --END-- [ RunTime:0.000376s ]
INFO: [ app_begin ] --START--
INFO: Run Behavior\ReadHtmlCacheBehavior [ RunTime:0.000660s ]
INFO: [ app_begin ] --END-- [ RunTime:0.000723s ]

[ 2015-02-23T13:13:04+08:00 ] ::1 /ershou/index.php/Admin/User/
INFO: [ app_init ] --START--
INFO: Run Behavior\BuildLiteBehavior [ RunTime:0.000015s ]
INFO: [ app_init ] --END-- [ RunTime:0.000403s ]
INFO: [ app_begin ] --START--
INFO: Run Behavior\ReadHtmlCacheBehavior [ RunTime:0.000722s ]
INFO: [ app_begin ] --END-- [ RunTime:0.000768s ]
SQL: SHOW COLUMNS FROM `tp_user` [ RunTime:0.0764s ]
ERR: Think\Model:addUser方法不存在！

[ 2015-02-23T13:13:47+08:00 ] ::1 /ershou/index.php/Admin/User/
INFO: [ app_init ] --START--
INFO: Run Behavior\BuildLiteBehavior [ RunTime:0.000022s ]
INFO: [ app_init ] --END-- [ RunTime:0.000580s ]
INFO: [ app_begin ] --START--
INFO: Run Behavior\ReadHtmlCacheBehavior [ RunTime:0.000873s ]
INFO: [ app_begin ] --END-- [ RunTime:0.000927s ]
SQL: SHOW COLUMNS FROM `tp_user` [ RunTime:0.0059s ]
NOTIC: [2] Missing argument 1 for Admin\Model\UserModel::addUser(), called in F:\WAMP\apache\htdocs\ershou\Apps\Admin\Controller\UserController.class.php on line 11 and defined F:\WAMP\apache\htdocs\ershou\Apps\Admin\Model\UserModel.class.php 第 24 行.
NOTIC: [2] Missing argument 2 for Admin\Model\UserModel::addUser(), called in F:\WAMP\apache\htdocs\ershou\Apps\Admin\Controller\UserController.class.php on line 11 and defined F:\WAMP\apache\htdocs\ershou\Apps\Admin\Model\UserModel.class.php 第 24 行.
NOTIC: [2] Missing argument 3 for Admin\Model\UserModel::addUser(), called in F:\WAMP\apache\htdocs\ershou\Apps\Admin\Controller\UserController.class.php on line 11 and defined F:\WAMP\apache\htdocs\ershou\Apps\Admin\Model\UserModel.class.php 第 24 行.
NOTIC: [2] Missing argument 4 for Admin\Model\UserModel::addUser(), called in F:\WAMP\apache\htdocs\ershou\Apps\Admin\Controller\UserController.class.php on line 11 and defined F:\WAMP\apache\htdocs\ershou\Apps\Admin\Model\UserModel.class.php 第 24 行.
NOTIC: [8] Undefined variable: qq F:\WAMP\apache\htdocs\ershou\Apps\Admin\Model\UserModel.class.php 第 25 行.
NOTIC: [8] Undefined variable: phone F:\WAMP\apache\htdocs\ershou\Apps\Admin\Model\UserModel.class.php 第 25 行.
NOTIC: [8] Undefined variable: nickname F:\WAMP\apache\htdocs\ershou\Apps\Admin\Model\UserModel.class.php 第 34 行.
NOTIC: [8] Undefined variable: password F:\WAMP\apache\htdocs\ershou\Apps\Admin\Model\UserModel.class.php 第 35 行.
NOTIC: [8] Undefined variable: qq F:\WAMP\apache\htdocs\ershou\Apps\Admin\Model\UserModel.class.php 第 36 行.
NOTIC: [8] Undefined variable: phone F:\WAMP\apache\htdocs\ershou\Apps\Admin\Model\UserModel.class.php 第 37 行.
INFO: [ app_end ] --START--
INFO: Run Behavior\ShowPageTraceBehavior [ RunTime:0.001986s ]
INFO: [ app_end ] --END-- [ RunTime:0.002144s ]

[ 2015-02-23T13:17:07+08:00 ] ::1 /ershou/index.php/Admin/User/
INFO: [ app_init ] --START--
INFO: Run Behavior\BuildLiteBehavior [ RunTime:0.000015s ]
INFO: [ app_init ] --END-- [ RunTime:0.000434s ]
INFO: [ app_begin ] --START--
INFO: Run Behavior\ReadHtmlCacheBehavior [ RunTime:0.000796s ]
INFO: [ app_begin ] --END-- [ RunTime:0.000853s ]
SQL: SHOW COLUMNS FROM `tp_user` [ RunTime:0.0030s ]
NOTIC: [2] Missing argument 1 for Admin\Model\UserModel::addUser(), called in F:\WAMP\apache\htdocs\ershou\Apps\Admin\Controller\UserController.class.php on line 11 and defined F:\WAMP\apache\htdocs\ershou\Apps\Admin\Model\UserModel.class.php 第 24 行.
NOTIC: [2] Missing argument 2 for Admin\Model\UserModel::addUser(), called in F:\WAMP\apache\htdocs\ershou\Apps\Admin\Controller\UserController.class.php on line 11 and defined F:\WAMP\apache\htdocs\ershou\Apps\Admin\Model\UserModel.class.php 第 24 行.
NOTIC: [2] Missing argument 3 for Admin\Model\UserModel::addUser(), called in F:\WAMP\apache\htdocs\ershou\Apps\Admin\Controller\UserController.class.php on line 11 and defined F:\WAMP\apache\htdocs\ershou\Apps\Admin\Model\UserModel.class.php 第 24 行.
NOTIC: [2] Missing argument 4 for Admin\Model\UserModel::addUser(), called in F:\WAMP\apache\htdocs\ershou\Apps\Admin\Controller\UserController.class.php on line 11 and defined F:\WAMP\apache\htdocs\ershou\Apps\Admin\Model\UserModel.class.php 第 24 行.
NOTIC: [8] Undefined variable: qq F:\WAMP\apache\htdocs\ershou\Apps\Admin\Model\UserModel.class.php 第 25 行.
NOTIC: [8] Undefined variable: phone F:\WAMP\apache\htdocs\ershou\Apps\Admin\Model\UserModel.class.php 第 25 行.
INFO: [ app_end ] --START--
INFO: Run Behavior\ShowPageTraceBehavior [ RunTime:0.000891s ]
INFO: [ app_end ] --END-- [ RunTime:0.000936s ]

[ 2015-02-23T13:17:21+08:00 ] ::1 /ershou/index.php/Admin/User/
INFO: [ app_init ] --START--
INFO: Run Behavior\BuildLiteBehavior [ RunTime:0.000015s ]
INFO: [ app_init ] --END-- [ RunTime:0.000465s ]
INFO: [ app_begin ] --START--
INFO: Run Behavior\ReadHtmlCacheBehavior [ RunTime:0.001072s ]
INFO: [ app_begin ] --END-- [ RunTime:0.001130s ]
SQL: SHOW COLUMNS FROM `tp_user` [ RunTime:0.0080s ]
NOTIC: [2] Missing argument 1 for Admin\Model\UserModel::addUser(), called in F:\WAMP\apache\htdocs\ershou\Apps\Admin\Controller\UserController.class.php on line 11 and defined F:\WAMP\apache\htdocs\ershou\Apps\Admin\Model\UserModel.class.php 第 24 行.
NOTIC: [2] Missing argument 2 for Admin\Model\UserModel::addUser(), called in F:\WAMP\apache\htdocs\ershou\Apps\Admin\Controller\UserController.class.php on line 11 and defined F:\WAMP\apache\htdocs\ershou\Apps\Admin\Model\UserModel.class.php 第 24 行.
NOTIC: [2] Missing argument 3 for Admin\Model\UserModel::addUser(), called in F:\WAMP\apache\htdocs\ershou\Apps\Admin\Controller\UserController.class.php on line 11 and defined F:\WAMP\apache\htdocs\ershou\Apps\Admin\Model\UserModel.class.php 第 24 行.
NOTIC: [2] Missing argument 4 for Admin\Model\UserModel::addUser(), called in F:\WAMP\apache\htdocs\ershou\Apps\Admin\Controller\UserController.class.php on line 11 and defined F:\WAMP\apache\htdocs\ershou\Apps\Admin\Model\UserModel.class.php 第 24 行.
NOTIC: [8] Undefined variable: qq F:\WAMP\apache\htdocs\ershou\Apps\Admin\Model\UserModel.class.php 第 25 行.
NOTIC: [8] Undefined variable: phone F:\WAMP\apache\htdocs\ershou\Apps\Admin\Model\UserModel.class.php 第 25 行.
NOTIC: [8] Undefined variable: nickname F:\WAMP\apache\htdocs\ershou\Apps\Admin\Model\UserModel.class.php 第 34 行.
NOTIC: [8] Undefined variable: password F:\WAMP\apache\htdocs\ershou\Apps\Admin\Model\UserModel.class.php 第 35 行.
NOTIC: [8] Undefined variable: qq F:\WAMP\apache\htdocs\ershou\Apps\Admin\Model\UserModel.class.php 第 36 行.
NOTIC: [8] Undefined variable: phone F:\WAMP\apache\htdocs\ershou\Apps\Admin\Model\UserModel.class.php 第 37 行.
INFO: [ app_end ] --START--
INFO: Run Behavior\ShowPageTraceBehavior [ RunTime:0.002384s ]
INFO: [ app_end ] --END-- [ RunTime:0.002513s ]

[ 2015-02-23T14:36:45+08:00 ] ::1 /ershou/index.php/Admin/Test
INFO: [ app_init ] --START--
INFO: Run Behavior\BuildLiteBehavior [ RunTime:0.000016s ]
INFO: [ app_init ] --END-- [ RunTime:0.000442s ]
INFO: [ app_begin ] --START--
INFO: Run Behavior\ReadHtmlCacheBehavior [ RunTime:0.000956s ]
INFO: [ app_begin ] --END-- [ RunTime:0.001016s ]
INFO: [ app_end ] --START--
INFO: Run Behavior\ShowPageTraceBehavior [ RunTime:0.000805s ]
INFO: [ app_end ] --END-- [ RunTime:0.000863s ]

[ 2015-02-23T14:38:00+08:00 ] ::1 /ershou/index.php/Admin/Test
INFO: [ app_init ] --START--
INFO: Run Behavior\BuildLiteBehavior [ RunTime:0.000016s ]
INFO: [ app_init ] --END-- [ RunTime:0.000452s ]
INFO: [ app_begin ] --START--
INFO: Run Behavior\ReadHtmlCacheBehavior [ RunTime:0.000763s ]
INFO: [ app_begin ] --END-- [ RunTime:0.000810s ]
INFO: [ app_end ] --START--
INFO: Run Behavior\ShowPageTraceBehavior [ RunTime:0.000755s ]
INFO: [ app_end ] --END-- [ RunTime:0.000800s ]

[ 2015-02-23T14:38:01+08:00 ] ::1 /ershou/index.php/Admin/Test
INFO: [ app_init ] --START--
INFO: Run Behavior\BuildLiteBehavior [ RunTime:0.000015s ]
INFO: [ app_init ] --END-- [ RunTime:0.000390s ]
INFO: [ app_begin ] --START--
INFO: Run Behavior\ReadHtmlCacheBehavior [ RunTime:0.000716s ]
INFO: [ app_begin ] --END-- [ RunTime:0.000763s ]
INFO: [ app_end ] --START--
INFO: Run Behavior\ShowPageTraceBehavior [ RunTime:0.000719s ]
INFO: [ app_end ] --END-- [ RunTime:0.000765s ]

[ 2015-02-23T14:38:01+08:00 ] ::1 /ershou/index.php/Admin/Test
INFO: [ app_init ] --START--
INFO: Run Behavior\BuildLiteBehavior [ RunTime:0.000024s ]
INFO: [ app_init ] --END-- [ RunTime:0.000741s ]
INFO: [ app_begin ] --START--
INFO: Run Behavior\ReadHtmlCacheBehavior [ RunTime:0.001263s ]
INFO: [ app_begin ] --END-- [ RunTime:0.001340s ]
INFO: [ app_end ] --START--
INFO: Run Behavior\ShowPageTraceBehavior [ RunTime:0.000773s ]
INFO: [ app_end ] --END-- [ RunTime:0.000829s ]

[ 2015-02-23T14:38:01+08:00 ] ::1 /ershou/index.php/Admin/Test
INFO: [ app_init ] --START--
INFO: Run Behavior\BuildLiteBehavior [ RunTime:0.000025s ]
INFO: [ app_init ] --END-- [ RunTime:0.000481s ]
INFO: [ app_begin ] --START--
INFO: Run Behavior\ReadHtmlCacheBehavior [ RunTime:0.000983s ]
INFO: [ app_begin ] --END-- [ RunTime:0.001074s ]
INFO: [ app_end ] --START--
INFO: Run Behavior\ShowPageTraceBehavior [ RunTime:0.000821s ]
INFO: [ app_end ] --END-- [ RunTime:0.000867s ]

[ 2015-02-23T14:38:01+08:00 ] ::1 /ershou/index.php/Admin/Test
INFO: [ app_init ] --START--
INFO: Run Behavior\BuildLiteBehavior [ RunTime:0.000015s ]
INFO: [ app_init ] --END-- [ RunTime:0.000453s ]
INFO: [ app_begin ] --START--
INFO: Run Behavior\ReadHtmlCacheBehavior [ RunTime:0.000741s ]
INFO: [ app_begin ] --END-- [ RunTime:0.000793s ]
INFO: [ app_end ] --START--
INFO: Run Behavior\ShowPageTraceBehavior [ RunTime:0.000733s ]
INFO: [ app_end ] --END-- [ RunTime:0.000783s ]

[ 2015-02-23T14:38:01+08:00 ] ::1 /ershou/index.php/Admin/Test
INFO: [ app_init ] --START--
INFO: Run Behavior\BuildLiteBehavior [ RunTime:0.000015s ]
INFO: [ app_init ] --END-- [ RunTime:0.000469s ]
INFO: [ app_begin ] --START--
INFO: Run Behavior\ReadHtmlCacheBehavior [ RunTime:0.000802s ]
INFO: [ app_begin ] --END-- [ RunTime:0.000851s ]
INFO: [ app_end ] --START--
INFO: Run Behavior\ShowPageTraceBehavior [ RunTime:0.000797s ]
INFO: [ app_end ] --END-- [ RunTime:0.000852s ]

[ 2015-02-23T14:39:22+08:00 ] ::1 /ershou/index.php/Admin/Test
INFO: [ app_init ] --START--
INFO: Run Behavior\BuildLiteBehavior [ RunTime:0.000016s ]
INFO: [ app_init ] --END-- [ RunTime:0.000497s ]
INFO: [ app_begin ] --START--
INFO: Run Behavior\ReadHtmlCacheBehavior [ RunTime:0.000783s ]
INFO: [ app_begin ] --END-- [ RunTime:0.000831s ]
INFO: [ app_end ] --START--
INFO: Run Behavior\ShowPageTraceBehavior [ RunTime:0.000800s ]
INFO: [ app_end ] --END-- [ RunTime:0.000845s ]

[ 2015-02-23T14:39:36+08:00 ] ::1 /ershou/index.php/Admin/Test
INFO: [ app_init ] --START--
INFO: Run Behavior\BuildLiteBehavior [ RunTime:0.000017s ]
INFO: [ app_init ] --END-- [ RunTime:0.000474s ]
INFO: [ app_begin ] --START--
INFO: Run Behavior\ReadHtmlCacheBehavior [ RunTime:0.000821s ]
INFO: [ app_begin ] --END-- [ RunTime:0.000868s ]
INFO: [ app_end ] --START--
INFO: Run Behavior\ShowPageTraceBehavior [ RunTime:0.000758s ]
INFO: [ app_end ] --END-- [ RunTime:0.000804s ]

[ 2015-02-23T15:01:17+08:00 ] ::1 /ershou/index.php/Admin/User/login
INFO: [ app_init ] --START--
INFO: Run Behavior\BuildLiteBehavior [ RunTime:0.000015s ]
INFO: [ app_init ] --END-- [ RunTime:0.000469s ]
INFO: [ app_begin ] --START--
INFO: Run Behavior\ReadHtmlCacheBehavior [ RunTime:0.000998s ]
INFO: [ app_begin ] --END-- [ RunTime:0.001086s ]
ERR: 非法操作:login

[ 2015-02-23T15:02:41+08:00 ] ::1 /ershou/index.php/Admin/User/login
INFO: [ app_init ] --START--
INFO: Run Behavior\BuildLiteBehavior [ RunTime:0.000016s ]
INFO: [ app_init ] --END-- [ RunTime:0.000414s ]
INFO: [ app_begin ] --START--
INFO: Run Behavior\ReadHtmlCacheBehavior [ RunTime:0.000986s ]
INFO: [ app_begin ] --END-- [ RunTime:0.001060s ]
ERR: 非法操作:login

[ 2015-02-23T15:02:43+08:00 ] ::1 /ershou/index.php/Admin/User/login
INFO: [ app_init ] --START--
INFO: Run Behavior\BuildLiteBehavior [ RunTime:0.000021s ]
INFO: [ app_init ] --END-- [ RunTime:0.000619s ]
INFO: [ app_begin ] --START--
INFO: Run Behavior\ReadHtmlCacheBehavior [ RunTime:0.001189s ]
INFO: [ app_begin ] --END-- [ RunTime:0.001295s ]
ERR: 非法操作:login

[ 2015-02-23T15:02:51+08:00 ] ::1 /ershou/index.php/Admin/User/
INFO: [ app_init ] --START--
INFO: Run Behavior\BuildLiteBehavior [ RunTime:0.000015s ]
INFO: [ app_init ] --END-- [ RunTime:0.000405s ]
INFO: [ app_begin ] --START--
INFO: Run Behavior\ReadHtmlCacheBehavior [ RunTime:0.000736s ]
INFO: [ app_begin ] --END-- [ RunTime:0.000786s ]
SQL: SHOW COLUMNS FROM `tp_user` [ RunTime:0.0057s ]
NOTIC: [2] Missing argument 1 for Admin\Model\UserModel::login(), called in F:\WAMP\apache\htdocs\ershou\Apps\Admin\Controller\UserController.class.php on line 11 and defined F:\WAMP\apache\htdocs\ershou\Apps\Admin\Model\UserModel.class.php 第 49 行.
NOTIC: [2] Missing argument 2 for Admin\Model\UserModel::login(), called in F:\WAMP\apache\htdocs\ershou\Apps\Admin\Controller\UserController.class.php on line 11 and defined F:\WAMP\apache\htdocs\ershou\Apps\Admin\Model\UserModel.class.php 第 49 行.
NOTIC: [8] Undefined variable: useername F:\WAMP\apache\htdocs\ershou\Apps\Admin\Model\UserModel.class.php 第 51 行.
INFO: [ app_end ] --START--
INFO: Run Behavior\ShowPageTraceBehavior [ RunTime:0.001424s ]
INFO: [ app_end ] --END-- [ RunTime:0.001505s ]

[ 2015-02-23T15:03:13+08:00 ] ::1 /ershou/index.php/Admin/User/123
INFO: [ app_init ] --START--
INFO: Run Behavior\BuildLiteBehavior [ RunTime:0.000016s ]
INFO: [ app_init ] --END-- [ RunTime:0.000514s ]
INFO: [ app_begin ] --START--
INFO: Run Behavior\ReadHtmlCacheBehavior [ RunTime:0.001222s ]
INFO: [ app_begin ] --END-- [ RunTime:0.001293s ]
ERR: 非法操作:123

[ 2015-02-23T15:04:30+08:00 ] ::1 /ershou/index.php/Admin/User?username=123
INFO: [ app_init ] --START--
INFO: Run Behavior\BuildLiteBehavior [ RunTime:0.000019s ]
INFO: [ app_init ] --END-- [ RunTime:0.000439s ]
INFO: [ app_begin ] --START--
INFO: Run Behavior\ReadHtmlCacheBehavior [ RunTime:0.000783s ]
INFO: [ app_begin ] --END-- [ RunTime:0.000832s ]
SQL: SHOW COLUMNS FROM `tp_user` [ RunTime:0.0093s ]
NOTIC: [2] Missing argument 1 for Admin\Model\UserModel::login(), called in F:\WAMP\apache\htdocs\ershou\Apps\Admin\Controller\UserController.class.php on line 11 and defined F:\WAMP\apache\htdocs\ershou\Apps\Admin\Model\UserModel.class.php 第 49 行.
NOTIC: [2] Missing argument 2 for Admin\Model\UserModel::login(), called in F:\WAMP\apache\htdocs\ershou\Apps\Admin\Controller\UserController.class.php on line 11 and defined F:\WAMP\apache\htdocs\ershou\Apps\Admin\Model\UserModel.class.php 第 49 行.
NOTIC: [8] Undefined variable: useername F:\WAMP\apache\htdocs\ershou\Apps\Admin\Model\UserModel.class.php 第 51 行.
INFO: [ app_end ] --START--
INFO: Run Behavior\ShowPageTraceBehavior [ RunTime:0.000947s ]
INFO: [ app_end ] --END-- [ RunTime:0.000996s ]

[ 2015-02-23T15:04:46+08:00 ] ::1 /ershou/index.php/Admin/User?username=123&password
INFO: [ app_init ] --START--
INFO: Run Behavior\BuildLiteBehavior [ RunTime:0.000018s ]
INFO: [ app_init ] --END-- [ RunTime:0.000578s ]
INFO: [ app_begin ] --START--
INFO: Run Behavior\ReadHtmlCacheBehavior [ RunTime:0.000771s ]
INFO: [ app_begin ] --END-- [ RunTime:0.000823s ]
SQL: SHOW COLUMNS FROM `tp_user` [ RunTime:0.0048s ]
NOTIC: [2] Missing argument 1 for Admin\Model\UserModel::login(), called in F:\WAMP\apache\htdocs\ershou\Apps\Admin\Controller\UserController.class.php on line 11 and defined F:\WAMP\apache\htdocs\ershou\Apps\Admin\Model\UserModel.class.php 第 49 行.
NOTIC: [2] Missing argument 2 for Admin\Model\UserModel::login(), called in F:\WAMP\apache\htdocs\ershou\Apps\Admin\Controller\UserController.class.php on line 11 and defined F:\WAMP\apache\htdocs\ershou\Apps\Admin\Model\UserModel.class.php 第 49 行.
NOTIC: [8] Undefined variable: useername F:\WAMP\apache\htdocs\ershou\Apps\Admin\Model\UserModel.class.php 第 51 行.
INFO: [ app_end ] --START--
INFO: Run Behavior\ShowPageTraceBehavior [ RunTime:0.001477s ]
INFO: [ app_end ] --END-- [ RunTime:0.001557s ]

[ 2015-02-23T15:04:53+08:00 ] ::1 /ershou/index.php/Admin/User?username=123&password=eqw
INFO: [ app_init ] --START--
INFO: Run Behavior\BuildLiteBehavior [ RunTime:0.000015s ]
INFO: [ app_init ] --END-- [ RunTime:0.000434s ]
INFO: [ app_begin ] --START--
INFO: Run Behavior\ReadHtmlCacheBehavior [ RunTime:0.000777s ]
INFO: [ app_begin ] --END-- [ RunTime:0.000824s ]
SQL: SHOW COLUMNS FROM `tp_user` [ RunTime:0.0055s ]
NOTIC: [2] Missing argument 1 for Admin\Model\UserModel::login(), called in F:\WAMP\apache\htdocs\ershou\Apps\Admin\Controller\UserController.class.php on line 11 and defined F:\WAMP\apache\htdocs\ershou\Apps\Admin\Model\UserModel.class.php 第 49 行.
NOTIC: [2] Missing argument 2 for Admin\Model\UserModel::login(), called in F:\WAMP\apache\htdocs\ershou\Apps\Admin\Controller\UserController.class.php on line 11 and defined F:\WAMP\apache\htdocs\ershou\Apps\Admin\Model\UserModel.class.php 第 49 行.
NOTIC: [8] Undefined variable: useername F:\WAMP\apache\htdocs\ershou\Apps\Admin\Model\UserModel.class.php 第 51 行.
INFO: [ app_end ] --START--
INFO: Run Behavior\ShowPageTraceBehavior [ RunTime:0.001367s ]
INFO: [ app_end ] --END-- [ RunTime:0.001438s ]

[ 2015-02-23T15:05:47+08:00 ] ::1 /ershou/index.php/Admin/User?username=123&password=eqw
INFO: [ app_init ] --START--
INFO: Run Behavior\BuildLiteBehavior [ RunTime:0.000015s ]
INFO: [ app_init ] --END-- [ RunTime:0.000475s ]
INFO: [ app_begin ] --START--
INFO: Run Behavior\ReadHtmlCacheBehavior [ RunTime:0.000836s ]
INFO: [ app_begin ] --END-- [ RunTime:0.000884s ]
SQL: SHOW COLUMNS FROM `tp_user` [ RunTime:0.0094s ]
NOTIC: [2] Missing argument 1 for Admin\Model\UserModel::login(), called in F:\WAMP\apache\htdocs\ershou\Apps\Admin\Controller\UserController.class.php on line 11 and defined F:\WAMP\apache\htdocs\ershou\Apps\Admin\Model\UserModel.class.php 第 49 行.
NOTIC: [2] Missing argument 2 for Admin\Model\UserModel::login(), called in F:\WAMP\apache\htdocs\ershou\Apps\Admin\Controller\UserController.class.php on line 11 and defined F:\WAMP\apache\htdocs\ershou\Apps\Admin\Model\UserModel.class.php 第 49 行.
NOTIC: [8] Undefined variable: useername F:\WAMP\apache\htdocs\ershou\Apps\Admin\Model\UserModel.class.php 第 51 行.
NOTIC: [8] Undefined variable: useername F:\WAMP\apache\htdocs\ershou\Apps\Admin\Model\UserModel.class.php 第 62 行.
SQL: SELECT * FROM `tp_user` WHERE `phone` = null LIMIT 1   [ RunTime:0.0324s ]
INFO: [ app_end ] --START--
INFO: Run Behavior\ShowPageTraceBehavior [ RunTime:0.001486s ]
INFO: [ app_end ] --END-- [ RunTime:0.001587s ]

[ 2015-02-23T15:06:50+08:00 ] ::1 /ershou/index.php/Admin/User?username=123&password=eqw
INFO: [ app_init ] --START--
INFO: Run Behavior\BuildLiteBehavior [ RunTime:0.000016s ]
INFO: [ app_init ] --END-- [ RunTime:0.000490s ]
INFO: [ app_begin ] --START--
INFO: Run Behavior\ReadHtmlCacheBehavior [ RunTime:0.000819s ]
INFO: [ app_begin ] --END-- [ RunTime:0.000870s ]
SQL: SHOW COLUMNS FROM `tp_user` [ RunTime:0.0031s ]
NOTIC: [2] Missing argument 1 for Admin\Model\UserModel::login(), called in F:\WAMP\apache\htdocs\ershou\Apps\Admin\Controller\UserController.class.php on line 11 and defined F:\WAMP\apache\htdocs\ershou\Apps\Admin\Model\UserModel.class.php 第 49 行.
NOTIC: [2] Missing argument 2 for Admin\Model\UserModel::login(), called in F:\WAMP\apache\htdocs\ershou\Apps\Admin\Controller\UserController.class.php on line 11 and defined F:\WAMP\apache\htdocs\ershou\Apps\Admin\Model\UserModel.class.php 第 49 行.
NOTIC: [8] Undefined variable: username F:\WAMP\apache\htdocs\ershou\Apps\Admin\Model\UserModel.class.php 第 51 行.
NOTIC: [8] Undefined variable: password F:\WAMP\apache\htdocs\ershou\Apps\Admin\Model\UserModel.class.php 第 51 行.
NOTIC: [8] Undefined variable: useername F:\WAMP\apache\htdocs\ershou\Apps\Admin\Model\UserModel.class.php 第 52 行.
INFO: [ app_end ] --START--
INFO: Run Behavior\ShowPageTraceBehavior [ RunTime:0.000892s ]
INFO: [ app_end ] --END-- [ RunTime:0.000936s ]

[ 2015-02-23T15:07:09+08:00 ] ::1 /ershou/index.php/Admin/User?username=123&password=eqw
INFO: [ app_init ] --START--
INFO: Run Behavior\BuildLiteBehavior [ RunTime:0.000015s ]
INFO: [ app_init ] --END-- [ RunTime:0.000415s ]
INFO: [ app_begin ] --START--
INFO: Run Behavior\ReadHtmlCacheBehavior [ RunTime:0.000887s ]
INFO: [ app_begin ] --END-- [ RunTime:0.000938s ]
SQL: SHOW COLUMNS FROM `tp_user` [ RunTime:0.3295s ]
NOTIC: [2] Missing argument 1 for Admin\Model\UserModel::login(), called in F:\WAMP\apache\htdocs\ershou\Apps\Admin\Controller\UserController.class.php on line 11 and defined F:\WAMP\apache\htdocs\ershou\Apps\Admin\Model\UserModel.class.php 第 49 行.
NOTIC: [2] Missing argument 2 for Admin\Model\UserModel::login(), called in F:\WAMP\apache\htdocs\ershou\Apps\Admin\Controller\UserController.class.php on line 11 and defined F:\WAMP\apache\htdocs\ershou\Apps\Admin\Model\UserModel.class.php 第 49 行.
NOTIC: [8] Undefined variable: username F:\WAMP\apache\htdocs\ershou\Apps\Admin\Model\UserModel.class.php 第 51 行.
NOTIC: [8] Undefined variable: password F:\WAMP\apache\htdocs\ershou\Apps\Admin\Model\UserModel.class.php 第 51 行.
NOTIC: [8] Undefined variable: useername F:\WAMP\apache\htdocs\ershou\Apps\Admin\Model\UserModel.class.php 第 52 行.
NOTIC: [8] Undefined variable: useername F:\WAMP\apache\htdocs\ershou\Apps\Admin\Model\UserModel.class.php 第 63 行.
SQL: SELECT * FROM `tp_user` WHERE `phone` = null LIMIT 1   [ RunTime:0.0003s ]
INFO: [ app_end ] --START--
INFO: Run Behavior\ShowPageTraceBehavior [ RunTime:0.000845s ]
INFO: [ app_end ] --END-- [ RunTime:0.000896s ]

[ 2015-02-23T15:07:27+08:00 ] ::1 /ershou/index.php/Admin/User?username=123&password=eqw
INFO: [ app_init ] --START--
INFO: Run Behavior\BuildLiteBehavior [ RunTime:0.000016s ]
INFO: [ app_init ] --END-- [ RunTime:0.000466s ]
INFO: [ app_begin ] --START--
INFO: Run Behavior\ReadHtmlCacheBehavior [ RunTime:0.000972s ]
INFO: [ app_begin ] --END-- [ RunTime:0.001041s ]
SQL: SHOW COLUMNS FROM `tp_user` [ RunTime:0.0543s ]
NOTIC: [2] Missing argument 1 for Admin\Model\UserModel::login(), called in F:\WAMP\apache\htdocs\ershou\Apps\Admin\Controller\UserController.class.php on line 11 and defined F:\WAMP\apache\htdocs\ershou\Apps\Admin\Model\UserModel.class.php 第 49 行.
NOTIC: [2] Missing argument 2 for Admin\Model\UserModel::login(), called in F:\WAMP\apache\htdocs\ershou\Apps\Admin\Controller\UserController.class.php on line 11 and defined F:\WAMP\apache\htdocs\ershou\Apps\Admin\Model\UserModel.class.php 第 49 行.
NOTIC: [8] Undefined variable: username F:\WAMP\apache\htdocs\ershou\Apps\Admin\Model\UserModel.class.php 第 51 行.
NOTIC: [8] Undefined variable: password F:\WAMP\apache\htdocs\ershou\Apps\Admin\Model\UserModel.class.php 第 51 行.
NOTIC: [8] Undefined variable: useername F:\WAMP\apache\htdocs\ershou\Apps\Admin\Model\UserModel.class.php 第 52 行.
NOTIC: [8] Undefined variable: useername F:\WAMP\apache\htdocs\ershou\Apps\Admin\Model\UserModel.class.php 第 63 行.
SQL: SELECT * FROM `tp_user` WHERE `phone` = null LIMIT 1   [ RunTime:0.0001s ]
INFO: [ app_end ] --START--
INFO: Run Behavior\ShowPageTraceBehavior [ RunTime:0.000849s ]
INFO: [ app_end ] --END-- [ RunTime:0.000896s ]

[ 2015-02-23T15:08:00+08:00 ] ::1 /ershou/index.php/Admin/User?username=123&password=eqw
INFO: [ app_init ] --START--
INFO: Run Behavior\BuildLiteBehavior [ RunTime:0.000015s ]
INFO: [ app_init ] --END-- [ RunTime:0.000414s ]
INFO: [ app_begin ] --START--
INFO: Run Behavior\ReadHtmlCacheBehavior [ RunTime:0.000876s ]
INFO: [ app_begin ] --END-- [ RunTime:0.000932s ]
SQL: SHOW COLUMNS FROM `tp_user` [ RunTime:0.0030s ]
NOTIC: [8] Undefined variable: username F:\WAMP\apache\htdocs\ershou\Apps\Admin\Model\UserModel.class.php 第 51 行.
SQL: SELECT * FROM `tp_user` WHERE `phone` = 123 LIMIT 1   [ RunTime:0.0669s ]
INFO: [ app_end ] --START--
INFO: Run Behavior\ShowPageTraceBehavior [ RunTime:0.000941s ]
INFO: [ app_end ] --END-- [ RunTime:0.000987s ]

[ 2015-02-23T15:08:21+08:00 ] ::1 /ershou/index.php/Admin/User?username=123&password=eqw
INFO: [ app_init ] --START--
INFO: Run Behavior\BuildLiteBehavior [ RunTime:0.000023s ]
INFO: [ app_init ] --END-- [ RunTime:0.000460s ]
INFO: [ app_begin ] --START--
INFO: Run Behavior\ReadHtmlCacheBehavior [ RunTime:0.000726s ]
INFO: [ app_begin ] --END-- [ RunTime:0.000775s ]
SQL: SHOW COLUMNS FROM `tp_user` [ RunTime:0.0045s ]
NOTIC: [8] Undefined variable: useername F:\WAMP\apache\htdocs\ershou\Apps\Admin\Model\UserModel.class.php 第 52 行.
NOTIC: [8] Undefined variable: useername F:\WAMP\apache\htdocs\ershou\Apps\Admin\Model\UserModel.class.php 第 63 行.
SQL: SELECT * FROM `tp_user` WHERE `phone` = null LIMIT 1   [ RunTime:0.0003s ]
INFO: [ app_end ] --START--
INFO: Run Behavior\ShowPageTraceBehavior [ RunTime:0.001634s ]
INFO: [ app_end ] --END-- [ RunTime:0.001717s ]

[ 2015-02-23T15:50:18+08:00 ] ::1 /ershou/index.php/Admin/User?username=123&password=eqw
INFO: [ app_init ] --START--
INFO: Run Behavior\BuildLiteBehavior [ RunTime:0.000016s ]
INFO: [ app_init ] --END-- [ RunTime:0.000486s ]
INFO: [ app_begin ] --START--
INFO: Run Behavior\ReadHtmlCacheBehavior [ RunTime:0.000804s ]
INFO: [ app_begin ] --END-- [ RunTime:0.000854s ]

[ 2015-02-23T15:50:58+08:00 ] ::1 /ershou/index.php/Admin/User?username=123&password=eqw
INFO: [ app_init ] --START--
INFO: Run Behavior\BuildLiteBehavior [ RunTime:0.000021s ]
INFO: [ app_init ] --END-- [ RunTime:0.000448s ]
INFO: [ app_begin ] --START--
INFO: Run Behavior\ReadHtmlCacheBehavior [ RunTime:0.001004s ]
INFO: [ app_begin ] --END-- [ RunTime:0.001079s ]

[ 2015-02-23T15:51:12+08:00 ] ::1 /ershou/index.php/Admin/User?username=123&password=eqw
INFO: [ app_init ] --START--
INFO: Run Behavior\BuildLiteBehavior [ RunTime:0.000015s ]
INFO: [ app_init ] --END-- [ RunTime:0.000472s ]
INFO: [ app_begin ] --START--
INFO: Run Behavior\ReadHtmlCacheBehavior [ RunTime:0.001126s ]
INFO: [ app_begin ] --END-- [ RunTime:0.001197s ]

[ 2015-02-23T15:55:39+08:00 ] ::1 /ershou/index.php/Admin/User?username=123&password=eqw
INFO: [ app_init ] --START--
INFO: Run Behavior\BuildLiteBehavior [ RunTime:0.000016s ]
INFO: [ app_init ] --END-- [ RunTime:0.000465s ]
INFO: [ app_begin ] --START--
INFO: Run Behavior\ReadHtmlCacheBehavior [ RunTime:0.000792s ]
INFO: [ app_begin ] --END-- [ RunTime:0.000852s ]

[ 2015-02-23T15:56:19+08:00 ] ::1 /ershou/index.php/Admin/User?username=123&password=eqw
INFO: [ app_init ] --START--
INFO: Run Behavior\BuildLiteBehavior [ RunTime:0.000015s ]
INFO: [ app_init ] --END-- [ RunTime:0.000409s ]
INFO: [ app_begin ] --START--
INFO: Run Behavior\ReadHtmlCacheBehavior [ RunTime:0.000829s ]
INFO: [ app_begin ] --END-- [ RunTime:0.000884s ]

[ 2015-02-23T15:57:09+08:00 ] ::1 /ershou/index.php/Admin/User?username=123&password=eqw
INFO: [ app_init ] --START--
INFO: Run Behavior\BuildLiteBehavior [ RunTime:0.000015s ]
INFO: [ app_init ] --END-- [ RunTime:0.000461s ]
INFO: [ app_begin ] --START--
INFO: Run Behavior\ReadHtmlCacheBehavior [ RunTime:0.000780s ]
INFO: [ app_begin ] --END-- [ RunTime:0.000830s ]

[ 2015-02-23T15:58:56+08:00 ] ::1 /ershou/index.php/Admin/User?username=123&password=eqw
INFO: [ app_init ] --START--
INFO: Run Behavior\BuildLiteBehavior [ RunTime:0.000015s ]
INFO: [ app_init ] --END-- [ RunTime:0.000420s ]
INFO: [ app_begin ] --START--
INFO: Run Behavior\ReadHtmlCacheBehavior [ RunTime:0.000950s ]
INFO: [ app_begin ] --END-- [ RunTime:0.001026s ]

[ 2015-02-23T15:58:56+08:00 ] ::1 /ershou/index.php/Admin/User?username=123&password=eqw
INFO: [ app_init ] --START--
INFO: Run Behavior\BuildLiteBehavior [ RunTime:0.000021s ]
INFO: [ app_init ] --END-- [ RunTime:0.000417s ]
INFO: [ app_begin ] --START--
INFO: Run Behavior\ReadHtmlCacheBehavior [ RunTime:0.000710s ]
INFO: [ app_begin ] --END-- [ RunTime:0.000757s ]

[ 2015-02-23T15:58:57+08:00 ] ::1 /ershou/index.php/Admin/User?username=123&password=eqw
INFO: [ app_init ] --START--
INFO: Run Behavior\BuildLiteBehavior [ RunTime:0.000020s ]
INFO: [ app_init ] --END-- [ RunTime:0.000620s ]
INFO: [ app_begin ] --START--
INFO: Run Behavior\ReadHtmlCacheBehavior [ RunTime:0.001109s ]
INFO: [ app_begin ] --END-- [ RunTime:0.001193s ]

[ 2015-02-23T16:01:24+08:00 ] ::1 /ershou/index.php/Admin/User
INFO: [ app_init ] --START--
INFO: Run Behavior\BuildLiteBehavior [ RunTime:0.000045s ]
INFO: [ app_init ] --END-- [ RunTime:0.000994s ]
INFO: [ app_begin ] --START--
INFO: Run Behavior\ReadHtmlCacheBehavior [ RunTime:0.000799s ]
INFO: [ app_begin ] --END-- [ RunTime:0.000859s ]

[ 2015-02-23T16:02:23+08:00 ] ::1 /ershou/index.php/Admin/User
INFO: [ app_init ] --START--
INFO: Run Behavior\BuildLiteBehavior [ RunTime:0.000015s ]
INFO: [ app_init ] --END-- [ RunTime:0.000475s ]
INFO: [ app_begin ] --START--
INFO: Run Behavior\ReadHtmlCacheBehavior [ RunTime:0.000821s ]
INFO: [ app_begin ] --END-- [ RunTime:0.000868s ]

[ 2015-02-23T16:02:25+08:00 ] ::1 /ershou/index.php/Admin/User
INFO: [ app_init ] --START--
INFO: Run Behavior\BuildLiteBehavior [ RunTime:0.000022s ]
INFO: [ app_init ] --END-- [ RunTime:0.000641s ]
INFO: [ app_begin ] --START--
INFO: Run Behavior\ReadHtmlCacheBehavior [ RunTime:0.000751s ]
INFO: [ app_begin ] --END-- [ RunTime:0.000816s ]

[ 2015-02-23T16:03:36+08:00 ] ::1 /ershou/index.php/Admin/User
INFO: [ app_init ] --START--
INFO: Run Behavior\BuildLiteBehavior [ RunTime:0.000016s ]
INFO: [ app_init ] --END-- [ RunTime:0.000458s ]

[ 2015-02-23T16:03:56+08:00 ] ::1 /ershou/index.php/Admin/User
INFO: [ app_init ] --START--
INFO: Run Behavior\BuildLiteBehavior [ RunTime:0.000016s ]
INFO: [ app_init ] --END-- [ RunTime:0.000431s ]
INFO: [ app_begin ] --START--
INFO: Run Behavior\ReadHtmlCacheBehavior [ RunTime:0.000743s ]
INFO: [ app_begin ] --END-- [ RunTime:0.000793s ]

[ 2015-02-23T16:04:11+08:00 ] ::1 /ershou/index.php/Admin/User
INFO: [ app_init ] --START--
INFO: Run Behavior\BuildLiteBehavior [ RunTime:0.000030s ]
INFO: [ app_init ] --END-- [ RunTime:0.000555s ]
INFO: [ app_begin ] --START--
INFO: Run Behavior\ReadHtmlCacheBehavior [ RunTime:0.000811s ]
INFO: [ app_begin ] --END-- [ RunTime:0.000867s ]

[ 2015-02-23T16:04:15+08:00 ] ::1 /ershou/index.php/Admin/User
INFO: [ app_init ] --START--
INFO: Run Behavior\BuildLiteBehavior [ RunTime:0.000016s ]
INFO: [ app_init ] --END-- [ RunTime:0.000496s ]

[ 2015-02-23T16:04:55+08:00 ] ::1 /ershou/index.php/Admin/User
INFO: [ app_init ] --START--
INFO: Run Behavior\BuildLiteBehavior [ RunTime:0.000016s ]
INFO: [ app_init ] --END-- [ RunTime:0.000462s ]
INFO: [ app_begin ] --START--
INFO: Run Behavior\ReadHtmlCacheBehavior [ RunTime:0.000795s ]
INFO: [ app_begin ] --END-- [ RunTime:0.000845s ]

[ 2015-02-23T16:04:56+08:00 ] ::1 /ershou/index.php/Admin/User
INFO: [ app_init ] --START--
INFO: Run Behavior\BuildLiteBehavior [ RunTime:0.000023s ]
INFO: [ app_init ] --END-- [ RunTime:0.000648s ]
INFO: [ app_begin ] --START--
INFO: Run Behavior\ReadHtmlCacheBehavior [ RunTime:0.001145s ]
INFO: [ app_begin ] --END-- [ RunTime:0.001218s ]

[ 2015-02-23T16:04:59+08:00 ] ::1 /ershou/index.php/Admin/User
INFO: [ app_init ] --START--
INFO: Run Behavior\BuildLiteBehavior [ RunTime:0.000014s ]
INFO: [ app_init ] --END-- [ RunTime:0.000443s ]

[ 2015-02-23T16:09:23+08:00 ] ::1 /ershou/index.php/Admin/User
INFO: [ app_init ] --START--
INFO: Run Behavior\BuildLiteBehavior [ RunTime:0.000021s ]
INFO: [ app_init ] --END-- [ RunTime:0.000521s ]
INFO: [ app_begin ] --START--
INFO: Run Behavior\ReadHtmlCacheBehavior [ RunTime:0.000825s ]
INFO: [ app_begin ] --END-- [ RunTime:0.000874s ]

[ 2015-02-23T16:09:51+08:00 ] ::1 /ershou/index.php/Admin/User
INFO: [ app_init ] --START--
INFO: Run Behavior\BuildLiteBehavior [ RunTime:0.000015s ]
INFO: [ app_init ] --END-- [ RunTime:0.000413s ]
INFO: [ app_begin ] --START--
INFO: Run Behavior\ReadHtmlCacheBehavior [ RunTime:0.000717s ]
INFO: [ app_begin ] --END-- [ RunTime:0.000764s ]

[ 2015-02-23T16:10:04+08:00 ] ::1 /ershou/index.php/Admin/User
INFO: [ app_init ] --START--
INFO: Run Behavior\BuildLiteBehavior [ RunTime:0.000016s ]
INFO: [ app_init ] --END-- [ RunTime:0.000458s ]
INFO: [ app_begin ] --START--
INFO: Run Behavior\ReadHtmlCacheBehavior [ RunTime:0.000741s ]
INFO: [ app_begin ] --END-- [ RunTime:0.000791s ]

[ 2015-02-23T16:10:05+08:00 ] ::1 /ershou/index.php/Admin/User
INFO: [ app_init ] --START--
INFO: Run Behavior\BuildLiteBehavior [ RunTime:0.000022s ]
INFO: [ app_init ] --END-- [ RunTime:0.000596s ]
INFO: [ app_begin ] --START--
INFO: Run Behavior\ReadHtmlCacheBehavior [ RunTime:0.001226s ]
INFO: [ app_begin ] --END-- [ RunTime:0.001308s ]

[ 2015-02-23T16:10:05+08:00 ] ::1 /ershou/index.php/Admin/User
INFO: [ app_init ] --START--
INFO: Run Behavior\BuildLiteBehavior [ RunTime:0.000020s ]
INFO: [ app_init ] --END-- [ RunTime:0.000683s ]
INFO: [ app_begin ] --START--
INFO: Run Behavior\ReadHtmlCacheBehavior [ RunTime:0.001216s ]
INFO: [ app_begin ] --END-- [ RunTime:0.001285s ]

[ 2015-02-23T16:10:05+08:00 ] ::1 /ershou/index.php/Admin/User
INFO: [ app_init ] --START--
INFO: Run Behavior\BuildLiteBehavior [ RunTime:0.000016s ]
INFO: [ app_init ] --END-- [ RunTime:0.000564s ]
INFO: [ app_begin ] --START--
INFO: Run Behavior\ReadHtmlCacheBehavior [ RunTime:0.000780s ]
INFO: [ app_begin ] --END-- [ RunTime:0.000828s ]

[ 2015-02-23T16:10:06+08:00 ] ::1 /ershou/index.php/Admin/User
INFO: [ app_init ] --START--
INFO: Run Behavior\BuildLiteBehavior [ RunTime:0.000016s ]
INFO: [ app_init ] --END-- [ RunTime:0.000476s ]
INFO: [ app_begin ] --START--
INFO: Run Behavior\ReadHtmlCacheBehavior [ RunTime:0.000877s ]
INFO: [ app_begin ] --END-- [ RunTime:0.000926s ]

[ 2015-02-23T16:17:32+08:00 ] ::1 /ershou/index.php/Admin/User
INFO: [ app_init ] --START--
INFO: Run Behavior\BuildLiteBehavior [ RunTime:0.000015s ]
INFO: [ app_init ] --END-- [ RunTime:0.000456s ]
INFO: [ app_begin ] --START--
INFO: Run Behavior\ReadHtmlCacheBehavior [ RunTime:0.000785s ]
INFO: [ app_begin ] --END-- [ RunTime:0.000832s ]
SQL: SHOW COLUMNS FROM `tp_user` [ RunTime:0.0052s ]
SQL: SELECT `password` FROM `tp_user` WHERE `phone` = 123 LIMIT 1   [ RunTime:0.0003s ]
INFO: [ app_end ] --START--
INFO: Run Behavior\ShowPageTraceBehavior [ RunTime:0.001307s ]
INFO: [ app_end ] --END-- [ RunTime:0.001378s ]

[ 2015-02-23T16:22:25+08:00 ] ::1 /ershou/index.php/Admin/User
INFO: [ app_init ] --START--
INFO: Run Behavior\BuildLiteBehavior [ RunTime:0.000021s ]
INFO: [ app_init ] --END-- [ RunTime:0.000619s ]
INFO: [ app_begin ] --START--
INFO: Run Behavior\ReadHtmlCacheBehavior [ RunTime:0.000807s ]
INFO: [ app_begin ] --END-- [ RunTime:0.000862s ]
SQL: SHOW COLUMNS FROM `tp_user` [ RunTime:0.0035s ]
SQL: SELECT `password` FROM `tp_user` WHERE `phone` = 123 LIMIT 1   [ RunTime:0.0001s ]
INFO: [ app_end ] --START--
INFO: Run Behavior\ShowPageTraceBehavior [ RunTime:0.000891s ]
INFO: [ app_end ] --END-- [ RunTime:0.000942s ]

[ 2015-02-23T16:23:15+08:00 ] ::1 /ershou/index.php/Admin/User
INFO: [ app_init ] --START--
INFO: Run Behavior\BuildLiteBehavior [ RunTime:0.000015s ]
INFO: [ app_init ] --END-- [ RunTime:0.000467s ]
INFO: [ app_begin ] --START--
INFO: Run Behavior\ReadHtmlCacheBehavior [ RunTime:0.000880s ]
INFO: [ app_begin ] --END-- [ RunTime:0.000930s ]
SQL: SHOW COLUMNS FROM `tp_user` [ RunTime:0.0035s ]
SQL: SELECT `password` FROM `tp_user` WHERE `phone` = 123 LIMIT 1   [ RunTime:0.0001s ]
INFO: [ app_end ] --START--
INFO: Run Behavior\ShowPageTraceBehavior [ RunTime:0.000843s ]
INFO: [ app_end ] --END-- [ RunTime:0.000887s ]

[ 2015-02-23T16:23:32+08:00 ] ::1 /ershou/index.php/Admin/User
INFO: [ app_init ] --START--
INFO: Run Behavior\BuildLiteBehavior [ RunTime:0.000016s ]
INFO: [ app_init ] --END-- [ RunTime:0.000432s ]
INFO: [ app_begin ] --START--
INFO: Run Behavior\ReadHtmlCacheBehavior [ RunTime:0.000869s ]
INFO: [ app_begin ] --END-- [ RunTime:0.000933s ]
SQL: SHOW COLUMNS FROM `tp_user` [ RunTime:0.0033s ]
SQL: SELECT `password` FROM `tp_user` WHERE `phone` = 123 LIMIT 1   [ RunTime:0.0001s ]
INFO: [ app_end ] --START--
INFO: Run Behavior\ShowPageTraceBehavior [ RunTime:0.001448s ]
INFO: [ app_end ] --END-- [ RunTime:0.001503s ]

[ 2015-02-23T16:23:43+08:00 ] ::1 /ershou/index.php/Admin/User
INFO: [ app_init ] --START--
INFO: Run Behavior\BuildLiteBehavior [ RunTime:0.000016s ]
INFO: [ app_init ] --END-- [ RunTime:0.000434s ]
INFO: [ app_begin ] --START--
INFO: Run Behavior\ReadHtmlCacheBehavior [ RunTime:0.000746s ]
INFO: [ app_begin ] --END-- [ RunTime:0.000795s ]
SQL: SHOW COLUMNS FROM `tp_user` [ RunTime:0.0038s ]
SQL: SELECT `password` FROM `tp_user` WHERE `phone` = 123 LIMIT 1   [ RunTime:0.0001s ]
INFO: [ app_end ] --START--
INFO: Run Behavior\ShowPageTraceBehavior [ RunTime:0.000900s ]
INFO: [ app_end ] --END-- [ RunTime:0.000968s ]

[ 2015-02-23T16:26:09+08:00 ] ::1 /ershou/index.php/Admin/User
INFO: [ app_init ] --START--
INFO: Run Behavior\BuildLiteBehavior [ RunTime:0.000016s ]
INFO: [ app_init ] --END-- [ RunTime:0.000458s ]
INFO: [ app_begin ] --START--
INFO: Run Behavior\ReadHtmlCacheBehavior [ RunTime:0.001306s ]
INFO: [ app_begin ] --END-- [ RunTime:0.001417s ]
SQL: SHOW COLUMNS FROM `tp_user` [ RunTime:0.0035s ]
SQL: SELECT `password` FROM `tp_user` WHERE `phone` = 123 LIMIT 1   [ RunTime:0.0002s ]
ERR: Think\Controller:jsonReturn方法不存在！

[ 2015-02-23T16:27:19+08:00 ] ::1 /ershou/index.php/Admin/User
INFO: [ app_init ] --START--
INFO: Run Behavior\BuildLiteBehavior [ RunTime:0.000016s ]
INFO: [ app_init ] --END-- [ RunTime:0.000473s ]
INFO: [ app_begin ] --START--
INFO: Run Behavior\ReadHtmlCacheBehavior [ RunTime:0.000867s ]
INFO: [ app_begin ] --END-- [ RunTime:0.000942s ]
SQL: SHOW COLUMNS FROM `tp_user` [ RunTime:0.0033s ]
SQL: SELECT `password` FROM `tp_user` WHERE `phone` = 123 LIMIT 1   [ RunTime:0.0002s ]

[ 2015-02-23T16:28:36+08:00 ] ::1 /ershou/index.php/Admin/User
INFO: [ app_init ] --START--
INFO: Run Behavior\BuildLiteBehavior [ RunTime:0.000015s ]
INFO: [ app_init ] --END-- [ RunTime:0.000482s ]
INFO: [ app_begin ] --START--
INFO: Run Behavior\ReadHtmlCacheBehavior [ RunTime:0.000798s ]
INFO: [ app_begin ] --END-- [ RunTime:0.000856s ]
SQL: SHOW COLUMNS FROM `tp_user` [ RunTime:0.0032s ]
SQL: SELECT `password` FROM `tp_user` WHERE `phone` = 123 LIMIT 1   [ RunTime:0.0002s ]

[ 2015-02-23T16:28:42+08:00 ] ::1 /ershou/index.php/Admin/User
INFO: [ app_init ] --START--
INFO: Run Behavior\BuildLiteBehavior [ RunTime:0.000017s ]
INFO: [ app_init ] --END-- [ RunTime:0.000494s ]
INFO: [ app_begin ] --START--
INFO: Run Behavior\ReadHtmlCacheBehavior [ RunTime:0.001246s ]
INFO: [ app_begin ] --END-- [ RunTime:0.001311s ]
SQL: SHOW COLUMNS FROM `tp_user` [ RunTime:0.0049s ]
SQL: SELECT `password` FROM `tp_user` WHERE `phone` = 123 LIMIT 1   [ RunTime:0.0002s ]

[ 2015-02-23T16:31:09+08:00 ] ::1 /ershou/index.php/Admin/User
INFO: [ app_init ] --START--
INFO: Run Behavior\BuildLiteBehavior [ RunTime:0.000015s ]
INFO: [ app_init ] --END-- [ RunTime:0.000430s ]
INFO: [ app_begin ] --START--
INFO: Run Behavior\ReadHtmlCacheBehavior [ RunTime:0.000755s ]
INFO: [ app_begin ] --END-- [ RunTime:0.000807s ]
SQL: SHOW COLUMNS FROM `tp_user` [ RunTime:0.0044s ]
SQL: SELECT `password` FROM `tp_user` WHERE `phone` = 123 LIMIT 1   [ RunTime:0.0002s ]
NOTIC: [2] Invalid argument supplied for foreach() F:\WAMP\apache\htdocs\ershou\ThinkPHP\Common\functions.php 第 1206 行.

[ 2015-02-23T16:31:33+08:00 ] ::1 /ershou/index.php/Admin/User
INFO: [ app_init ] --START--
INFO: Run Behavior\BuildLiteBehavior [ RunTime:0.000015s ]
INFO: [ app_init ] --END-- [ RunTime:0.000426s ]
INFO: [ app_begin ] --START--
INFO: Run Behavior\ReadHtmlCacheBehavior [ RunTime:0.000739s ]
INFO: [ app_begin ] --END-- [ RunTime:0.000806s ]
SQL: SHOW COLUMNS FROM `tp_user` [ RunTime:0.0032s ]
SQL: SELECT `password` FROM `tp_user` WHERE `phone` = 123 LIMIT 1   [ RunTime:0.0001s ]

[ 2015-02-23T16:33:45+08:00 ] ::1 /ershou/index.php/Admin/User
INFO: [ app_init ] --START--
INFO: Run Behavior\BuildLiteBehavior [ RunTime:0.000015s ]
INFO: [ app_init ] --END-- [ RunTime:0.000435s ]
INFO: [ app_begin ] --START--
INFO: Run Behavior\ReadHtmlCacheBehavior [ RunTime:0.000790s ]
INFO: [ app_begin ] --END-- [ RunTime:0.000839s ]
SQL: SHOW COLUMNS FROM `tp_user` [ RunTime:0.0112s ]
SQL: SELECT `password` FROM `tp_user` WHERE `phone` = 123 LIMIT 1   [ RunTime:0.0003s ]

[ 2015-02-23T16:34:12+08:00 ] ::1 /ershou/index.php/Admin/User
INFO: [ app_init ] --START--
INFO: Run Behavior\BuildLiteBehavior [ RunTime:0.000016s ]
INFO: [ app_init ] --END-- [ RunTime:0.000729s ]
INFO: [ app_begin ] --START--
INFO: Run Behavior\ReadHtmlCacheBehavior [ RunTime:0.000756s ]
INFO: [ app_begin ] --END-- [ RunTime:0.000808s ]
SQL: SHOW COLUMNS FROM `tp_user` [ RunTime:0.0029s ]
SQL: SELECT `password` FROM `tp_user` WHERE `phone` = 123 LIMIT 1   [ RunTime:0.0001s ]

[ 2015-02-23T16:39:46+08:00 ] ::1 /ershou/index.php/Admin/User
INFO: [ app_init ] --START--
INFO: Run Behavior\BuildLiteBehavior [ RunTime:0.000015s ]
INFO: [ app_init ] --END-- [ RunTime:0.000440s ]
INFO: [ app_begin ] --START--
INFO: Run Behavior\ReadHtmlCacheBehavior [ RunTime:0.000849s ]
INFO: [ app_begin ] --END-- [ RunTime:0.000905s ]
SQL: SHOW COLUMNS FROM `tp_user` [ RunTime:0.0070s ]
SQL: SELECT `password` FROM `tp_user` WHERE `phone` = 123 LIMIT 1   [ RunTime:0.0002s ]
NOTIC: [2] Invalid argument supplied for foreach() F:\WAMP\apache\htdocs\ershou\ThinkPHP\Common\functions.php 第 1206 行.

[ 2015-02-23T16:39:56+08:00 ] ::1 /ershou/index.php/Admin/User
INFO: [ app_init ] --START--
INFO: Run Behavior\BuildLiteBehavior [ RunTime:0.000017s ]
INFO: [ app_init ] --END-- [ RunTime:0.000640s ]
INFO: [ app_begin ] --START--
INFO: Run Behavior\ReadHtmlCacheBehavior [ RunTime:0.000833s ]
INFO: [ app_begin ] --END-- [ RunTime:0.000887s ]
SQL: SHOW COLUMNS FROM `tp_user` [ RunTime:0.0087s ]
SQL: SELECT `password` FROM `tp_user` WHERE `phone` = 123 LIMIT 1   [ RunTime:0.0004s ]
NOTIC: [2] Invalid argument supplied for foreach() F:\WAMP\apache\htdocs\ershou\ThinkPHP\Common\functions.php 第 1206 行.

[ 2015-02-23T16:40:00+08:00 ] ::1 /ershou/index.php/Admin/User
INFO: [ app_init ] --START--
INFO: Run Behavior\BuildLiteBehavior [ RunTime:0.000018s ]
INFO: [ app_init ] --END-- [ RunTime:0.000504s ]
INFO: [ app_begin ] --START--
INFO: Run Behavior\ReadHtmlCacheBehavior [ RunTime:0.000800s ]
INFO: [ app_begin ] --END-- [ RunTime:0.000854s ]
SQL: SHOW COLUMNS FROM `tp_user` [ RunTime:0.0063s ]
SQL: SELECT `password` FROM `tp_user` WHERE `phone` = 123 LIMIT 1   [ RunTime:0.0003s ]
NOTIC: [2] Invalid argument supplied for foreach() F:\WAMP\apache\htdocs\ershou\ThinkPHP\Common\functions.php 第 1206 行.

[ 2015-02-23T16:40:27+08:00 ] ::1 /ershou/index.php/Admin/User
INFO: [ app_init ] --START--
INFO: Run Behavior\BuildLiteBehavior [ RunTime:0.000016s ]
INFO: [ app_init ] --END-- [ RunTime:0.000437s ]
INFO: [ app_begin ] --START--
INFO: Run Behavior\ReadHtmlCacheBehavior [ RunTime:0.000830s ]
INFO: [ app_begin ] --END-- [ RunTime:0.000889s ]
SQL: SHOW COLUMNS FROM `tp_user` [ RunTime:0.0031s ]
SQL: SELECT `password` FROM `tp_user` WHERE `phone` = 123 LIMIT 1   [ RunTime:0.0001s ]
INFO: [ view_parse ] --START--
INFO: [ template_filter ] --START--
INFO: Run Behavior\ContentReplaceBehavior [ RunTime:0.000029s ]
INFO: [ template_filter ] --END-- [ RunTime:0.000076s ]
INFO: Run Behavior\ParseTemplateBehavior [ RunTime:0.005681s ]
INFO: [ view_parse ] --END-- [ RunTime:0.005734s ]
INFO: [ view_filter ] --START--
INFO: Run Behavior\WriteHtmlCacheBehavior [ RunTime:0.000808s ]
INFO: [ view_filter ] --END-- [ RunTime:0.000857s ]
INFO: [ app_end ] --START--
INFO: Run Behavior\ShowPageTraceBehavior [ RunTime:0.000693s ]
INFO: [ app_end ] --END-- [ RunTime:0.000736s ]

[ 2015-02-23T16:40:39+08:00 ] ::1 /ershou/index.php/Admin/User
INFO: [ app_init ] --START--
INFO: Run Behavior\BuildLiteBehavior [ RunTime:0.000017s ]
INFO: [ app_init ] --END-- [ RunTime:0.000548s ]
INFO: [ app_begin ] --START--
INFO: Run Behavior\ReadHtmlCacheBehavior [ RunTime:0.001340s ]
INFO: [ app_begin ] --END-- [ RunTime:0.001424s ]
SQL: SHOW COLUMNS FROM `tp_user` [ RunTime:0.0140s ]
SQL: SELECT `password` FROM `tp_user` WHERE `phone` = 123 LIMIT 1   [ RunTime:0.0002s ]
INFO: [ view_parse ] --START--
INFO: Run Behavior\ParseTemplateBehavior [ RunTime:0.000696s ]
INFO: [ view_parse ] --END-- [ RunTime:0.000778s ]
INFO: [ view_filter ] --START--
INFO: Run Behavior\WriteHtmlCacheBehavior [ RunTime:0.000742s ]
INFO: [ view_filter ] --END-- [ RunTime:0.000813s ]
INFO: [ app_end ] --START--
INFO: Run Behavior\ShowPageTraceBehavior [ RunTime:0.001225s ]
INFO: [ app_end ] --END-- [ RunTime:0.001302s ]

[ 2015-02-23T16:41:36+08:00 ] ::1 /ershou/index.php/Admin/User
INFO: [ app_init ] --START--
INFO: Run Behavior\BuildLiteBehavior [ RunTime:0.000015s ]
INFO: [ app_init ] --END-- [ RunTime:0.000448s ]
INFO: [ app_begin ] --START--
INFO: Run Behavior\ReadHtmlCacheBehavior [ RunTime:0.000749s ]
INFO: [ app_begin ] --END-- [ RunTime:0.000799s ]
SQL: SHOW COLUMNS FROM `tp_user` [ RunTime:0.0072s ]
SQL: SELECT `password` FROM `tp_user` WHERE `phone` = 123 LIMIT 1   [ RunTime:0.0004s ]
INFO: [ view_parse ] --START--
INFO: Run Behavior\ParseTemplateBehavior [ RunTime:0.001272s ]
INFO: [ view_parse ] --END-- [ RunTime:0.001393s ]
INFO: [ view_filter ] --START--
INFO: Run Behavior\WriteHtmlCacheBehavior [ RunTime:0.001182s ]
INFO: [ view_filter ] --END-- [ RunTime:0.001286s ]
INFO: [ app_end ] --START--
INFO: Run Behavior\ShowPageTraceBehavior [ RunTime:0.001757s ]
INFO: [ app_end ] --END-- [ RunTime:0.001864s ]

[ 2015-02-23T16:42:12+08:00 ] ::1 /ershou/index.php/Admin/User
INFO: [ app_init ] --START--
INFO: Run Behavior\BuildLiteBehavior [ RunTime:0.000021s ]
INFO: [ app_init ] --END-- [ RunTime:0.000467s ]
INFO: [ app_begin ] --START--
INFO: Run Behavior\ReadHtmlCacheBehavior [ RunTime:0.000696s ]
INFO: [ app_begin ] --END-- [ RunTime:0.000745s ]
SQL: SHOW COLUMNS FROM `tp_user` [ RunTime:0.0053s ]
SQL: SELECT `password` FROM `tp_user` WHERE `phone` = 123 LIMIT 1   [ RunTime:0.0003s ]
INFO: [ view_parse ] --START--
INFO: Run Behavior\ParseTemplateBehavior [ RunTime:0.000881s ]
INFO: [ view_parse ] --END-- [ RunTime:0.000969s ]
INFO: [ view_filter ] --START--
INFO: Run Behavior\WriteHtmlCacheBehavior [ RunTime:0.000759s ]
INFO: [ view_filter ] --END-- [ RunTime:0.000831s ]
INFO: [ app_end ] --START--
INFO: Run Behavior\ShowPageTraceBehavior [ RunTime:0.001897s ]
INFO: [ app_end ] --END-- [ RunTime:0.001984s ]

[ 2015-02-23T16:42:15+08:00 ] ::1 /ershou/index.php/Admin/User
INFO: [ app_init ] --START--
INFO: Run Behavior\BuildLiteBehavior [ RunTime:0.000033s ]
INFO: [ app_init ] --END-- [ RunTime:0.001541s ]
INFO: [ app_begin ] --START--
INFO: Run Behavior\ReadHtmlCacheBehavior [ RunTime:0.000873s ]
INFO: [ app_begin ] --END-- [ RunTime:0.000942s ]
SQL: SHOW COLUMNS FROM `tp_user` [ RunTime:0.0120s ]
SQL: SELECT `password` FROM `tp_user` WHERE `phone` = 123 LIMIT 1   [ RunTime:0.0008s ]
INFO: [ view_parse ] --START--
INFO: Run Behavior\ParseTemplateBehavior [ RunTime:0.001391s ]
INFO: [ view_parse ] --END-- [ RunTime:0.001558s ]
INFO: [ view_filter ] --START--
INFO: Run Behavior\WriteHtmlCacheBehavior [ RunTime:0.001720s ]
INFO: [ view_filter ] --END-- [ RunTime:0.001864s ]
INFO: [ app_end ] --START--
INFO: Run Behavior\ShowPageTraceBehavior [ RunTime:0.002612s ]
INFO: [ app_end ] --END-- [ RunTime:0.002874s ]

[ 2015-02-23T16:42:25+08:00 ] ::1 /ershou/index.php/Admin/User
INFO: [ app_init ] --START--
INFO: Run Behavior\BuildLiteBehavior [ RunTime:0.000017s ]
INFO: [ app_init ] --END-- [ RunTime:0.000445s ]
INFO: [ app_begin ] --START--
INFO: Run Behavior\ReadHtmlCacheBehavior [ RunTime:0.000781s ]
INFO: [ app_begin ] --END-- [ RunTime:0.000842s ]
SQL: SHOW COLUMNS FROM `tp_user` [ RunTime:0.0032s ]
SQL: SELECT `password` FROM `tp_user` WHERE `phone` = 123 LIMIT 1   [ RunTime:0.0002s ]
INFO: [ view_parse ] --START--
INFO: Run Behavior\ParseTemplateBehavior [ RunTime:0.000478s ]
INFO: [ view_parse ] --END-- [ RunTime:0.000529s ]
INFO: [ view_filter ] --START--
INFO: Run Behavior\WriteHtmlCacheBehavior [ RunTime:0.000459s ]
INFO: [ view_filter ] --END-- [ RunTime:0.000499s ]
INFO: [ app_end ] --START--
INFO: Run Behavior\ShowPageTraceBehavior [ RunTime:0.000668s ]
INFO: [ app_end ] --END-- [ RunTime:0.000716s ]

[ 2015-02-23T16:42:34+08:00 ] ::1 /ershou/index.php/Admin/User
INFO: [ app_init ] --START--
INFO: Run Behavior\BuildLiteBehavior [ RunTime:0.000016s ]
INFO: [ app_init ] --END-- [ RunTime:0.000467s ]
INFO: [ app_begin ] --START--
INFO: Run Behavior\ReadHtmlCacheBehavior [ RunTime:0.000745s ]
INFO: [ app_begin ] --END-- [ RunTime:0.000807s ]
SQL: SHOW COLUMNS FROM `tp_user` [ RunTime:0.0114s ]
SQL: SELECT `password` FROM `tp_user` WHERE `phone` = 123 LIMIT 1   [ RunTime:0.0003s ]
INFO: [ view_parse ] --START--
INFO: Run Behavior\ParseTemplateBehavior [ RunTime:0.001278s ]
INFO: [ view_parse ] --END-- [ RunTime:0.001417s ]
INFO: [ view_filter ] --START--
INFO: Run Behavior\WriteHtmlCacheBehavior [ RunTime:0.002386s ]
INFO: [ view_filter ] --END-- [ RunTime:0.002566s ]
INFO: [ app_end ] --START--
INFO: Run Behavior\ShowPageTraceBehavior [ RunTime:0.001910s ]
INFO: [ app_end ] --END-- [ RunTime:0.002031s ]

[ 2015-02-23T16:42:35+08:00 ] ::1 /ershou/index.php/Admin/User
INFO: [ app_init ] --START--
INFO: Run Behavior\BuildLiteBehavior [ RunTime:0.000015s ]
INFO: [ app_init ] --END-- [ RunTime:0.000457s ]
INFO: [ app_begin ] --START--
INFO: Run Behavior\ReadHtmlCacheBehavior [ RunTime:0.000815s ]
INFO: [ app_begin ] --END-- [ RunTime:0.000871s ]
SQL: SHOW COLUMNS FROM `tp_user` [ RunTime:0.0029s ]
SQL: SELECT `password` FROM `tp_user` WHERE `phone` = 123 LIMIT 1   [ RunTime:0.0001s ]
INFO: [ view_parse ] --START--
INFO: Run Behavior\ParseTemplateBehavior [ RunTime:0.000482s ]
INFO: [ view_parse ] --END-- [ RunTime:0.000533s ]
INFO: [ view_filter ] --START--
INFO: Run Behavior\WriteHtmlCacheBehavior [ RunTime:0.000508s ]
INFO: [ view_filter ] --END-- [ RunTime:0.000548s ]
INFO: [ app_end ] --START--
INFO: Run Behavior\ShowPageTraceBehavior [ RunTime:0.000696s ]
INFO: [ app_end ] --END-- [ RunTime:0.000741s ]

[ 2015-02-23T16:42:36+08:00 ] ::1 /ershou/index.php/Admin/User
INFO: [ app_init ] --START--
INFO: Run Behavior\BuildLiteBehavior [ RunTime:0.000015s ]
INFO: [ app_init ] --END-- [ RunTime:0.000400s ]
INFO: [ app_begin ] --START--
INFO: Run Behavior\ReadHtmlCacheBehavior [ RunTime:0.000644s ]
INFO: [ app_begin ] --END-- [ RunTime:0.000695s ]
SQL: SHOW COLUMNS FROM `tp_user` [ RunTime:0.0031s ]
SQL: SELECT `password` FROM `tp_user` WHERE `phone` = 123 LIMIT 1   [ RunTime:0.0001s ]
INFO: [ view_parse ] --START--
INFO: Run Behavior\ParseTemplateBehavior [ RunTime:0.000519s ]
INFO: [ view_parse ] --END-- [ RunTime:0.000566s ]
INFO: [ view_filter ] --START--
INFO: Run Behavior\WriteHtmlCacheBehavior [ RunTime:0.000367s ]
INFO: [ view_filter ] --END-- [ RunTime:0.000408s ]
INFO: [ app_end ] --START--
INFO: Run Behavior\ShowPageTraceBehavior [ RunTime:0.000664s ]
INFO: [ app_end ] --END-- [ RunTime:0.000708s ]

[ 2015-02-23T16:42:37+08:00 ] ::1 /ershou/index.php/Admin/User
INFO: [ app_init ] --START--
INFO: Run Behavior\BuildLiteBehavior [ RunTime:0.000025s ]
INFO: [ app_init ] --END-- [ RunTime:0.000770s ]
INFO: [ app_begin ] --START--
INFO: Run Behavior\ReadHtmlCacheBehavior [ RunTime:0.000678s ]
INFO: [ app_begin ] --END-- [ RunTime:0.000738s ]
SQL: SHOW COLUMNS FROM `tp_user` [ RunTime:0.0055s ]
SQL: SELECT `password` FROM `tp_user` WHERE `phone` = 123 LIMIT 1   [ RunTime:0.0002s ]
INFO: [ view_parse ] --START--
INFO: Run Behavior\ParseTemplateBehavior [ RunTime:0.000783s ]
INFO: [ view_parse ] --END-- [ RunTime:0.000872s ]
INFO: [ view_filter ] --START--
INFO: Run Behavior\WriteHtmlCacheBehavior [ RunTime:0.000698s ]
INFO: [ view_filter ] --END-- [ RunTime:0.000775s ]
INFO: [ app_end ] --START--
INFO: Run Behavior\ShowPageTraceBehavior [ RunTime:0.001009s ]
INFO: [ app_end ] --END-- [ RunTime:0.001089s ]

[ 2015-02-23T16:42:39+08:00 ] ::1 /ershou/index.php/Admin/User
INFO: [ app_init ] --START--
INFO: Run Behavior\BuildLiteBehavior [ RunTime:0.000015s ]
INFO: [ app_init ] --END-- [ RunTime:0.000417s ]
INFO: [ app_begin ] --START--
INFO: Run Behavior\ReadHtmlCacheBehavior [ RunTime:0.000618s ]
INFO: [ app_begin ] --END-- [ RunTime:0.000667s ]
SQL: SHOW COLUMNS FROM `tp_user` [ RunTime:0.0083s ]
SQL: SELECT `password` FROM `tp_user` WHERE `phone` = 123 LIMIT 1   [ RunTime:0.0002s ]
INFO: [ view_parse ] --START--
INFO: Run Behavior\ParseTemplateBehavior [ RunTime:0.000645s ]
INFO: [ view_parse ] --END-- [ RunTime:0.000728s ]
INFO: [ view_filter ] --START--
INFO: Run Behavior\WriteHtmlCacheBehavior [ RunTime:0.000558s ]
INFO: [ view_filter ] --END-- [ RunTime:0.000631s ]
INFO: [ app_end ] --START--
INFO: Run Behavior\ShowPageTraceBehavior [ RunTime:0.000923s ]
INFO: [ app_end ] --END-- [ RunTime:0.001003s ]

[ 2015-02-23T16:43:27+08:00 ] ::1 /ershou/index.php/Admin/User
INFO: [ app_init ] --START--
INFO: Run Behavior\BuildLiteBehavior [ RunTime:0.000015s ]
INFO: [ app_init ] --END-- [ RunTime:0.000338s ]
INFO: [ app_begin ] --START--
INFO: Run Behavior\ReadHtmlCacheBehavior [ RunTime:0.000550s ]
INFO: [ app_begin ] --END-- [ RunTime:0.000600s ]
SQL: SHOW COLUMNS FROM `tp_user` [ RunTime:0.0029s ]
SQL: SELECT `password` FROM `tp_user` WHERE `phone` = 123 LIMIT 1   [ RunTime:0.0001s ]

[ 2015-02-23T16:46:34+08:00 ] ::1 /ershou/index.php/Admin/User
INFO: [ app_init ] --START--
INFO: Run Behavior\BuildLiteBehavior [ RunTime:0.000019s ]
INFO: [ app_init ] --END-- [ RunTime:0.000381s ]
INFO: [ app_begin ] --START--
INFO: Run Behavior\ReadHtmlCacheBehavior [ RunTime:0.000903s ]
INFO: [ app_begin ] --END-- [ RunTime:0.000992s ]
SQL: SHOW COLUMNS FROM `tp_user` [ RunTime:0.0048s ]
SQL: SELECT `password` FROM `tp_user` WHERE `phone` = 123 LIMIT 1   [ RunTime:0.0005s ]

[ 2015-02-23T17:01:11+08:00 ] ::1 /ershou/index.php/Admin/User
INFO: [ app_init ] --START--
INFO: Run Behavior\BuildLiteBehavior [ RunTime:0.000034s ]
INFO: [ app_init ] --END-- [ RunTime:0.000494s ]
INFO: [ app_begin ] --START--
INFO: Run Behavior\ReadHtmlCacheBehavior [ RunTime:0.000667s ]
INFO: [ app_begin ] --END-- [ RunTime:0.000724s ]
SQL: SHOW COLUMNS FROM `tp_user` [ RunTime:0.0034s ]
SQL: SELECT `password` FROM `tp_user` WHERE `phone` = 123 LIMIT 1   [ RunTime:0.0001s ]

