[ 2015-02-18T20:48:43+08:00 ] ::1 /ershou/index.php/Admin/Goods/
INFO: [ app_init ] --START--
INFO: Run Behavior\BuildLiteBehavior [ RunTime:0.000019s ]
INFO: [ app_init ] --END-- [ RunTime:0.016661s ]
INFO: [ app_begin ] --START--
INFO: Run Behavior\ReadHtmlCacheBehavior [ RunTime:0.001315s ]
INFO: [ app_begin ] --END-- [ RunTime:0.001378s ]
SQL: SHOW COLUMNS FROM `tp_goods` [ RunTime:0.2944s ]
SQL: SELECT * FROM `tp_goods`  [ RunTime:0.0006s ]
INFO: [ view_parse ] --START--
INFO: [ template_filter ] --START--
INFO: Run Behavior\ContentReplaceBehavior [ RunTime:0.000039s ]
INFO: [ template_filter ] --END-- [ RunTime:0.000094s ]
NOTIC: [8] Undefined variable: goodsCount F:\WAMP\apache\htdocs\ershou\Runtime\Cache\Admin\eb28dcc79586c855274cb6931152edde.php 第 25 行.
INFO: Run Behavior\ParseTemplateBehavior [ RunTime:0.171666s ]
INFO: [ view_parse ] --END-- [ RunTime:0.171735s ]
INFO: [ view_filter ] --START--
INFO: Run Behavior\WriteHtmlCacheBehavior [ RunTime:0.007974s ]
INFO: [ view_filter ] --END-- [ RunTime:0.008050s ]
INFO: [ app_end ] --START--
INFO: Run Behavior\ShowPageTraceBehavior [ RunTime:0.060116s ]
INFO: [ app_end ] --END-- [ RunTime:0.060210s ]

[ 2015-02-18T21:13:23+08:00 ] ::1 /ershou/index.php/Admin/Goods/
INFO: [ app_init ] --START--
INFO: Run Behavior\BuildLiteBehavior [ RunTime:0.000028s ]
INFO: [ app_init ] --END-- [ RunTime:0.000459s ]
INFO: [ app_begin ] --START--
INFO: Run Behavior\ReadHtmlCacheBehavior [ RunTime:0.000608s ]
INFO: [ app_begin ] --END-- [ RunTime:0.000658s ]
SQL: SHOW COLUMNS FROM `tp_goods` [ RunTime:0.0037s ]
SQL: SELECT * FROM `tp_goods`  [ RunTime:0.0002s ]
INFO: [ view_parse ] --START--
INFO: [ template_filter ] --START--
INFO: Run Behavior\ContentReplaceBehavior [ RunTime:0.000046s ]
INFO: [ template_filter ] --END-- [ RunTime:0.000141s ]
NOTIC: [8] Undefined variable: goodsCount F:\WAMP\apache\htdocs\ershou\Runtime\Cache\Admin\eb28dcc79586c855274cb6931152edde.php 第 25 行.
INFO: Run Behavior\ParseTemplateBehavior [ RunTime:0.007621s ]
INFO: [ view_parse ] --END-- [ RunTime:0.007671s ]
INFO: [ view_filter ] --START--
INFO: Run Behavior\WriteHtmlCacheBehavior [ RunTime:0.000291s ]
INFO: [ view_filter ] --END-- [ RunTime:0.000332s ]
INFO: [ app_end ] --START--
INFO: Run Behavior\ShowPageTraceBehavior [ RunTime:0.000551s ]
INFO: [ app_end ] --END-- [ RunTime:0.000593s ]

[ 2015-02-18T21:13:36+08:00 ] ::1 /ershou/index.php/Admin/Goods/
INFO: [ app_init ] --START--
INFO: Run Behavior\BuildLiteBehavior [ RunTime:0.000017s ]
INFO: [ app_init ] --END-- [ RunTime:0.000482s ]
INFO: [ app_begin ] --START--
INFO: Run Behavior\ReadHtmlCacheBehavior [ RunTime:0.000629s ]
INFO: [ app_begin ] --END-- [ RunTime:0.000686s ]
SQL: SHOW COLUMNS FROM `tp_goods` [ RunTime:0.0044s ]
SQL: SELECT * FROM `tp_goods`  [ RunTime:0.0004s ]
INFO: [ view_parse ] --START--
INFO: [ template_filter ] --START--
INFO: Run Behavior\ContentReplaceBehavior [ RunTime:0.000051s ]
INFO: [ template_filter ] --END-- [ RunTime:0.000127s ]
NOTIC: [8] Undefined variable: goodsCount F:\WAMP\apache\htdocs\ershou\Runtime\Cache\Admin\eb28dcc79586c855274cb6931152edde.php 第 25 行.
INFO: Run Behavior\ParseTemplateBehavior [ RunTime:0.008391s ]
INFO: [ view_parse ] --END-- [ RunTime:0.008466s ]
INFO: [ view_filter ] --START--
INFO: Run Behavior\WriteHtmlCacheBehavior [ RunTime:0.000433s ]
INFO: [ view_filter ] --END-- [ RunTime:0.000493s ]
INFO: [ app_end ] --START--
INFO: Run Behavior\ShowPageTraceBehavior [ RunTime:0.000605s ]
INFO: [ app_end ] --END-- [ RunTime:0.000656s ]

[ 2015-02-18T21:18:13+08:00 ] ::1 /ershou/index.php/Admin/Goods/
INFO: [ app_init ] --START--
INFO: Run Behavior\BuildLiteBehavior [ RunTime:0.000030s ]
INFO: [ app_init ] --END-- [ RunTime:0.000483s ]
INFO: [ app_begin ] --START--
INFO: Run Behavior\ReadHtmlCacheBehavior [ RunTime:0.000679s ]
INFO: [ app_begin ] --END-- [ RunTime:0.000763s ]
SQL: SHOW COLUMNS FROM `tp_goods` [ RunTime:0.0043s ]
SQL: SELECT * FROM `tp_goods`  [ RunTime:0.0002s ]
INFO: [ view_parse ] --START--
INFO: [ template_filter ] --START--
INFO: Run Behavior\ContentReplaceBehavior [ RunTime:0.000044s ]
INFO: [ template_filter ] --END-- [ RunTime:0.000101s ]
NOTIC: [8] Undefined variable: goodsCount F:\WAMP\apache\htdocs\ershou\Runtime\Cache\Admin\eb28dcc79586c855274cb6931152edde.php 第 25 行.
NOTIC: [8] Array to string conversion F:\WAMP\apache\htdocs\ershou\Runtime\Cache\Admin\eb28dcc79586c855274cb6931152edde.php 第 42 行.
NOTIC: [8] Array to string conversion F:\WAMP\apache\htdocs\ershou\Runtime\Cache\Admin\eb28dcc79586c855274cb6931152edde.php 第 42 行.
NOTIC: [8] Array to string conversion F:\WAMP\apache\htdocs\ershou\Runtime\Cache\Admin\eb28dcc79586c855274cb6931152edde.php 第 42 行.
NOTIC: [8] Array to string conversion F:\WAMP\apache\htdocs\ershou\Runtime\Cache\Admin\eb28dcc79586c855274cb6931152edde.php 第 42 行.
NOTIC: [8] Array to string conversion F:\WAMP\apache\htdocs\ershou\Runtime\Cache\Admin\eb28dcc79586c855274cb6931152edde.php 第 42 行.
NOTIC: [8] Array to string conversion F:\WAMP\apache\htdocs\ershou\Runtime\Cache\Admin\eb28dcc79586c855274cb6931152edde.php 第 42 行.
NOTIC: [8] Array to string conversion F:\WAMP\apache\htdocs\ershou\Runtime\Cache\Admin\eb28dcc79586c855274cb6931152edde.php 第 42 行.
NOTIC: [8] Array to string conversion F:\WAMP\apache\htdocs\ershou\Runtime\Cache\Admin\eb28dcc79586c855274cb6931152edde.php 第 42 行.
NOTIC: [8] Array to string conversion F:\WAMP\apache\htdocs\ershou\Runtime\Cache\Admin\eb28dcc79586c855274cb6931152edde.php 第 42 行.
NOTIC: [8] Array to string conversion F:\WAMP\apache\htdocs\ershou\Runtime\Cache\Admin\eb28dcc79586c855274cb6931152edde.php 第 42 行.
INFO: Run Behavior\ParseTemplateBehavior [ RunTime:0.007480s ]
INFO: [ view_parse ] --END-- [ RunTime:0.007539s ]
INFO: [ view_filter ] --START--
INFO: Run Behavior\WriteHtmlCacheBehavior [ RunTime:0.000360s ]
INFO: [ view_filter ] --END-- [ RunTime:0.000401s ]
INFO: [ app_end ] --START--
INFO: Run Behavior\ShowPageTraceBehavior [ RunTime:0.000610s ]
INFO: [ app_end ] --END-- [ RunTime:0.000661s ]

[ 2015-02-18T21:18:53+08:00 ] ::1 /ershou/index.php/Admin/Goods/
INFO: [ app_init ] --START--
INFO: Run Behavior\BuildLiteBehavior [ RunTime:0.000025s ]
INFO: [ app_init ] --END-- [ RunTime:0.000643s ]
INFO: [ app_begin ] --START--
INFO: Run Behavior\ReadHtmlCacheBehavior [ RunTime:0.000591s ]
INFO: [ app_begin ] --END-- [ RunTime:0.000641s ]
SQL: SHOW COLUMNS FROM `tp_goods` [ RunTime:0.0031s ]
SQL: SELECT * FROM `tp_goods`  [ RunTime:0.0002s ]
INFO: [ view_parse ] --START--
INFO: [ template_filter ] --START--
INFO: Run Behavior\ContentReplaceBehavior [ RunTime:0.000066s ]
INFO: [ template_filter ] --END-- [ RunTime:0.000165s ]
NOTIC: [8] Undefined variable: goodsCount F:\WAMP\apache\htdocs\ershou\Runtime\Cache\Admin\eb28dcc79586c855274cb6931152edde.php 第 25 行.
NOTIC: [8] Array to string conversion F:\WAMP\apache\htdocs\ershou\Runtime\Cache\Admin\eb28dcc79586c855274cb6931152edde.php 第 42 行.
NOTIC: [8] Array to string conversion F:\WAMP\apache\htdocs\ershou\Runtime\Cache\Admin\eb28dcc79586c855274cb6931152edde.php 第 42 行.
NOTIC: [8] Array to string conversion F:\WAMP\apache\htdocs\ershou\Runtime\Cache\Admin\eb28dcc79586c855274cb6931152edde.php 第 42 行.
NOTIC: [8] Array to string conversion F:\WAMP\apache\htdocs\ershou\Runtime\Cache\Admin\eb28dcc79586c855274cb6931152edde.php 第 42 行.
NOTIC: [8] Array to string conversion F:\WAMP\apache\htdocs\ershou\Runtime\Cache\Admin\eb28dcc79586c855274cb6931152edde.php 第 42 行.
NOTIC: [8] Array to string conversion F:\WAMP\apache\htdocs\ershou\Runtime\Cache\Admin\eb28dcc79586c855274cb6931152edde.php 第 42 行.
NOTIC: [8] Array to string conversion F:\WAMP\apache\htdocs\ershou\Runtime\Cache\Admin\eb28dcc79586c855274cb6931152edde.php 第 42 行.
NOTIC: [8] Array to string conversion F:\WAMP\apache\htdocs\ershou\Runtime\Cache\Admin\eb28dcc79586c855274cb6931152edde.php 第 42 行.
NOTIC: [8] Array to string conversion F:\WAMP\apache\htdocs\ershou\Runtime\Cache\Admin\eb28dcc79586c855274cb6931152edde.php 第 42 行.
NOTIC: [8] Array to string conversion F:\WAMP\apache\htdocs\ershou\Runtime\Cache\Admin\eb28dcc79586c855274cb6931152edde.php 第 42 行.
INFO: Run Behavior\ParseTemplateBehavior [ RunTime:0.007421s ]
INFO: [ view_parse ] --END-- [ RunTime:0.007475s ]
INFO: [ view_filter ] --START--
INFO: Run Behavior\WriteHtmlCacheBehavior [ RunTime:0.000396s ]
INFO: [ view_filter ] --END-- [ RunTime:0.000439s ]
INFO: [ app_end ] --START--
INFO: Run Behavior\ShowPageTraceBehavior [ RunTime:0.000557s ]
INFO: [ app_end ] --END-- [ RunTime:0.000600s ]

[ 2015-02-18T21:30:59+08:00 ] ::1 /ershou/index.php/Admin/Goods/
INFO: [ app_init ] --START--
INFO: Run Behavior\BuildLiteBehavior [ RunTime:0.000017s ]
INFO: [ app_init ] --END-- [ RunTime:0.000894s ]
INFO: [ app_begin ] --START--
INFO: Run Behavior\ReadHtmlCacheBehavior [ RunTime:0.000633s ]
INFO: [ app_begin ] --END-- [ RunTime:0.000694s ]
SQL: SHOW COLUMNS FROM `tp_goods` [ RunTime:0.0038s ]
SQL: SELECT * FROM `tp_goods`  [ RunTime:0.0002s ]
INFO: [ view_parse ] --START--
INFO: [ template_filter ] --START--
INFO: Run Behavior\ContentReplaceBehavior [ RunTime:0.000042s ]
INFO: [ template_filter ] --END-- [ RunTime:0.000096s ]
NOTIC: [8] Undefined variable: goodsCount F:\WAMP\apache\htdocs\ershou\Runtime\Cache\Admin\eb28dcc79586c855274cb6931152edde.php 第 25 行.
INFO: Run Behavior\ParseTemplateBehavior [ RunTime:0.007490s ]
INFO: [ view_parse ] --END-- [ RunTime:0.007537s ]
INFO: [ view_filter ] --START--
INFO: Run Behavior\WriteHtmlCacheBehavior [ RunTime:0.000309s ]
INFO: [ view_filter ] --END-- [ RunTime:0.000346s ]
INFO: [ app_end ] --START--
INFO: Run Behavior\ShowPageTraceBehavior [ RunTime:0.000538s ]
INFO: [ app_end ] --END-- [ RunTime:0.000577s ]

[ 2015-02-18T21:31:00+08:00 ] ::1 /ershou/index.php/Admin/Goods/1
INFO: [ app_init ] --START--
INFO: Run Behavior\BuildLiteBehavior [ RunTime:0.000015s ]
INFO: [ app_init ] --END-- [ RunTime:0.000345s ]
INFO: [ app_begin ] --START--
INFO: Run Behavior\ReadHtmlCacheBehavior [ RunTime:0.000486s ]
INFO: [ app_begin ] --END-- [ RunTime:0.000533s ]
ERR: 非法操作:1

[ 2015-02-18T21:31:00+08:00 ] ::1 /ershou/index.php/Admin/Goods/123
INFO: [ app_init ] --START--
INFO: Run Behavior\BuildLiteBehavior [ RunTime:0.000012s ]
INFO: [ app_init ] --END-- [ RunTime:0.000350s ]
INFO: [ app_begin ] --START--
INFO: Run Behavior\ReadHtmlCacheBehavior [ RunTime:0.000545s ]
INFO: [ app_begin ] --END-- [ RunTime:0.000594s ]
ERR: 非法操作:123

[ 2015-02-18T21:31:00+08:00 ] ::1 /ershou/index.php/Admin/Goods/Runtime/Data/1/1424012521
INFO: [ app_init ] --START--
INFO: Run Behavior\BuildLiteBehavior [ RunTime:0.000035s ]
INFO: [ app_init ] --END-- [ RunTime:0.000522s ]
INFO: [ app_begin ] --START--
INFO: Run Behavior\ReadHtmlCacheBehavior [ RunTime:0.000569s ]
INFO: [ app_begin ] --END-- [ RunTime:0.000625s ]
ERR: 非法操作:Runtime

[ 2015-02-18T21:31:00+08:00 ] ::1 /ershou/index.php/Admin/Goods/Runtime/Data/1/1424012711/
INFO: [ app_init ] --START--
INFO: Run Behavior\BuildLiteBehavior [ RunTime:0.000015s ]
INFO: [ app_init ] --END-- [ RunTime:0.000401s ]
INFO: [ app_begin ] --START--
INFO: Run Behavior\ReadHtmlCacheBehavior [ RunTime:0.000716s ]
INFO: [ app_begin ] --END-- [ RunTime:0.000805s ]
ERR: 非法操作:Runtime

[ 2015-02-18T21:37:08+08:00 ] ::1 /ershou/index.php/Admin/Goods/
INFO: [ app_init ] --START--
INFO: Run Behavior\BuildLiteBehavior [ RunTime:0.000015s ]
INFO: [ app_init ] --END-- [ RunTime:0.000425s ]
INFO: [ app_begin ] --START--
INFO: Run Behavior\ReadHtmlCacheBehavior [ RunTime:0.000585s ]
INFO: [ app_begin ] --END-- [ RunTime:0.000633s ]
SQL: SHOW COLUMNS FROM `tp_goods` [ RunTime:0.0115s ]
SQL: SELECT * FROM `tp_goods`  [ RunTime:0.0008s ]
INFO: [ view_parse ] --START--
INFO: [ template_filter ] --START--
INFO: Run Behavior\ContentReplaceBehavior [ RunTime:0.000067s ]
INFO: [ template_filter ] --END-- [ RunTime:0.000152s ]
NOTIC: [8] Undefined variable: goodsCount F:\WAMP\apache\htdocs\ershou\Runtime\Cache\Admin\eb28dcc79586c855274cb6931152edde.php 第 25 行.
INFO: Run Behavior\ParseTemplateBehavior [ RunTime:0.015017s ]
INFO: [ view_parse ] --END-- [ RunTime:0.015139s ]
INFO: [ view_filter ] --START--
INFO: Run Behavior\WriteHtmlCacheBehavior [ RunTime:0.000593s ]
INFO: [ view_filter ] --END-- [ RunTime:0.000657s ]
INFO: [ app_end ] --START--
INFO: Run Behavior\ShowPageTraceBehavior [ RunTime:0.001009s ]
INFO: [ app_end ] --END-- [ RunTime:0.001074s ]

[ 2015-02-18T21:39:38+08:00 ] ::1 /ershou/index.php/Admin/Goods/
INFO: [ app_init ] --START--
INFO: Run Behavior\BuildLiteBehavior [ RunTime:0.000022s ]
INFO: [ app_init ] --END-- [ RunTime:0.000616s ]
INFO: [ app_begin ] --START--
INFO: Run Behavior\ReadHtmlCacheBehavior [ RunTime:0.000600s ]
INFO: [ app_begin ] --END-- [ RunTime:0.000650s ]
SQL: SHOW COLUMNS FROM `tp_goods` [ RunTime:0.0048s ]
SQL: SELECT * FROM `tp_goods`  [ RunTime:0.0004s ]
INFO: [ view_parse ] --START--
INFO: [ template_filter ] --START--
INFO: Run Behavior\ContentReplaceBehavior [ RunTime:0.000067s ]
INFO: [ template_filter ] --END-- [ RunTime:0.000146s ]
NOTIC: [8] Undefined variable: goodsCount F:\WAMP\apache\htdocs\ershou\Runtime\Cache\Admin\eb28dcc79586c855274cb6931152edde.php 第 25 行.
INFO: Run Behavior\ParseTemplateBehavior [ RunTime:0.010617s ]
INFO: [ view_parse ] --END-- [ RunTime:0.010695s ]
INFO: [ view_filter ] --START--
INFO: Run Behavior\WriteHtmlCacheBehavior [ RunTime:0.000523s ]
INFO: [ view_filter ] --END-- [ RunTime:0.000591s ]
INFO: [ app_end ] --START--
INFO: Run Behavior\ShowPageTraceBehavior [ RunTime:0.001017s ]
INFO: [ app_end ] --END-- [ RunTime:0.001109s ]

[ 2015-02-18T21:39:38+08:00 ] ::1 /ershou/index.php/Admin/Goods/__DATA_PATH__1
INFO: [ app_init ] --START--
INFO: Run Behavior\BuildLiteBehavior [ RunTime:0.000014s ]
INFO: [ app_init ] --END-- [ RunTime:0.000366s ]
INFO: [ app_begin ] --START--
INFO: Run Behavior\ReadHtmlCacheBehavior [ RunTime:0.000537s ]
INFO: [ app_begin ] --END-- [ RunTime:0.000603s ]
ERR: 非法操作:__DATA_PATH__1

[ 2015-02-18T21:39:38+08:00 ] ::1 /ershou/index.php/Admin/Goods/__DATA_PATH__123
INFO: [ app_init ] --START--
INFO: Run Behavior\BuildLiteBehavior [ RunTime:0.000021s ]
INFO: [ app_init ] --END-- [ RunTime:0.000523s ]
INFO: [ app_begin ] --START--
INFO: Run Behavior\ReadHtmlCacheBehavior [ RunTime:0.000818s ]
INFO: [ app_begin ] --END-- [ RunTime:0.000895s ]
ERR: 非法操作:__DATA_PATH__123

[ 2015-02-18T21:39:38+08:00 ] ::1 /ershou/index.php/Admin/Goods/__DATA_PATH__./Runtime/Data/1/1424012521
INFO: [ app_init ] --START--
INFO: Run Behavior\BuildLiteBehavior [ RunTime:0.000021s ]
INFO: [ app_init ] --END-- [ RunTime:0.000540s ]
INFO: [ app_begin ] --START--
INFO: Run Behavior\ReadHtmlCacheBehavior [ RunTime:0.000829s ]
INFO: [ app_begin ] --END-- [ RunTime:0.000915s ]
ERR: 非法操作:__DATA_PATH__

[ 2015-02-18T21:39:38+08:00 ] ::1 /ershou/index.php/Admin/Goods/__DATA_PATH__./Runtime/Data/1/1424012711/
INFO: [ app_init ] --START--
INFO: Run Behavior\BuildLiteBehavior [ RunTime:0.000021s ]
INFO: [ app_init ] --END-- [ RunTime:0.000492s ]
INFO: [ app_begin ] --START--
INFO: Run Behavior\ReadHtmlCacheBehavior [ RunTime:0.000890s ]
INFO: [ app_begin ] --END-- [ RunTime:0.000978s ]
ERR: 非法操作:__DATA_PATH__

[ 2015-02-18T21:40:00+08:00 ] ::1 /ershou/index.php/Admin/Goods/
INFO: [ app_init ] --START--
INFO: Run Behavior\BuildLiteBehavior [ RunTime:0.000015s ]
INFO: [ app_init ] --END-- [ RunTime:0.000404s ]
INFO: [ app_begin ] --START--
INFO: Run Behavior\ReadHtmlCacheBehavior [ RunTime:0.000538s ]
INFO: [ app_begin ] --END-- [ RunTime:0.000586s ]
SQL: SHOW COLUMNS FROM `tp_goods` [ RunTime:0.0032s ]
SQL: SELECT * FROM `tp_goods`  [ RunTime:0.0003s ]
INFO: [ view_parse ] --START--
INFO: [ template_filter ] --START--
INFO: Run Behavior\ContentReplaceBehavior [ RunTime:0.000066s ]
INFO: [ template_filter ] --END-- [ RunTime:0.000162s ]
NOTIC: [8] Undefined variable: goodsCount F:\WAMP\apache\htdocs\ershou\Runtime\Cache\Admin\eb28dcc79586c855274cb6931152edde.php 第 25 行.
INFO: Run Behavior\ParseTemplateBehavior [ RunTime:0.010600s ]
INFO: [ view_parse ] --END-- [ RunTime:0.010676s ]
INFO: [ view_filter ] --START--
INFO: Run Behavior\WriteHtmlCacheBehavior [ RunTime:0.000422s ]
INFO: [ view_filter ] --END-- [ RunTime:0.000471s ]
INFO: [ app_end ] --START--
INFO: Run Behavior\ShowPageTraceBehavior [ RunTime:0.000734s ]
INFO: [ app_end ] --END-- [ RunTime:0.000787s ]

[ 2015-02-18T21:40:00+08:00 ] ::1 /ershou/index.php/Admin/Goods/%7BDATA_PATH%7D1
INFO: [ app_init ] --START--
INFO: Run Behavior\BuildLiteBehavior [ RunTime:0.000021s ]
INFO: [ app_init ] --END-- [ RunTime:0.000543s ]
INFO: [ app_begin ] --START--
INFO: Run Behavior\ReadHtmlCacheBehavior [ RunTime:0.000703s ]
INFO: [ app_begin ] --END-- [ RunTime:0.000778s ]
ERR: 非法操作:{DATA_PATH}1

[ 2015-02-18T21:40:00+08:00 ] ::1 /ershou/index.php/Admin/Goods/%7BDATA_PATH%7D./Runtime/Data/1/1424012521
INFO: [ app_init ] --START--
INFO: Run Behavior\BuildLiteBehavior [ RunTime:0.000022s ]
INFO: [ app_init ] --END-- [ RunTime:0.000480s ]
INFO: [ app_begin ] --START--
INFO: Run Behavior\ReadHtmlCacheBehavior [ RunTime:0.000699s ]
INFO: [ app_begin ] --END-- [ RunTime:0.000780s ]
ERR: 非法操作:{DATA_PATH}

[ 2015-02-18T21:40:00+08:00 ] ::1 /ershou/index.php/Admin/Goods/%7BDATA_PATH%7D./Runtime/Data/1/1424012711/
INFO: [ app_init ] --START--
INFO: Run Behavior\BuildLiteBehavior [ RunTime:0.000020s ]
INFO: [ app_init ] --END-- [ RunTime:0.000476s ]
INFO: [ app_begin ] --START--
INFO: Run Behavior\ReadHtmlCacheBehavior [ RunTime:0.000774s ]
INFO: [ app_begin ] --END-- [ RunTime:0.000854s ]
ERR: 非法操作:{DATA_PATH}

[ 2015-02-18T21:40:00+08:00 ] ::1 /ershou/index.php/Admin/Goods/%7BDATA_PATH%7D123
INFO: [ app_init ] --START--
INFO: Run Behavior\BuildLiteBehavior [ RunTime:0.000021s ]
INFO: [ app_init ] --END-- [ RunTime:0.000489s ]
INFO: [ app_begin ] --START--
INFO: Run Behavior\ReadHtmlCacheBehavior [ RunTime:0.000878s ]
INFO: [ app_begin ] --END-- [ RunTime:0.000965s ]
ERR: 非法操作:{DATA_PATH}123

[ 2015-02-18T21:40:21+08:00 ] ::1 /ershou/index.php/Admin/Goods/
INFO: [ app_init ] --START--
INFO: Run Behavior\BuildLiteBehavior [ RunTime:0.000023s ]
INFO: [ app_init ] --END-- [ RunTime:0.000434s ]
INFO: [ app_begin ] --START--
INFO: Run Behavior\ReadHtmlCacheBehavior [ RunTime:0.000543s ]
INFO: [ app_begin ] --END-- [ RunTime:0.000589s ]
SQL: SHOW COLUMNS FROM `tp_goods` [ RunTime:0.0111s ]
SQL: SELECT * FROM `tp_goods`  [ RunTime:0.0008s ]
INFO: [ view_parse ] --START--
INFO: [ template_filter ] --START--
INFO: Run Behavior\ContentReplaceBehavior [ RunTime:0.000093s ]
INFO: [ template_filter ] --END-- [ RunTime:0.000208s ]
NOTIC: [8] Undefined variable: goodsCount F:\WAMP\apache\htdocs\ershou\Runtime\Cache\Admin\eb28dcc79586c855274cb6931152edde.php 第 25 行.
NOTIC: [8] Undefined variable: DATA_PATH F:\WAMP\apache\htdocs\ershou\Runtime\Cache\Admin\eb28dcc79586c855274cb6931152edde.php 第 42 行.
NOTIC: [8] Undefined variable: DATA_PATH F:\WAMP\apache\htdocs\ershou\Runtime\Cache\Admin\eb28dcc79586c855274cb6931152edde.php 第 42 行.
NOTIC: [8] Undefined variable: DATA_PATH F:\WAMP\apache\htdocs\ershou\Runtime\Cache\Admin\eb28dcc79586c855274cb6931152edde.php 第 42 行.
NOTIC: [8] Undefined variable: DATA_PATH F:\WAMP\apache\htdocs\ershou\Runtime\Cache\Admin\eb28dcc79586c855274cb6931152edde.php 第 42 行.
NOTIC: [8] Undefined variable: DATA_PATH F:\WAMP\apache\htdocs\ershou\Runtime\Cache\Admin\eb28dcc79586c855274cb6931152edde.php 第 42 行.
NOTIC: [8] Undefined variable: DATA_PATH F:\WAMP\apache\htdocs\ershou\Runtime\Cache\Admin\eb28dcc79586c855274cb6931152edde.php 第 42 行.
NOTIC: [8] Undefined variable: DATA_PATH F:\WAMP\apache\htdocs\ershou\Runtime\Cache\Admin\eb28dcc79586c855274cb6931152edde.php 第 42 行.
NOTIC: [8] Undefined variable: DATA_PATH F:\WAMP\apache\htdocs\ershou\Runtime\Cache\Admin\eb28dcc79586c855274cb6931152edde.php 第 42 行.
NOTIC: [8] Undefined variable: DATA_PATH F:\WAMP\apache\htdocs\ershou\Runtime\Cache\Admin\eb28dcc79586c855274cb6931152edde.php 第 42 行.
NOTIC: [8] Undefined variable: DATA_PATH F:\WAMP\apache\htdocs\ershou\Runtime\Cache\Admin\eb28dcc79586c855274cb6931152edde.php 第 42 行.
INFO: Run Behavior\ParseTemplateBehavior [ RunTime:0.016089s ]
INFO: [ view_parse ] --END-- [ RunTime:0.016230s ]
INFO: [ view_filter ] --START--
INFO: Run Behavior\WriteHtmlCacheBehavior [ RunTime:0.000844s ]
INFO: [ view_filter ] --END-- [ RunTime:0.000936s ]
INFO: [ app_end ] --START--
INFO: Run Behavior\ShowPageTraceBehavior [ RunTime:0.001390s ]
INFO: [ app_end ] --END-- [ RunTime:0.001505s ]

[ 2015-02-18T21:40:21+08:00 ] ::1 /ershou/index.php/Admin/Goods/Runtime/Data/1/1424012711/
INFO: [ app_init ] --START--
INFO: Run Behavior\BuildLiteBehavior [ RunTime:0.000013s ]
INFO: [ app_init ] --END-- [ RunTime:0.000330s ]
INFO: [ app_begin ] --START--
INFO: Run Behavior\ReadHtmlCacheBehavior [ RunTime:0.000461s ]
INFO: [ app_begin ] --END-- [ RunTime:0.000505s ]
ERR: 非法操作:Runtime

[ 2015-02-18T21:40:21+08:00 ] ::1 /ershou/index.php/Admin/Goods/123
INFO: [ app_init ] --START--
INFO: Run Behavior\BuildLiteBehavior [ RunTime:0.000012s ]
INFO: [ app_init ] --END-- [ RunTime:0.000303s ]
INFO: [ app_begin ] --START--
INFO: Run Behavior\ReadHtmlCacheBehavior [ RunTime:0.000454s ]
INFO: [ app_begin ] --END-- [ RunTime:0.000498s ]
ERR: 非法操作:123

[ 2015-02-18T21:40:21+08:00 ] ::1 /ershou/index.php/Admin/Goods/Runtime/Data/1/1424012521
INFO: [ app_init ] --START--
INFO: Run Behavior\BuildLiteBehavior [ RunTime:0.000016s ]
INFO: [ app_init ] --END-- [ RunTime:0.000692s ]
INFO: [ app_begin ] --START--
INFO: Run Behavior\ReadHtmlCacheBehavior [ RunTime:0.000588s ]
INFO: [ app_begin ] --END-- [ RunTime:0.000635s ]
ERR: 非法操作:Runtime

[ 2015-02-18T21:40:21+08:00 ] ::1 /ershou/index.php/Admin/Goods/1
INFO: [ app_init ] --START--
INFO: Run Behavior\BuildLiteBehavior [ RunTime:0.000027s ]
INFO: [ app_init ] --END-- [ RunTime:0.005160s ]
INFO: [ app_begin ] --START--
INFO: Run Behavior\ReadHtmlCacheBehavior [ RunTime:0.000853s ]
INFO: [ app_begin ] --END-- [ RunTime:0.000947s ]
ERR: 非法操作:1

[ 2015-02-18T21:41:09+08:00 ] ::1 /ershou/index.php/Admin/Goods/
INFO: [ app_init ] --START--
INFO: Run Behavior\BuildLiteBehavior [ RunTime:0.000023s ]
INFO: [ app_init ] --END-- [ RunTime:0.000480s ]
INFO: [ app_begin ] --START--
INFO: Run Behavior\ReadHtmlCacheBehavior [ RunTime:0.000600s ]
INFO: [ app_begin ] --END-- [ RunTime:0.000656s ]
SQL: SHOW COLUMNS FROM `tp_goods` [ RunTime:0.0106s ]
SQL: SELECT * FROM `tp_goods`  [ RunTime:0.0009s ]
INFO: [ view_parse ] --START--
INFO: [ template_filter ] --START--
INFO: Run Behavior\ContentReplaceBehavior [ RunTime:0.000063s ]
INFO: [ template_filter ] --END-- [ RunTime:0.000141s ]
NOTIC: [8] Undefined variable: goodsCount F:\WAMP\apache\htdocs\ershou\Runtime\Cache\Admin\eb28dcc79586c855274cb6931152edde.php 第 25 行.
INFO: Run Behavior\ParseTemplateBehavior [ RunTime:0.019136s ]
INFO: [ view_parse ] --END-- [ RunTime:0.019254s ]
INFO: [ view_filter ] --START--
INFO: Run Behavior\WriteHtmlCacheBehavior [ RunTime:0.000450s ]
INFO: [ view_filter ] --END-- [ RunTime:0.000511s ]
INFO: [ app_end ] --START--
INFO: Run Behavior\ShowPageTraceBehavior [ RunTime:0.000793s ]
INFO: [ app_end ] --END-- [ RunTime:0.000857s ]

[ 2015-02-18T21:41:09+08:00 ] ::1 /ershou/index.php/Admin/Goods/%7BRUNTIME_PATH%7D1
INFO: [ app_init ] --START--
INFO: Run Behavior\BuildLiteBehavior [ RunTime:0.000019s ]
INFO: [ app_init ] --END-- [ RunTime:0.005620s ]
INFO: [ app_begin ] --START--
INFO: Run Behavior\ReadHtmlCacheBehavior [ RunTime:0.001124s ]
INFO: [ app_begin ] --END-- [ RunTime:0.001188s ]
ERR: 非法操作:{RUNTIME_PATH}1

[ 2015-02-18T21:41:09+08:00 ] ::1 /ershou/index.php/Admin/Goods/%7BRUNTIME_PATH%7D./Runtime/Data/1/1424012521
INFO: [ app_init ] --START--
INFO: Run Behavior\BuildLiteBehavior [ RunTime:0.000025s ]
INFO: [ app_init ] --END-- [ RunTime:0.000635s ]
INFO: [ app_begin ] --START--
INFO: Run Behavior\ReadHtmlCacheBehavior [ RunTime:0.000751s ]
INFO: [ app_begin ] --END-- [ RunTime:0.000828s ]
ERR: 非法操作:{RUNTIME_PATH}

[ 2015-02-18T21:41:09+08:00 ] ::1 /ershou/index.php/Admin/Goods/%7BRUNTIME_PATH%7D123
INFO: [ app_init ] --START--
INFO: Run Behavior\BuildLiteBehavior [ RunTime:0.000024s ]
INFO: [ app_init ] --END-- [ RunTime:0.001426s ]
INFO: [ app_begin ] --START--
INFO: Run Behavior\ReadHtmlCacheBehavior [ RunTime:0.000700s ]
INFO: [ app_begin ] --END-- [ RunTime:0.000769s ]
ERR: 非法操作:{RUNTIME_PATH}123

[ 2015-02-18T21:41:09+08:00 ] ::1 /ershou/index.php/Admin/Goods/%7BRUNTIME_PATH%7D./Runtime/Data/1/1424012711/
INFO: [ app_init ] --START--
INFO: Run Behavior\BuildLiteBehavior [ RunTime:0.000014s ]
INFO: [ app_init ] --END-- [ RunTime:0.000362s ]
INFO: [ app_begin ] --START--
INFO: Run Behavior\ReadHtmlCacheBehavior [ RunTime:0.000459s ]
INFO: [ app_begin ] --END-- [ RunTime:0.000506s ]
ERR: 非法操作:{RUNTIME_PATH}

[ 2015-02-18T21:41:18+08:00 ] ::1 /ershou/index.php/Admin/Goods/
INFO: [ app_init ] --START--
INFO: Run Behavior\BuildLiteBehavior [ RunTime:0.000015s ]
INFO: [ app_init ] --END-- [ RunTime:0.000468s ]
INFO: [ app_begin ] --START--
INFO: Run Behavior\ReadHtmlCacheBehavior [ RunTime:0.000461s ]
INFO: [ app_begin ] --END-- [ RunTime:0.000507s ]
SQL: SHOW COLUMNS FROM `tp_goods` [ RunTime:0.0033s ]
SQL: SELECT * FROM `tp_goods`  [ RunTime:0.0003s ]
INFO: [ view_parse ] --START--
INFO: [ template_filter ] --START--
INFO: Run Behavior\ContentReplaceBehavior [ RunTime:0.000042s ]
INFO: [ template_filter ] --END-- [ RunTime:0.000095s ]
NOTIC: [8] Undefined variable: goodsCount F:\WAMP\apache\htdocs\ershou\Runtime\Cache\Admin\eb28dcc79586c855274cb6931152edde.php 第 25 行.
INFO: Run Behavior\ParseTemplateBehavior [ RunTime:0.006747s ]
INFO: [ view_parse ] --END-- [ RunTime:0.006795s ]
INFO: [ view_filter ] --START--
INFO: Run Behavior\WriteHtmlCacheBehavior [ RunTime:0.000310s ]
INFO: [ view_filter ] --END-- [ RunTime:0.000349s ]
INFO: [ app_end ] --START--
INFO: Run Behavior\ShowPageTraceBehavior [ RunTime:0.000564s ]
INFO: [ app_end ] --END-- [ RunTime:0.000608s ]

[ 2015-02-18T21:41:18+08:00 ] ::1 /ershou/index.php/Admin/Goods/RUNTIME_PATH1
INFO: [ app_init ] --START--
INFO: Run Behavior\BuildLiteBehavior [ RunTime:0.000023s ]
INFO: [ app_init ] --END-- [ RunTime:0.000574s ]
INFO: [ app_begin ] --START--
INFO: Run Behavior\ReadHtmlCacheBehavior [ RunTime:0.000691s ]
INFO: [ app_begin ] --END-- [ RunTime:0.000770s ]
ERR: 非法操作:RUNTIME_PATH1

[ 2015-02-18T21:41:19+08:00 ] ::1 /ershou/index.php/Admin/Goods/RUNTIME_PATH123
INFO: [ app_init ] --START--
INFO: Run Behavior\BuildLiteBehavior [ RunTime:0.000024s ]
INFO: [ app_init ] --END-- [ RunTime:0.000959s ]
INFO: [ app_begin ] --START--
INFO: Run Behavior\ReadHtmlCacheBehavior [ RunTime:0.003150s ]
INFO: [ app_begin ] --END-- [ RunTime:0.003248s ]
ERR: 非法操作:RUNTIME_PATH123

[ 2015-02-18T21:41:19+08:00 ] ::1 /ershou/index.php/Admin/Goods/RUNTIME_PATH./Runtime/Data/1/1424012521
INFO: [ app_init ] --START--
INFO: Run Behavior\BuildLiteBehavior [ RunTime:0.000023s ]
INFO: [ app_init ] --END-- [ RunTime:0.000537s ]
INFO: [ app_begin ] --START--
INFO: Run Behavior\ReadHtmlCacheBehavior [ RunTime:0.000761s ]
INFO: [ app_begin ] --END-- [ RunTime:0.000839s ]
ERR: 非法操作:RUNTIME_PATH

[ 2015-02-18T21:41:19+08:00 ] ::1 /ershou/index.php/Admin/Goods/RUNTIME_PATH./Runtime/Data/1/1424012711/
INFO: [ app_init ] --START--
INFO: Run Behavior\BuildLiteBehavior [ RunTime:0.000024s ]
INFO: [ app_init ] --END-- [ RunTime:0.000521s ]
INFO: [ app_begin ] --START--
INFO: Run Behavior\ReadHtmlCacheBehavior [ RunTime:0.000952s ]
INFO: [ app_begin ] --END-- [ RunTime:0.001029s ]
ERR: 非法操作:RUNTIME_PATH

[ 2015-02-18T21:45:43+08:00 ] ::1 /ershou/index.php/Admin/Goods/
INFO: [ app_init ] --START--
INFO: Run Behavior\BuildLiteBehavior [ RunTime:0.000015s ]
INFO: [ app_init ] --END-- [ RunTime:0.000440s ]
INFO: [ app_begin ] --START--
INFO: Run Behavior\ReadHtmlCacheBehavior [ RunTime:0.000600s ]
INFO: [ app_begin ] --END-- [ RunTime:0.000649s ]
SQL: SHOW COLUMNS FROM `tp_goods` [ RunTime:0.0073s ]
SQL: SELECT * FROM `tp_goods`  [ RunTime:0.0005s ]
INFO: [ view_parse ] --START--
INFO: [ template_filter ] --START--
INFO: Run Behavior\ContentReplaceBehavior [ RunTime:0.000113s ]
INFO: [ template_filter ] --END-- [ RunTime:0.000287s ]
NOTIC: [8] Undefined variable: goodsCount F:\WAMP\apache\htdocs\ershou\Runtime\Cache\Admin\eb28dcc79586c855274cb6931152edde.php 第 25 行.
INFO: Run Behavior\ParseTemplateBehavior [ RunTime:0.016198s ]
INFO: [ view_parse ] --END-- [ RunTime:0.016320s ]
INFO: [ view_filter ] --START--
INFO: Run Behavior\WriteHtmlCacheBehavior [ RunTime:0.000833s ]
INFO: [ view_filter ] --END-- [ RunTime:0.000937s ]
INFO: [ app_end ] --START--
INFO: Run Behavior\ShowPageTraceBehavior [ RunTime:0.001499s ]
INFO: [ app_end ] --END-- [ RunTime:0.001606s ]

[ 2015-02-18T21:45:43+08:00 ] ::1 /ershou/index.php/Admin/Goods/Runtime/1
INFO: [ app_init ] --START--
INFO: Run Behavior\BuildLiteBehavior [ RunTime:0.000015s ]
INFO: [ app_init ] --END-- [ RunTime:0.000333s ]
INFO: [ app_begin ] --START--
INFO: Run Behavior\ReadHtmlCacheBehavior [ RunTime:0.000465s ]
INFO: [ app_begin ] --END-- [ RunTime:0.000513s ]
ERR: 非法操作:Runtime

[ 2015-02-18T21:45:43+08:00 ] ::1 /ershou/index.php/Admin/Goods/Runtime/123
INFO: [ app_init ] --START--
INFO: Run Behavior\BuildLiteBehavior [ RunTime:0.000020s ]
INFO: [ app_init ] --END-- [ RunTime:0.000479s ]
INFO: [ app_begin ] --START--
INFO: Run Behavior\ReadHtmlCacheBehavior [ RunTime:0.000658s ]
INFO: [ app_begin ] --END-- [ RunTime:0.000722s ]
ERR: 非法操作:Runtime

[ 2015-02-18T21:45:43+08:00 ] ::1 /ershou/index.php/Admin/Goods/Runtime/Runtime/Data/1/1424012521
INFO: [ app_init ] --START--
INFO: Run Behavior\BuildLiteBehavior [ RunTime:0.000023s ]
INFO: [ app_init ] --END-- [ RunTime:0.000528s ]
INFO: [ app_begin ] --START--
INFO: Run Behavior\ReadHtmlCacheBehavior [ RunTime:0.000779s ]
INFO: [ app_begin ] --END-- [ RunTime:0.000867s ]
ERR: 非法操作:Runtime

[ 2015-02-18T21:45:43+08:00 ] ::1 /ershou/index.php/Admin/Goods/Runtime/Runtime/Data/1/1424012711/
INFO: [ app_init ] --START--
INFO: Run Behavior\BuildLiteBehavior [ RunTime:0.000023s ]
INFO: [ app_init ] --END-- [ RunTime:0.000689s ]
INFO: [ app_begin ] --START--
INFO: Run Behavior\ReadHtmlCacheBehavior [ RunTime:0.000905s ]
INFO: [ app_begin ] --END-- [ RunTime:0.001003s ]
ERR: 非法操作:Runtime

[ 2015-02-18T21:45:56+08:00 ] ::1 /ershou/index.php/Admin/Goods/Runtime/Runtime/Data/1/1424012521
INFO: [ app_init ] --START--
INFO: Run Behavior\BuildLiteBehavior [ RunTime:0.000015s ]
INFO: [ app_init ] --END-- [ RunTime:0.000386s ]
INFO: [ app_begin ] --START--
INFO: Run Behavior\ReadHtmlCacheBehavior [ RunTime:0.000712s ]
INFO: [ app_begin ] --END-- [ RunTime:0.000776s ]
ERR: 非法操作:Runtime

[ 2015-02-18T21:46:04+08:00 ] ::1 /ershou/index.php/Admin/Goods/Runtime/Data/1/1424012521
INFO: [ app_init ] --START--
INFO: Run Behavior\BuildLiteBehavior [ RunTime:0.000019s ]
INFO: [ app_init ] --END-- [ RunTime:0.000438s ]
INFO: [ app_begin ] --START--
INFO: Run Behavior\ReadHtmlCacheBehavior [ RunTime:0.000614s ]
INFO: [ app_begin ] --END-- [ RunTime:0.000659s ]
ERR: 非法操作:Runtime

[ 2015-02-18T21:51:42+08:00 ] ::1 /ershou/index.php/Admin/Goods/
INFO: [ app_init ] --START--
INFO: Run Behavior\BuildLiteBehavior [ RunTime:0.000023s ]
INFO: [ app_init ] --END-- [ RunTime:0.000627s ]
INFO: [ app_begin ] --START--
INFO: Run Behavior\ReadHtmlCacheBehavior [ RunTime:0.000605s ]
INFO: [ app_begin ] --END-- [ RunTime:0.000654s ]
SQL: SHOW COLUMNS FROM `tp_goods` [ RunTime:0.0064s ]
SQL: SELECT * FROM `tp_goods`  [ RunTime:0.0004s ]
INFO: [ view_parse ] --START--
INFO: [ template_filter ] --START--
INFO: Run Behavior\ContentReplaceBehavior [ RunTime:0.000099s ]
INFO: [ template_filter ] --END-- [ RunTime:0.000239s ]
NOTIC: [8] Undefined variable: goodsCount F:\WAMP\apache\htdocs\ershou\Runtime\Cache\Admin\eb28dcc79586c855274cb6931152edde.php 第 25 行.
INFO: Run Behavior\ParseTemplateBehavior [ RunTime:0.012738s ]
INFO: [ view_parse ] --END-- [ RunTime:0.012831s ]
INFO: [ view_filter ] --START--
INFO: Run Behavior\WriteHtmlCacheBehavior [ RunTime:0.000908s ]
INFO: [ view_filter ] --END-- [ RunTime:0.000994s ]
INFO: [ app_end ] --START--
INFO: Run Behavior\ShowPageTraceBehavior [ RunTime:0.001166s ]
INFO: [ app_end ] --END-- [ RunTime:0.001258s ]

[ 2015-02-18T22:01:50+08:00 ] ::1 /ershou/index.php/Admin/Goods/
INFO: [ app_init ] --START--
INFO: Run Behavior\BuildLiteBehavior [ RunTime:0.000016s ]
INFO: [ app_init ] --END-- [ RunTime:0.000383s ]
INFO: [ app_begin ] --START--
INFO: Run Behavior\ReadHtmlCacheBehavior [ RunTime:0.000594s ]
INFO: [ app_begin ] --END-- [ RunTime:0.000644s ]
SQL: SHOW COLUMNS FROM `tp_goods` [ RunTime:0.0108s ]
SQL: SELECT * FROM `tp_goods`  [ RunTime:0.0009s ]
INFO: [ view_parse ] --START--
INFO: [ template_filter ] --START--
INFO: Run Behavior\ContentReplaceBehavior [ RunTime:0.000063s ]
INFO: [ template_filter ] --END-- [ RunTime:0.000115s ]

[ 2015-02-18T22:02:21+08:00 ] ::1 /ershou/index.php/Admin/Goods/
INFO: [ app_init ] --START--
INFO: Run Behavior\BuildLiteBehavior [ RunTime:0.000013s ]
INFO: [ app_init ] --END-- [ RunTime:0.000362s ]
INFO: [ app_begin ] --START--
INFO: Run Behavior\ReadHtmlCacheBehavior [ RunTime:0.000538s ]
INFO: [ app_begin ] --END-- [ RunTime:0.000586s ]
SQL: SHOW COLUMNS FROM `tp_goods` [ RunTime:0.0101s ]
SQL: SELECT * FROM `tp_goods`  [ RunTime:0.0007s ]
INFO: [ view_parse ] --START--
INFO: [ template_filter ] --START--
INFO: Run Behavior\ContentReplaceBehavior [ RunTime:0.000154s ]
INFO: [ template_filter ] --END-- [ RunTime:0.000326s ]

[ 2015-02-18T22:02:34+08:00 ] ::1 /ershou/index.php/Admin/Goods/
INFO: [ app_init ] --START--
INFO: Run Behavior\BuildLiteBehavior [ RunTime:0.000014s ]
INFO: [ app_init ] --END-- [ RunTime:0.000470s ]
INFO: [ app_begin ] --START--
INFO: Run Behavior\ReadHtmlCacheBehavior [ RunTime:0.000601s ]
INFO: [ app_begin ] --END-- [ RunTime:0.000649s ]
SQL: SHOW COLUMNS FROM `tp_goods` [ RunTime:0.0068s ]
SQL: SELECT * FROM `tp_goods`  [ RunTime:0.0005s ]
INFO: [ view_parse ] --START--
INFO: [ template_filter ] --START--
INFO: Run Behavior\ContentReplaceBehavior [ RunTime:0.000117s ]
INFO: [ template_filter ] --END-- [ RunTime:0.000237s ]
NOTIC: [8] Undefined variable: goodsCount F:\WAMP\apache\htdocs\ershou\Runtime\Cache\Admin\eb28dcc79586c855274cb6931152edde.php 第 25 行.
INFO: Run Behavior\ParseTemplateBehavior [ RunTime:0.015279s ]
INFO: [ view_parse ] --END-- [ RunTime:0.015391s ]
INFO: [ view_filter ] --START--
INFO: Run Behavior\WriteHtmlCacheBehavior [ RunTime:0.000773s ]
INFO: [ view_filter ] --END-- [ RunTime:0.000871s ]
INFO: [ app_end ] --START--
INFO: Run Behavior\ShowPageTraceBehavior [ RunTime:0.001271s ]
INFO: [ app_end ] --END-- [ RunTime:0.001372s ]

[ 2015-02-18T22:03:37+08:00 ] ::1 /ershou/index.php/Admin/Goods/
INFO: [ app_init ] --START--
INFO: Run Behavior\BuildLiteBehavior [ RunTime:0.000016s ]
INFO: [ app_init ] --END-- [ RunTime:0.000365s ]
INFO: [ app_begin ] --START--
INFO: Run Behavior\ReadHtmlCacheBehavior [ RunTime:0.000510s ]
INFO: [ app_begin ] --END-- [ RunTime:0.000563s ]
SQL: SHOW COLUMNS FROM `tp_goods` [ RunTime:0.0097s ]
SQL: SELECT * FROM `tp_goods`  [ RunTime:0.0007s ]
INFO: [ view_parse ] --START--
INFO: [ template_filter ] --START--
INFO: Run Behavior\ContentReplaceBehavior [ RunTime:0.000173s ]
INFO: [ template_filter ] --END-- [ RunTime:0.000453s ]
NOTIC: [8] Undefined variable: goodsCount F:\WAMP\apache\htdocs\ershou\Runtime\Cache\Admin\eb28dcc79586c855274cb6931152edde.php 第 25 行.
INFO: Run Behavior\ParseTemplateBehavior [ RunTime:0.021818s ]
INFO: [ view_parse ] --END-- [ RunTime:0.021972s ]
INFO: [ view_filter ] --START--
INFO: Run Behavior\WriteHtmlCacheBehavior [ RunTime:0.001248s ]
INFO: [ view_filter ] --END-- [ RunTime:0.001387s ]
INFO: [ app_end ] --START--
INFO: Run Behavior\ShowPageTraceBehavior [ RunTime:0.002041s ]
INFO: [ app_end ] --END-- [ RunTime:0.002208s ]

[ 2015-02-18T22:07:09+08:00 ] ::1 /ershou/index.php/Admin
INFO: [ app_init ] --START--
INFO: Run Behavior\BuildLiteBehavior [ RunTime:0.000015s ]
INFO: [ app_init ] --END-- [ RunTime:0.000438s ]
INFO: [ app_begin ] --START--
INFO: Run Behavior\ReadHtmlCacheBehavior [ RunTime:0.001570s ]
INFO: [ app_begin ] --END-- [ RunTime:0.001697s ]
SQL: SHOW COLUMNS FROM `tp_goods` [ RunTime:0.0048s ]
SQL: SELECT COUNT(*) AS tp_count FROM `tp_goods` LIMIT 1   [ RunTime:0.0002s ]
INFO: [ view_parse ] --START--
INFO: [ template_filter ] --START--
INFO: Run Behavior\ContentReplaceBehavior [ RunTime:0.000059s ]
INFO: [ template_filter ] --END-- [ RunTime:0.000149s ]
INFO: Run Behavior\ParseTemplateBehavior [ RunTime:0.011219s ]
INFO: [ view_parse ] --END-- [ RunTime:0.011307s ]
INFO: [ view_filter ] --START--
INFO: Run Behavior\WriteHtmlCacheBehavior [ RunTime:0.000816s ]
INFO: [ view_filter ] --END-- [ RunTime:0.000884s ]
INFO: [ app_end ] --START--
INFO: Run Behavior\ShowPageTraceBehavior [ RunTime:0.001114s ]
INFO: [ app_end ] --END-- [ RunTime:0.001190s ]

[ 2015-02-18T22:07:45+08:00 ] ::1 /ershou/index.php/Admin/Index
INFO: [ app_init ] --START--
INFO: Run Behavior\BuildLiteBehavior [ RunTime:0.000015s ]
INFO: [ app_init ] --END-- [ RunTime:0.000374s ]
INFO: [ app_begin ] --START--
INFO: Run Behavior\ReadHtmlCacheBehavior [ RunTime:0.000631s ]
INFO: [ app_begin ] --END-- [ RunTime:0.000678s ]
SQL: SHOW COLUMNS FROM `tp_goods` [ RunTime:0.0072s ]
SQL: SELECT COUNT(*) AS tp_count FROM `tp_goods` LIMIT 1   [ RunTime:0.0003s ]
INFO: [ view_parse ] --START--
INFO: [ template_filter ] --START--
INFO: Run Behavior\ContentReplaceBehavior [ RunTime:0.000088s ]
INFO: [ template_filter ] --END-- [ RunTime:0.000248s ]
INFO: Run Behavior\ParseTemplateBehavior [ RunTime:0.017041s ]
INFO: [ view_parse ] --END-- [ RunTime:0.017287s ]
INFO: [ view_filter ] --START--
INFO: Run Behavior\WriteHtmlCacheBehavior [ RunTime:0.001347s ]
INFO: [ view_filter ] --END-- [ RunTime:0.001571s ]
INFO: [ app_end ] --START--
INFO: Run Behavior\ShowPageTraceBehavior [ RunTime:0.001819s ]
INFO: [ app_end ] --END-- [ RunTime:0.001928s ]

[ 2015-02-18T22:07:56+08:00 ] ::1 /ershou/index.php/Admin/Goods
INFO: [ app_init ] --START--
INFO: Run Behavior\BuildLiteBehavior [ RunTime:0.000014s ]
INFO: [ app_init ] --END-- [ RunTime:0.000404s ]
INFO: [ app_begin ] --START--
INFO: Run Behavior\ReadHtmlCacheBehavior [ RunTime:0.000698s ]
INFO: [ app_begin ] --END-- [ RunTime:0.000772s ]
SQL: SHOW COLUMNS FROM `tp_goods` [ RunTime:0.0107s ]
SQL: SELECT * FROM `tp_goods`  [ RunTime:0.0007s ]
INFO: [ view_parse ] --START--
INFO: [ template_filter ] --START--
INFO: Run Behavior\ContentReplaceBehavior [ RunTime:0.000146s ]
INFO: [ template_filter ] --END-- [ RunTime:0.000303s ]
NOTIC: [8] Undefined variable: goodsCount F:\WAMP\apache\htdocs\ershou\Runtime\Cache\Admin\eb28dcc79586c855274cb6931152edde.php 第 25 行.
INFO: Run Behavior\ParseTemplateBehavior [ RunTime:0.023299s ]
INFO: [ view_parse ] --END-- [ RunTime:0.023412s ]
INFO: [ view_filter ] --START--
INFO: Run Behavior\WriteHtmlCacheBehavior [ RunTime:0.000946s ]
INFO: [ view_filter ] --END-- [ RunTime:0.001021s ]
INFO: [ app_end ] --START--
INFO: Run Behavior\ShowPageTraceBehavior [ RunTime:0.001267s ]
INFO: [ app_end ] --END-- [ RunTime:0.001343s ]

[ 2015-02-18T22:08:53+08:00 ] ::1 /ershou/index.php/Admin/Goods
INFO: [ app_init ] --START--
INFO: Run Behavior\BuildLiteBehavior [ RunTime:0.000022s ]
INFO: [ app_init ] --END-- [ RunTime:0.000637s ]
INFO: [ app_begin ] --START--
INFO: Run Behavior\ReadHtmlCacheBehavior [ RunTime:0.000693s ]
INFO: [ app_begin ] --END-- [ RunTime:0.000754s ]
SQL: SHOW COLUMNS FROM `tp_goods` [ RunTime:0.0037s ]
SQL: SELECT * FROM `tp_goods`  [ RunTime:0.0002s ]
INFO: [ view_parse ] --START--
INFO: [ template_filter ] --START--
INFO: Run Behavior\ContentReplaceBehavior [ RunTime:0.000060s ]
INFO: [ template_filter ] --END-- [ RunTime:0.000122s ]
NOTIC: [8] Undefined variable: goodsCount F:\WAMP\apache\htdocs\ershou\Runtime\Cache\Admin\eb28dcc79586c855274cb6931152edde.php 第 25 行.
INFO: Run Behavior\ParseTemplateBehavior [ RunTime:0.008146s ]
INFO: [ view_parse ] --END-- [ RunTime:0.008201s ]
INFO: [ view_filter ] --START--
INFO: Run Behavior\WriteHtmlCacheBehavior [ RunTime:0.000367s ]
INFO: [ view_filter ] --END-- [ RunTime:0.000405s ]
INFO: [ app_end ] --START--
INFO: Run Behavior\ShowPageTraceBehavior [ RunTime:0.000670s ]
INFO: [ app_end ] --END-- [ RunTime:0.000711s ]

[ 2015-02-18T22:08:57+08:00 ] ::1 /ershou/index.php/Admin/Index
INFO: [ app_init ] --START--
INFO: Run Behavior\BuildLiteBehavior [ RunTime:0.000022s ]
INFO: [ app_init ] --END-- [ RunTime:0.000574s ]
INFO: [ app_begin ] --START--
INFO: Run Behavior\ReadHtmlCacheBehavior [ RunTime:0.000903s ]
INFO: [ app_begin ] --END-- [ RunTime:0.000998s ]
SQL: SHOW COLUMNS FROM `tp_goods` [ RunTime:0.0145s ]
SQL: SELECT COUNT(*) AS tp_count FROM `tp_goods` LIMIT 1   [ RunTime:0.0004s ]
INFO: [ view_parse ] --START--
INFO: [ template_filter ] --START--
INFO: Run Behavior\ContentReplaceBehavior [ RunTime:0.000060s ]
INFO: [ template_filter ] --END-- [ RunTime:0.000139s ]
NOTIC: [8] Undefined variable: list F:\WAMP\apache\htdocs\ershou\Runtime\Cache\Admin\859e94050170c96367cb52465a51a945.php 第 13 行.
INFO: Run Behavior\ParseTemplateBehavior [ RunTime:0.010790s ]
INFO: [ view_parse ] --END-- [ RunTime:0.010889s ]
INFO: [ view_filter ] --START--
INFO: Run Behavior\WriteHtmlCacheBehavior [ RunTime:0.000527s ]
INFO: [ view_filter ] --END-- [ RunTime:0.000587s ]
INFO: [ app_end ] --START--
INFO: Run Behavior\ShowPageTraceBehavior [ RunTime:0.000917s ]
INFO: [ app_end ] --END-- [ RunTime:0.000980s ]

[ 2015-02-18T22:09:23+08:00 ] ::1 /ershou/index.php/Admin/Index/insert
INFO: [ app_init ] --START--
INFO: Run Behavior\BuildLiteBehavior [ RunTime:0.000027s ]
INFO: [ app_init ] --END-- [ RunTime:0.000879s ]
INFO: [ app_begin ] --START--
INFO: Run Behavior\ReadHtmlCacheBehavior [ RunTime:0.001870s ]
INFO: [ app_begin ] --END-- [ RunTime:0.001968s ]
SQL: SHOW COLUMNS FROM `tp_goods` [ RunTime:0.0101s ]
SQL: INSERT INTO `tp_goods` (`pic`,`name`,`type`,`price`,`describe`,`bargain`,`trading`,`seller`,`qq`,`phone`,`creat_time`,`last_time`,`end_time`) VALUES ('/ershouuploadfile1/1424268561/','1','1','1','1','1','12','1','1','1','2015-02-18','2015-02-18','2015-03-20') [ RunTime:0.0331s ]
INFO: [ view_parse ] --START--
INFO: [ template_filter ] --START--
INFO: Run Behavior\ContentReplaceBehavior [ RunTime:0.000087s ]
INFO: [ template_filter ] --END-- [ RunTime:0.000258s ]
INFO: Run Behavior\ParseTemplateBehavior [ RunTime:0.017881s ]
INFO: [ view_parse ] --END-- [ RunTime:0.018044s ]
INFO: [ view_filter ] --START--
INFO: Run Behavior\WriteHtmlCacheBehavior [ RunTime:0.000888s ]
INFO: [ view_filter ] --END-- [ RunTime:0.000989s ]
INFO: [ app_end ] --START--
INFO: Run Behavior\ShowPageTraceBehavior [ RunTime:0.001345s ]
INFO: [ app_end ] --END-- [ RunTime:0.001429s ]

[ 2015-02-18T22:12:50+08:00 ] ::1 /ershou/index.php/Admin/Index/insert
INFO: [ app_init ] --START--
INFO: Run Behavior\BuildLiteBehavior [ RunTime:0.000017s ]
INFO: [ app_init ] --END-- [ RunTime:0.000455s ]
INFO: [ app_begin ] --START--
INFO: Run Behavior\ReadHtmlCacheBehavior [ RunTime:0.000615s ]
INFO: [ app_begin ] --END-- [ RunTime:0.000665s ]
SQL: SHOW COLUMNS FROM `tp_goods` [ RunTime:0.0115s ]
SQL: INSERT INTO `tp_goods` (`pic`,`name`,`type`,`price`,`describe`,`bargain`,`trading`,`seller`,`qq`,`phone`,`creat_time`,`last_time`,`end_time`) VALUES ('/ershou/Public/uploadfile1/1424268769/','1','1','1','1','1','12','1','1','1','2015-02-18','2015-02-18','2015-03-20') [ RunTime:0.0005s ]
INFO: [ view_parse ] --START--
INFO: [ template_filter ] --START--
INFO: Run Behavior\ContentReplaceBehavior [ RunTime:0.000041s ]
INFO: [ template_filter ] --END-- [ RunTime:0.000114s ]
INFO: Run Behavior\ParseTemplateBehavior [ RunTime:0.024846s ]
INFO: [ view_parse ] --END-- [ RunTime:0.024945s ]
INFO: [ view_filter ] --START--
INFO: Run Behavior\WriteHtmlCacheBehavior [ RunTime:0.000619s ]
INFO: [ view_filter ] --END-- [ RunTime:0.000685s ]
INFO: [ app_end ] --START--
INFO: Run Behavior\ShowPageTraceBehavior [ RunTime:0.001048s ]
INFO: [ app_end ] --END-- [ RunTime:0.001114s ]

[ 2015-02-18T22:20:06+08:00 ] ::1 /ershou/index.php/Admin/Index/insert
INFO: [ app_init ] --START--
INFO: Run Behavior\BuildLiteBehavior [ RunTime:0.000014s ]
INFO: [ app_init ] --END-- [ RunTime:0.000416s ]
INFO: [ app_begin ] --START--
INFO: Run Behavior\ReadHtmlCacheBehavior [ RunTime:0.000773s ]
INFO: [ app_begin ] --END-- [ RunTime:0.000830s ]
NOTIC: [8] Use of undefined constant __PUBLIC__ - assumed '__PUBLIC__' F:\WAMP\apache\htdocs\ershou\Apps\Admin\Controller\IndexController.class.php 第 33 行.
SQL: SHOW COLUMNS FROM `tp_goods` [ RunTime:0.0092s ]
SQL: INSERT INTO `tp_goods` (`pic`,`name`,`type`,`price`,`describe`,`bargain`,`trading`,`seller`,`qq`,`phone`,`creat_time`,`last_time`,`end_time`) VALUES ('__PUBLIC__/uploadfile/1/1424269205/','1','1','1','1','1','12','1','1','1','2015-02-18','2015-02-18','2015-03-20') [ RunTime:0.0007s ]
INFO: [ view_parse ] --START--
INFO: [ template_filter ] --START--
INFO: Run Behavior\ContentReplaceBehavior [ RunTime:0.000052s ]
INFO: [ template_filter ] --END-- [ RunTime:0.000140s ]
INFO: Run Behavior\ParseTemplateBehavior [ RunTime:0.013349s ]
INFO: [ view_parse ] --END-- [ RunTime:0.013458s ]
INFO: [ view_filter ] --START--
INFO: Run Behavior\WriteHtmlCacheBehavior [ RunTime:0.000811s ]
INFO: [ view_filter ] --END-- [ RunTime:0.000889s ]
INFO: [ app_end ] --START--
INFO: Run Behavior\ShowPageTraceBehavior [ RunTime:0.001397s ]
INFO: [ app_end ] --END-- [ RunTime:0.001478s ]

[ 2015-02-18T22:20:31+08:00 ] ::1 /ershou/index.php/Admin/Index/insert
INFO: [ app_init ] --START--
INFO: Run Behavior\BuildLiteBehavior [ RunTime:0.000103s ]
INFO: [ app_init ] --END-- [ RunTime:0.000653s ]
INFO: [ app_begin ] --START--
INFO: Run Behavior\ReadHtmlCacheBehavior [ RunTime:0.000799s ]
INFO: [ app_begin ] --END-- [ RunTime:0.000872s ]
SQL: SHOW COLUMNS FROM `tp_goods` [ RunTime:0.0097s ]
SQL: INSERT INTO `tp_goods` (`pic`,`name`,`type`,`price`,`describe`,`bargain`,`trading`,`seller`,`qq`,`phone`,`creat_time`,`last_time`,`end_time`) VALUES ('/ershou/Public/uploadfile/1/1424269230/','1','1','1','1','1','12','1','1','1','2015-02-18','2015-02-18','2015-03-20') [ RunTime:0.0063s ]
INFO: [ view_parse ] --START--
INFO: [ template_filter ] --START--
INFO: Run Behavior\ContentReplaceBehavior [ RunTime:0.000053s ]
INFO: [ template_filter ] --END-- [ RunTime:0.000150s ]
INFO: Run Behavior\ParseTemplateBehavior [ RunTime:0.012291s ]
INFO: [ view_parse ] --END-- [ RunTime:0.012406s ]
INFO: [ view_filter ] --START--
INFO: Run Behavior\WriteHtmlCacheBehavior [ RunTime:0.000657s ]
INFO: [ view_filter ] --END-- [ RunTime:0.000733s ]
INFO: [ app_end ] --START--
INFO: Run Behavior\ShowPageTraceBehavior [ RunTime:0.001147s ]
INFO: [ app_end ] --END-- [ RunTime:0.001226s ]

[ 2015-02-18T22:21:21+08:00 ] ::1 /ershou/index.php/Admin/Index/insert
INFO: [ app_init ] --START--
INFO: Run Behavior\BuildLiteBehavior [ RunTime:0.000015s ]
INFO: [ app_init ] --END-- [ RunTime:0.000436s ]
INFO: [ app_begin ] --START--
INFO: Run Behavior\ReadHtmlCacheBehavior [ RunTime:0.000681s ]
INFO: [ app_begin ] --END-- [ RunTime:0.000735s ]
SQL: SHOW COLUMNS FROM `tp_goods` [ RunTime:0.0072s ]
SQL: INSERT INTO `tp_goods` (`pic`,`name`,`type`,`price`,`describe`,`bargain`,`trading`,`seller`,`qq`,`phone`,`creat_time`,`last_time`,`end_time`) VALUES ('./Public/uploadfile/1/1424269280/','1','1','1','1','1','12','1','1','1','2015-02-18','2015-02-18','2015-03-20') [ RunTime:0.0005s ]
INFO: [ view_parse ] --START--
INFO: [ template_filter ] --START--
INFO: Run Behavior\ContentReplaceBehavior [ RunTime:0.000049s ]
INFO: [ template_filter ] --END-- [ RunTime:0.000170s ]
INFO: Run Behavior\ParseTemplateBehavior [ RunTime:0.009796s ]
INFO: [ view_parse ] --END-- [ RunTime:0.009869s ]
INFO: [ view_filter ] --START--
INFO: Run Behavior\WriteHtmlCacheBehavior [ RunTime:0.000451s ]
INFO: [ view_filter ] --END-- [ RunTime:0.000507s ]
INFO: [ app_end ] --START--
INFO: Run Behavior\ShowPageTraceBehavior [ RunTime:0.000692s ]
INFO: [ app_end ] --END-- [ RunTime:0.000735s ]

[ 2015-02-18T22:21:53+08:00 ] ::1 /ershou/index.php/Admin/Index/insert
INFO: [ app_init ] --START--
INFO: Run Behavior\BuildLiteBehavior [ RunTime:0.000015s ]
INFO: [ app_init ] --END-- [ RunTime:0.000427s ]
INFO: [ app_begin ] --START--
INFO: Run Behavior\ReadHtmlCacheBehavior [ RunTime:0.000600s ]
INFO: [ app_begin ] --END-- [ RunTime:0.000712s ]
SQL: SHOW COLUMNS FROM `tp_goods` [ RunTime:0.0075s ]
SQL: INSERT INTO `tp_goods` (`pic`,`name`,`type`,`price`,`describe`,`bargain`,`trading`,`seller`,`qq`,`phone`,`creat_time`,`last_time`,`end_time`) VALUES ('/Public/uploadfile/1/1424269312/','1','1','1','1','1','12','1','1','1','2015-02-18','2015-02-18','2015-03-20') [ RunTime:0.0006s ]
INFO: [ view_parse ] --START--
INFO: [ template_filter ] --START--
INFO: Run Behavior\ContentReplaceBehavior [ RunTime:0.000029s ]
INFO: [ template_filter ] --END-- [ RunTime:0.000076s ]
INFO: Run Behavior\ParseTemplateBehavior [ RunTime:0.044672s ]
INFO: [ view_parse ] --END-- [ RunTime:0.044844s ]
INFO: [ view_filter ] --START--
INFO: Run Behavior\WriteHtmlCacheBehavior [ RunTime:0.001293s ]
INFO: [ view_filter ] --END-- [ RunTime:0.001433s ]
INFO: [ app_end ] --START--
INFO: Run Behavior\ShowPageTraceBehavior [ RunTime:0.003270s ]
INFO: [ app_end ] --END-- [ RunTime:0.003418s ]

[ 2015-02-18T22:26:25+08:00 ] ::1 /ershou/index.php/Admin/Index/insert
INFO: [ app_init ] --START--
INFO: Run Behavior\BuildLiteBehavior [ RunTime:0.000014s ]
INFO: [ app_init ] --END-- [ RunTime:0.000417s ]
INFO: [ app_begin ] --START--
INFO: Run Behavior\ReadHtmlCacheBehavior [ RunTime:0.000696s ]
INFO: [ app_begin ] --END-- [ RunTime:0.000744s ]
SQL: SHOW COLUMNS FROM `tp_goods` [ RunTime:0.0031s ]
SQL: INSERT INTO `tp_goods` (`pic`,`name`,`type`,`price`,`describe`,`bargain`,`trading`,`seller`,`qq`,`phone`,`creat_time`,`last_time`,`end_time`) VALUES ('/Public/uploadfile/1/1424269584/','1','1','1','1','1','12','1','1','1','2015-02-18','2015-02-18','2015-03-20') [ RunTime:0.0003s ]
INFO: [ view_parse ] --START--
INFO: [ template_filter ] --START--
INFO: Run Behavior\ContentReplaceBehavior [ RunTime:0.000030s ]
INFO: [ template_filter ] --END-- [ RunTime:0.000083s ]
INFO: Run Behavior\ParseTemplateBehavior [ RunTime:0.006115s ]
INFO: [ view_parse ] --END-- [ RunTime:0.006166s ]
INFO: [ view_filter ] --START--
INFO: Run Behavior\WriteHtmlCacheBehavior [ RunTime:0.000490s ]
INFO: [ view_filter ] --END-- [ RunTime:0.000531s ]
INFO: [ app_end ] --START--
INFO: Run Behavior\ShowPageTraceBehavior [ RunTime:0.000714s ]
INFO: [ app_end ] --END-- [ RunTime:0.000757s ]

[ 2015-02-18T22:51:54+08:00 ] ::1 /ershou/index.php/Admin/Index/insert
INFO: [ app_init ] --START--
INFO: Run Behavior\BuildLiteBehavior [ RunTime:0.000015s ]
INFO: [ app_init ] --END-- [ RunTime:0.000479s ]
INFO: [ app_begin ] --START--
INFO: Run Behavior\ReadHtmlCacheBehavior [ RunTime:0.000795s ]
INFO: [ app_begin ] --END-- [ RunTime:0.000846s ]
SQL: SHOW COLUMNS FROM `tp_goods` [ RunTime:0.0096s ]
NOTIC: [8] Array to string conversion F:\WAMP\apache\htdocs\ershou\Apps\Admin\Controller\IndexController.class.php 第 83 行.
SQL: INSERT INTO `tp_goods` (`pic`,`name`,`type`,`price`,`describe`,`bargain`,`trading`,`seller`,`qq`,`phone`,`creat_time`,`last_time`,`end_time`) VALUES ('/Public/uploadfile/1/1424271112/Array','1','1','1','1','1','12','1','1','1','2015-02-18','2015-02-18','2015-03-20') [ RunTime:0.0017s ]
INFO: [ view_parse ] --START--
INFO: [ template_filter ] --START--
INFO: Run Behavior\ContentReplaceBehavior [ RunTime:0.000045s ]
INFO: [ template_filter ] --END-- [ RunTime:0.000125s ]
INFO: Run Behavior\ParseTemplateBehavior [ RunTime:0.014582s ]
INFO: [ view_parse ] --END-- [ RunTime:0.014684s ]
INFO: [ view_filter ] --START--
INFO: Run Behavior\WriteHtmlCacheBehavior [ RunTime:0.000649s ]
INFO: [ view_filter ] --END-- [ RunTime:0.000711s ]
INFO: [ app_end ] --START--
INFO: Run Behavior\ShowPageTraceBehavior [ RunTime:0.001068s ]
INFO: [ app_end ] --END-- [ RunTime:0.001147s ]

[ 2015-02-18T22:53:21+08:00 ] ::1 /ershou/index.php/Admin/Index/insert
INFO: [ app_init ] --START--
INFO: Run Behavior\BuildLiteBehavior [ RunTime:0.000014s ]
INFO: [ app_init ] --END-- [ RunTime:0.000368s ]
INFO: [ app_begin ] --START--
INFO: Run Behavior\ReadHtmlCacheBehavior [ RunTime:0.000596s ]
INFO: [ app_begin ] --END-- [ RunTime:0.000645s ]
SQL: SHOW COLUMNS FROM `tp_goods` [ RunTime:0.0103s ]
NOTIC: [8] Array to string conversion F:\WAMP\apache\htdocs\ershou\Apps\Admin\Controller\IndexController.class.php 第 83 行.
SQL: INSERT INTO `tp_goods` (`pic`,`name`,`type`,`price`,`describe`,`bargain`,`trading`,`seller`,`qq`,`phone`,`creat_time`,`last_time`,`end_time`) VALUES ('/Public/uploadfile/1/1424271200/Array','1','1','1','1','1','12','1','1','1','2015-02-18','2015-02-18','2015-03-20') [ RunTime:0.0008s ]
INFO: [ view_parse ] --START--
INFO: [ template_filter ] --START--
INFO: Run Behavior\ContentReplaceBehavior [ RunTime:0.000059s ]
INFO: [ template_filter ] --END-- [ RunTime:0.000166s ]
INFO: Run Behavior\ParseTemplateBehavior [ RunTime:0.011970s ]
INFO: [ view_parse ] --END-- [ RunTime:0.012095s ]
INFO: [ view_filter ] --START--
INFO: Run Behavior\WriteHtmlCacheBehavior [ RunTime:0.000764s ]
INFO: [ view_filter ] --END-- [ RunTime:0.000846s ]
INFO: [ app_end ] --START--
INFO: Run Behavior\ShowPageTraceBehavior [ RunTime:0.001228s ]
INFO: [ app_end ] --END-- [ RunTime:0.001311s ]

[ 2015-02-18T23:46:05+08:00 ] ::1 /ershou/index.php/Admin/Index/insert
INFO: [ app_init ] --START--
INFO: Run Behavior\BuildLiteBehavior [ RunTime:0.000016s ]
INFO: [ app_init ] --END-- [ RunTime:0.000438s ]
INFO: [ app_begin ] --START--
INFO: Run Behavior\ReadHtmlCacheBehavior [ RunTime:0.000742s ]
INFO: [ app_begin ] --END-- [ RunTime:0.000796s ]
NOTIC: [8] Undefined index: savename F:\WAMP\apache\htdocs\ershou\Apps\Admin\Controller\IndexController.class.php 第 84 行.
SQL: SHOW COLUMNS FROM `tp_goods` [ RunTime:0.0135s ]
NOTIC: [8] Array to string conversion F:\WAMP\apache\htdocs\ershou\Apps\Admin\Controller\IndexController.class.php 第 87 行.
ERR: SQLSTATE[HY000]: General error: 1364 Field 'picsrc' doesn't have a default value

[ 2015-02-18T23:46:47+08:00 ] ::1 /ershou/index.php/Admin/Index/insert
INFO: [ app_init ] --START--
INFO: Run Behavior\BuildLiteBehavior [ RunTime:0.000013s ]
INFO: [ app_init ] --END-- [ RunTime:0.000396s ]
INFO: [ app_begin ] --START--
INFO: Run Behavior\ReadHtmlCacheBehavior [ RunTime:0.001034s ]
INFO: [ app_begin ] --END-- [ RunTime:0.001106s ]
NOTIC: [8] Undefined index: savename F:\WAMP\apache\htdocs\ershou\Apps\Admin\Controller\IndexController.class.php 第 84 行.
SQL: SHOW COLUMNS FROM `tp_goods` [ RunTime:0.0117s ]
ERR: SQLSTATE[HY000]: General error: 1364 Field 'picsrc' doesn't have a default value

[ 2015-02-18T23:48:00+08:00 ] ::1 /ershou/index.php/Admin/Index/insert
INFO: [ app_init ] --START--
INFO: Run Behavior\BuildLiteBehavior [ RunTime:0.000014s ]
INFO: [ app_init ] --END-- [ RunTime:0.000381s ]
INFO: [ app_begin ] --START--
INFO: Run Behavior\ReadHtmlCacheBehavior [ RunTime:0.000642s ]
INFO: [ app_begin ] --END-- [ RunTime:0.000691s ]
NOTIC: [8] Undefined index: savename F:\WAMP\apache\htdocs\ershou\Apps\Admin\Controller\IndexController.class.php 第 84 行.
SQL: SHOW COLUMNS FROM `tp_goods` [ RunTime:0.0140s ]
ERR: SQLSTATE[HY000]: General error: 1364 Field 'picsrc' doesn't have a default value

[ 2015-02-18T23:51:17+08:00 ] ::1 /ershou/index.php/Admin/Index/insert
INFO: [ app_init ] --START--
INFO: Run Behavior\BuildLiteBehavior [ RunTime:0.000016s ]
INFO: [ app_init ] --END-- [ RunTime:0.000432s ]
INFO: [ app_begin ] --START--
INFO: Run Behavior\ReadHtmlCacheBehavior [ RunTime:0.000743s ]
INFO: [ app_begin ] --END-- [ RunTime:0.000793s ]
NOTIC: [8] Undefined index: savename F:\WAMP\apache\htdocs\ershou\Apps\Admin\Controller\IndexController.class.php 第 84 行.
SQL: SHOW COLUMNS FROM `tp_goods` [ RunTime:0.0081s ]
SQL: INSERT INTO `tp_goods` (`picsrc`,`picname`,`name`,`type`,`price`,`describe`,`bargain`,`trading`,`seller`,`qq`,`phone`,`creat_time`,`last_time`,`end_time`) VALUES ('/Public/uploadfile/1/1424274676/','0','1','1','1','1','1','12','1','1','1','2015-02-18','2015-02-18','2015-03-20') [ RunTime:0.0006s ]
INFO: [ view_parse ] --START--
INFO: [ template_filter ] --START--
INFO: Run Behavior\ContentReplaceBehavior [ RunTime:0.000066s ]
INFO: [ template_filter ] --END-- [ RunTime:0.000183s ]
INFO: Run Behavior\ParseTemplateBehavior [ RunTime:0.027513s ]
INFO: [ view_parse ] --END-- [ RunTime:0.027662s ]
INFO: [ view_filter ] --START--
INFO: Run Behavior\WriteHtmlCacheBehavior [ RunTime:0.001111s ]
INFO: [ view_filter ] --END-- [ RunTime:0.001220s ]
INFO: [ app_end ] --START--
INFO: Run Behavior\ShowPageTraceBehavior [ RunTime:0.001569s ]
INFO: [ app_end ] --END-- [ RunTime:0.001673s ]

[ 2015-02-18T23:51:47+08:00 ] ::1 /ershou/index.php/Admin/Index/insert
INFO: [ app_init ] --START--
INFO: Run Behavior\BuildLiteBehavior [ RunTime:0.000015s ]
INFO: [ app_init ] --END-- [ RunTime:0.000412s ]
INFO: [ app_begin ] --START--
INFO: Run Behavior\ReadHtmlCacheBehavior [ RunTime:0.000661s ]
INFO: [ app_begin ] --END-- [ RunTime:0.000720s ]
NOTIC: [8] Undefined index: savename F:\WAMP\apache\htdocs\ershou\Apps\Admin\Controller\IndexController.class.php 第 84 行.
SQL: SHOW COLUMNS FROM `tp_goods` [ RunTime:0.0062s ]
SQL: INSERT INTO `tp_goods` (`picsrc`,`picname`,`name`,`type`,`price`,`describe`,`bargain`,`trading`,`seller`,`qq`,`phone`,`creat_time`,`last_time`,`end_time`) VALUES ('/Public/uploadfile/1/1424274706/','0','1','1','1','1','1','12','1','1','1','2015-02-18','2015-02-18','2015-03-20') [ RunTime:0.0005s ]
INFO: [ view_parse ] --START--
INFO: [ template_filter ] --START--
INFO: Run Behavior\ContentReplaceBehavior [ RunTime:0.000055s ]
INFO: [ template_filter ] --END-- [ RunTime:0.000162s ]
INFO: Run Behavior\ParseTemplateBehavior [ RunTime:0.012305s ]
INFO: [ view_parse ] --END-- [ RunTime:0.012413s ]
INFO: [ view_filter ] --START--
INFO: Run Behavior\WriteHtmlCacheBehavior [ RunTime:0.000905s ]
INFO: [ view_filter ] --END-- [ RunTime:0.001520s ]
INFO: [ app_end ] --START--
INFO: Run Behavior\ShowPageTraceBehavior [ RunTime:0.001268s ]
INFO: [ app_end ] --END-- [ RunTime:0.001350s ]

[ 2015-02-18T23:52:16+08:00 ] ::1 /ershou/index.php/Admin/Index/insert
INFO: [ app_init ] --START--
INFO: Run Behavior\BuildLiteBehavior [ RunTime:0.000015s ]
INFO: [ app_init ] --END-- [ RunTime:0.000393s ]
INFO: [ app_begin ] --START--
INFO: Run Behavior\ReadHtmlCacheBehavior [ RunTime:0.000997s ]
INFO: [ app_begin ] --END-- [ RunTime:0.001098s ]
NOTIC: [8] Undefined index: savename F:\WAMP\apache\htdocs\ershou\Apps\Admin\Controller\IndexController.class.php 第 84 行.
SQL: SHOW COLUMNS FROM `tp_goods` [ RunTime:0.0114s ]
SQL: INSERT INTO `tp_goods` (`picsrc`,`picname`,`name`,`type`,`price`,`describe`,`bargain`,`trading`,`seller`,`qq`,`phone`,`creat_time`,`last_time`,`end_time`) VALUES ('/Public/uploadfile/1/1424274735/','0','1','1','1','1','1','12','1','1','1','2015-02-18','2015-02-18','2015-03-20') [ RunTime:0.0022s ]
INFO: [ view_parse ] --START--
INFO: [ template_filter ] --START--
INFO: Run Behavior\ContentReplaceBehavior [ RunTime:0.000032s ]
INFO: [ template_filter ] --END-- [ RunTime:0.000091s ]
INFO: Run Behavior\ParseTemplateBehavior [ RunTime:0.015849s ]
INFO: [ view_parse ] --END-- [ RunTime:0.015947s ]
INFO: [ view_filter ] --START--
INFO: Run Behavior\WriteHtmlCacheBehavior [ RunTime:0.000404s ]
INFO: [ view_filter ] --END-- [ RunTime:0.000444s ]
INFO: [ app_end ] --START--
INFO: Run Behavior\ShowPageTraceBehavior [ RunTime:0.000694s ]
INFO: [ app_end ] --END-- [ RunTime:0.000804s ]

[ 2015-02-18T23:53:05+08:00 ] ::1 /ershou/index.php/Admin/Index/insert
INFO: [ app_init ] --START--
INFO: Run Behavior\BuildLiteBehavior [ RunTime:0.000014s ]
INFO: [ app_init ] --END-- [ RunTime:0.000451s ]
INFO: [ app_begin ] --START--
INFO: Run Behavior\ReadHtmlCacheBehavior [ RunTime:0.000685s ]
INFO: [ app_begin ] --END-- [ RunTime:0.000734s ]
NOTIC: [8] Undefined index: savename F:\WAMP\apache\htdocs\ershou\Apps\Admin\Controller\IndexController.class.php 第 84 行.
SQL: SHOW COLUMNS FROM `tp_goods` [ RunTime:0.0115s ]
SQL: INSERT INTO `tp_goods` (`picsrc`,`picname`,`name`,`type`,`price`,`describe`,`bargain`,`trading`,`seller`,`qq`,`phone`,`creat_time`,`last_time`,`end_time`) VALUES ('/Public/uploadfile/1/1424274784/','0','1','1','1','1','1','12','1','1','1','2015-02-18','2015-02-18','2015-03-20') [ RunTime:0.0007s ]
INFO: [ view_parse ] --START--
INFO: [ template_filter ] --START--
INFO: Run Behavior\ContentReplaceBehavior [ RunTime:0.000033s ]
INFO: [ template_filter ] --END-- [ RunTime:0.000102s ]
INFO: Run Behavior\ParseTemplateBehavior [ RunTime:0.013784s ]
INFO: [ view_parse ] --END-- [ RunTime:0.013875s ]
INFO: [ view_filter ] --START--
INFO: Run Behavior\WriteHtmlCacheBehavior [ RunTime:0.000533s ]
INFO: [ view_filter ] --END-- [ RunTime:0.000575s ]
INFO: [ app_end ] --START--
INFO: Run Behavior\ShowPageTraceBehavior [ RunTime:0.000727s ]
INFO: [ app_end ] --END-- [ RunTime:0.000770s ]

[ 2015-02-18T23:54:11+08:00 ] ::1 /ershou/index.php/Admin/Index/insert
INFO: [ app_init ] --START--
INFO: Run Behavior\BuildLiteBehavior [ RunTime:0.000016s ]
INFO: [ app_init ] --END-- [ RunTime:0.000532s ]
INFO: [ app_begin ] --START--
INFO: Run Behavior\ReadHtmlCacheBehavior [ RunTime:0.000709s ]
INFO: [ app_begin ] --END-- [ RunTime:0.000769s ]
NOTIC: [8] Undefined index: savename F:\WAMP\apache\htdocs\ershou\Apps\Admin\Controller\IndexController.class.php 第 84 行.
SQL: SHOW COLUMNS FROM `tp_goods` [ RunTime:0.0099s ]
SQL: INSERT INTO `tp_goods` (`picsrc`,`picname`,`name`,`type`,`price`,`describe`,`bargain`,`trading`,`seller`,`qq`,`phone`,`creat_time`,`last_time`,`end_time`) VALUES ('/Public/uploadfile/1/1424274850/','0','1','1','1','1','1','12','1','1','1','2015-02-18','2015-02-18','2015-03-20') [ RunTime:0.0008s ]
INFO: [ view_parse ] --START--
INFO: [ template_filter ] --START--
INFO: Run Behavior\ContentReplaceBehavior [ RunTime:0.000089s ]
INFO: [ template_filter ] --END-- [ RunTime:0.000258s ]
INFO: Run Behavior\ParseTemplateBehavior [ RunTime:0.055860s ]
INFO: [ view_parse ] --END-- [ RunTime:0.055983s ]
INFO: [ view_filter ] --START--
INFO: Run Behavior\WriteHtmlCacheBehavior [ RunTime:0.000698s ]
INFO: [ view_filter ] --END-- [ RunTime:0.000760s ]
INFO: [ app_end ] --START--
INFO: Run Behavior\ShowPageTraceBehavior [ RunTime:0.001052s ]
INFO: [ app_end ] --END-- [ RunTime:0.001117s ]

[ 2015-02-18T23:54:37+08:00 ] ::1 /ershou/index.php/Admin/Index/insert
INFO: [ app_init ] --START--
INFO: Run Behavior\BuildLiteBehavior [ RunTime:0.000015s ]
INFO: [ app_init ] --END-- [ RunTime:0.000422s ]
INFO: [ app_begin ] --START--
INFO: Run Behavior\ReadHtmlCacheBehavior [ RunTime:0.000771s ]
INFO: [ app_begin ] --END-- [ RunTime:0.000825s ]
NOTIC: [8] Undefined index: savename F:\WAMP\apache\htdocs\ershou\Apps\Admin\Controller\IndexController.class.php 第 85 行.
SQL: SHOW COLUMNS FROM `tp_goods` [ RunTime:0.0100s ]
SQL: INSERT INTO `tp_goods` (`picsrc`,`picname`,`name`,`type`,`price`,`describe`,`bargain`,`trading`,`seller`,`qq`,`phone`,`creat_time`,`last_time`,`end_time`) VALUES ('/Public/uploadfile/1/1424274876/','0','1','1','1','1','1','12','1','1','1','2015-02-18','2015-02-18','2015-03-20') [ RunTime:0.0007s ]
INFO: [ view_parse ] --START--
INFO: [ template_filter ] --START--
INFO: Run Behavior\ContentReplaceBehavior [ RunTime:0.000029s ]
INFO: [ template_filter ] --END-- [ RunTime:0.000085s ]
INFO: Run Behavior\ParseTemplateBehavior [ RunTime:0.012941s ]
INFO: [ view_parse ] --END-- [ RunTime:0.013029s ]
INFO: [ view_filter ] --START--
INFO: Run Behavior\WriteHtmlCacheBehavior [ RunTime:0.000472s ]
INFO: [ view_filter ] --END-- [ RunTime:0.000512s ]
INFO: [ app_end ] --START--
INFO: Run Behavior\ShowPageTraceBehavior [ RunTime:0.000771s ]
INFO: [ app_end ] --END-- [ RunTime:0.000814s ]

[ 2015-02-18T23:55:20+08:00 ] ::1 /ershou/index.php/Admin/Index/insert
INFO: [ app_init ] --START--
INFO: Run Behavior\BuildLiteBehavior [ RunTime:0.000015s ]
INFO: [ app_init ] --END-- [ RunTime:0.000419s ]
INFO: [ app_begin ] --START--
INFO: Run Behavior\ReadHtmlCacheBehavior [ RunTime:0.000645s ]
INFO: [ app_begin ] --END-- [ RunTime:0.000695s ]
NOTIC: [8] Undefined index: savename F:\WAMP\apache\htdocs\ershou\Apps\Admin\Controller\IndexController.class.php 第 85 行.
SQL: SHOW COLUMNS FROM `tp_goods` [ RunTime:0.0092s ]
SQL: INSERT INTO `tp_goods` (`picsrc`,`picname`,`name`,`type`,`price`,`describe`,`bargain`,`trading`,`seller`,`qq`,`phone`,`creat_time`,`last_time`,`end_time`) VALUES ('/Public/uploadfile/1/1424274919/','0','1','1','1','1','1','12','1','1','1','2015-02-18','2015-02-18','2015-03-20') [ RunTime:0.0006s ]
INFO: [ view_parse ] --START--
INFO: [ template_filter ] --START--
INFO: Run Behavior\ContentReplaceBehavior [ RunTime:0.000052s ]
INFO: [ template_filter ] --END-- [ RunTime:0.000149s ]
INFO: Run Behavior\ParseTemplateBehavior [ RunTime:0.015142s ]
INFO: [ view_parse ] --END-- [ RunTime:0.015250s ]
INFO: [ view_filter ] --START--
INFO: Run Behavior\WriteHtmlCacheBehavior [ RunTime:0.000757s ]
INFO: [ view_filter ] --END-- [ RunTime:0.000829s ]
INFO: [ app_end ] --START--
INFO: Run Behavior\ShowPageTraceBehavior [ RunTime:0.001193s ]
INFO: [ app_end ] --END-- [ RunTime:0.001285s ]

[ 2015-02-18T23:55:49+08:00 ] ::1 /ershou/index.php/Admin/Index/insert
INFO: [ app_init ] --START--
INFO: Run Behavior\BuildLiteBehavior [ RunTime:0.000017s ]
INFO: [ app_init ] --END-- [ RunTime:0.000427s ]
INFO: [ app_begin ] --START--
INFO: Run Behavior\ReadHtmlCacheBehavior [ RunTime:0.000837s ]
INFO: [ app_begin ] --END-- [ RunTime:0.000903s ]
NOTIC: [8] Undefined index: savename F:\WAMP\apache\htdocs\ershou\Apps\Admin\Controller\IndexController.class.php 第 85 行.
SQL: SHOW COLUMNS FROM `tp_goods` [ RunTime:0.0049s ]
SQL: INSERT INTO `tp_goods` (`picsrc`,`picname`,`name`,`type`,`price`,`describe`,`bargain`,`trading`,`seller`,`qq`,`phone`,`creat_time`,`last_time`,`end_time`) VALUES ('/Public/uploadfile/1/1424274948/','0','1','1','1','1','1','12','1','1','1','2015-02-18','2015-02-18','2015-03-20') [ RunTime:0.0003s ]
INFO: [ view_parse ] --START--
INFO: [ template_filter ] --START--
INFO: Run Behavior\ContentReplaceBehavior [ RunTime:0.000047s ]
INFO: [ template_filter ] --END-- [ RunTime:0.000134s ]
INFO: Run Behavior\ParseTemplateBehavior [ RunTime:0.008690s ]
INFO: [ view_parse ] --END-- [ RunTime:0.008774s ]
INFO: [ view_filter ] --START--
INFO: Run Behavior\WriteHtmlCacheBehavior [ RunTime:0.001069s ]
INFO: [ view_filter ] --END-- [ RunTime:0.001175s ]
INFO: [ app_end ] --START--
INFO: Run Behavior\ShowPageTraceBehavior [ RunTime:0.001067s ]
INFO: [ app_end ] --END-- [ RunTime:0.001134s ]

[ 2015-02-18T23:56:04+08:00 ] ::1 /ershou/index.php/Admin/Index/insert
INFO: [ app_init ] --START--
INFO: Run Behavior\BuildLiteBehavior [ RunTime:0.000014s ]
INFO: [ app_init ] --END-- [ RunTime:0.000389s ]
INFO: [ app_begin ] --START--
INFO: Run Behavior\ReadHtmlCacheBehavior [ RunTime:0.000700s ]
INFO: [ app_begin ] --END-- [ RunTime:0.000748s ]
NOTIC: [8] Undefined index: savename F:\WAMP\apache\htdocs\ershou\Apps\Admin\Controller\IndexController.class.php 第 85 行.
NOTIC: [8] Undefined index: savename F:\WAMP\apache\htdocs\ershou\Apps\Admin\Controller\IndexController.class.php 第 85 行.
SQL: SHOW COLUMNS FROM `tp_goods` [ RunTime:0.0112s ]
SQL: INSERT INTO `tp_goods` (`picsrc`,`picname`,`name`,`type`,`price`,`describe`,`bargain`,`trading`,`seller`,`qq`,`phone`,`creat_time`,`last_time`,`end_time`) VALUES ('/Public/uploadfile/1/1424274963/','0','1','1','1','1','1','12','1','1','1','2015-02-18','2015-02-18','2015-03-20') [ RunTime:0.0006s ]
INFO: [ view_parse ] --START--
INFO: [ template_filter ] --START--
INFO: Run Behavior\ContentReplaceBehavior [ RunTime:0.000084s ]
INFO: [ template_filter ] --END-- [ RunTime:0.000819s ]
INFO: Run Behavior\ParseTemplateBehavior [ RunTime:0.018053s ]
INFO: [ view_parse ] --END-- [ RunTime:0.018195s ]
INFO: [ view_filter ] --START--
INFO: Run Behavior\WriteHtmlCacheBehavior [ RunTime:0.002457s ]
INFO: [ view_filter ] --END-- [ RunTime:0.002592s ]
INFO: [ app_end ] --START--
INFO: Run Behavior\ShowPageTraceBehavior [ RunTime:0.001873s ]
INFO: [ app_end ] --END-- [ RunTime:0.001999s ]

[ 2015-02-18T23:56:57+08:00 ] ::1 /ershou/index.php/Admin/Index/insert
INFO: [ app_init ] --START--
INFO: Run Behavior\BuildLiteBehavior [ RunTime:0.000014s ]
INFO: [ app_init ] --END-- [ RunTime:0.000457s ]
INFO: [ app_begin ] --START--
INFO: Run Behavior\ReadHtmlCacheBehavior [ RunTime:0.000679s ]
INFO: [ app_begin ] --END-- [ RunTime:0.000737s ]
NOTIC: [8] Undefined index: savename F:\WAMP\apache\htdocs\ershou\Apps\Admin\Controller\IndexController.class.php 第 85 行.
NOTIC: [8] Undefined index: savename F:\WAMP\apache\htdocs\ershou\Apps\Admin\Controller\IndexController.class.php 第 85 行.
SQL: SHOW COLUMNS FROM `tp_goods` [ RunTime:0.0109s ]
SQL: INSERT INTO `tp_goods` (`picsrc`,`picname`,`name`,`type`,`price`,`describe`,`bargain`,`trading`,`seller`,`qq`,`phone`,`creat_time`,`last_time`,`end_time`) VALUES ('/Public/uploadfile/1/1424275015/','0','1','1','1','1','1','12','1','1','1','2015-02-18','2015-02-18','2015-03-20') [ RunTime:0.0013s ]
INFO: [ view_parse ] --START--
INFO: [ template_filter ] --START--
INFO: Run Behavior\ContentReplaceBehavior [ RunTime:0.000045s ]
INFO: [ template_filter ] --END-- [ RunTime:0.000132s ]
INFO: Run Behavior\ParseTemplateBehavior [ RunTime:0.019378s ]
INFO: [ view_parse ] --END-- [ RunTime:0.019572s ]
INFO: [ view_filter ] --START--
INFO: Run Behavior\WriteHtmlCacheBehavior [ RunTime:0.000765s ]
INFO: [ view_filter ] --END-- [ RunTime:0.000839s ]
INFO: [ app_end ] --START--
INFO: Run Behavior\ShowPageTraceBehavior [ RunTime:0.001149s ]
INFO: [ app_end ] --END-- [ RunTime:0.001221s ]

